Log file open, 08/24/20 18:00:43
LogInit: Display: Running engine for game: Envision
LogPlatformFile: Not using cached read wrapper
LogTaskGraph: Started task graph with 5 named threads and 35 total threads with 3 sets of task threads.
LogStats: Stats thread started at 1.735712
LogD3D11RHI: Loaded GFSDK_Aftermath_Lib.x64.dll
LogICUInternationalization: ICU TimeZone Detection - Raw Offset: -5:00, Platform Override: ''
LogPluginManager: Mounting plugin Paper2D
LogPluginManager: Mounting plugin AISupport
LogPluginManager: Mounting plugin LightPropagationVolume
LogPluginManager: Mounting plugin CameraShakePreviewer
LogPluginManager: Mounting plugin ActorLayerUtilities
LogPluginManager: Mounting plugin AnimationSharing
LogPluginManager: Mounting plugin CLionSourceCodeAccess
LogPluginManager: Mounting plugin CodeLiteSourceCodeAccess
LogPluginManager: Mounting plugin GitSourceControl
LogPluginManager: Mounting plugin KDevelopSourceCodeAccess
LogPluginManager: Mounting plugin NullSourceCodeAccess
LogPluginManager: Mounting plugin PerforceSourceControl
LogPluginManager: Mounting plugin PlasticSourceControl
LogPluginManager: Mounting plugin RiderSourceCodeAccess
LogPluginManager: Mounting plugin SubversionSourceControl
LogPluginManager: Mounting plugin UObjectPlugin
LogPluginManager: Mounting plugin VisualStudioCodeSourceCodeAccess
LogPluginManager: Mounting plugin VisualStudioSourceCodeAccess
LogPluginManager: Mounting plugin XCodeSourceCodeAccess
LogPluginManager: Mounting plugin AssetManagerEditor
LogPluginManager: Mounting plugin CryptoKeys
LogPluginManager: Mounting plugin CurveEditorTools
LogPluginManager: Mounting plugin DataValidation
LogPluginManager: Mounting plugin EditorScriptingUtilities
LogPluginManager: Mounting plugin FacialAnimation
LogPluginManager: Mounting plugin GameplayTagsEditor
LogPluginManager: Mounting plugin GeometryMode
LogPluginManager: Mounting plugin MacGraphicsSwitching
LogPluginManager: Mounting plugin MaterialAnalyzer
LogPluginManager: Mounting plugin MobileLauncherProfileWizard
LogPluginManager: Mounting plugin PluginBrowser
LogPluginManager: Mounting plugin SpeedTreeImporter
LogPluginManager: Mounting plugin DatasmithContent
LogPluginManager: Mounting plugin VariantManagerContent
LogPluginManager: Mounting plugin AlembicImporter
LogPluginManager: Mounting plugin AutomationUtils
LogPluginManager: Mounting plugin BackChannel
LogPluginManager: Mounting plugin ChaosCloth
LogPluginManager: Mounting plugin ChaosClothEditor
LogPluginManager: Mounting plugin ChaosEditor
LogPluginManager: Mounting plugin ChaosNiagara
LogPluginManager: Mounting plugin ChaosSolverPlugin
LogPluginManager: Mounting plugin CharacterAI
LogPluginManager: Mounting plugin GeometryCache
LogPluginManager: Mounting plugin GeometryCollectionPlugin
LogPluginManager: Mounting plugin GeometryProcessing
LogPluginManager: Mounting plugin PlanarCut
LogPluginManager: Mounting plugin PlatformCrypto
LogPluginManager: Mounting plugin ProxyLODPlugin
LogPluginManager: Mounting plugin SkeletalReduction
LogPluginManager: Mounting plugin Niagara
LogPluginManager: Mounting plugin MagicLeap
LogPluginManager: Mounting plugin MagicLeapLightEstimation
LogPluginManager: Mounting plugin MagicLeapMedia
LogPluginManager: Mounting plugin MagicLeapPassableWorld
LogPluginManager: Mounting plugin MLSDK
LogPluginManager: Mounting plugin AndroidMedia
LogPluginManager: Mounting plugin AvfMedia
LogPluginManager: Mounting plugin ImgMedia
LogPluginManager: Mounting plugin MediaCompositing
LogPluginManager: Mounting plugin MediaPlayerEditor
LogPluginManager: Mounting plugin WebMMedia
LogPluginManager: Mounting plugin WmfMedia
LogPluginManager: Mounting plugin MeshPainting
LogPluginManager: Mounting plugin TcpMessaging
LogPluginManager: Mounting plugin UdpMessaging
LogPluginManager: Mounting plugin ActorSequence
LogPluginManager: Mounting plugin LevelSequenceEditor
LogPluginManager: Mounting plugin MatineeToLevelSequence
LogPluginManager: Mounting plugin MovieRenderPipeline
LogPluginManager: Mounting plugin TemplateSequence
LogPluginManager: Mounting plugin NetcodeUnitTest
LogPluginManager: Mounting plugin NUTUnrealEngine4
LogPluginManager: Mounting plugin OnlineSubsystemGooglePlay
LogPluginManager: Mounting plugin OnlineSubsystemIOS
LogPluginManager: Mounting plugin OnlineSubsystem
LogPluginManager: Mounting plugin OnlineSubsystemNull
LogPluginManager: Mounting plugin OnlineSubsystemUtils
LogPluginManager: Mounting plugin LauncherChunkInstaller
LogPluginManager: Mounting plugin AndroidDeviceProfileSelector
LogPluginManager: Mounting plugin AndroidMoviePlayer
LogPluginManager: Mounting plugin AndroidPermission
LogPluginManager: Mounting plugin AppleImageUtils
LogPluginManager: Mounting plugin AppleMoviePlayer
LogPluginManager: Mounting plugin ArchVisCharacter
LogPluginManager: Mounting plugin AssetTags
LogPluginManager: Mounting plugin AudioCapture
LogPluginManager: Mounting plugin CableComponent
LogPluginManager: Mounting plugin CustomMeshComponent
LogPluginManager: Mounting plugin EditableMesh
LogPluginManager: Mounting plugin ExampleDeviceProfileSelector
LogPluginManager: Mounting plugin GoogleCloudMessaging
LogPluginManager: Mounting plugin GooglePAD
LogPluginManager: Mounting plugin IOSDeviceProfileSelector
LogPluginManager: Mounting plugin LinuxDeviceProfileSelector
LogPluginManager: Mounting plugin LocationServicesBPLibrary
LogPluginManager: Mounting plugin MobilePatchingUtils
LogPluginManager: Mounting plugin OculusVR
LogPluginManager: Mounting plugin PhysXVehicles
LogPluginManager: Mounting plugin PostSplashScreen
LogPluginManager: Mounting plugin ProceduralMeshComponent
LogPluginManager: Mounting plugin RuntimePhysXCooking
LogPluginManager: Mounting plugin SignificanceManager
LogPluginManager: Mounting plugin SoundFields
LogPluginManager: Mounting plugin SteamVR
LogPluginManager: Mounting plugin Synthesis
LogPluginManager: Mounting plugin WebMMoviePlayer
LogPluginManager: Mounting plugin WindowsMoviePlayer
LogPluginManager: Mounting plugin ScreenshotTools
LogInit: Using libcurl 7.55.1-DEV
LogInit:  - built for x86_64-pc-win32
LogInit:  - supports SSL with OpenSSL/1.1.1
LogInit:  - supports HTTP deflate (compression) using libz 1.2.8
LogInit:  - other features:
LogInit:      CURL_VERSION_SSL
LogInit:      CURL_VERSION_LIBZ
LogInit:      CURL_VERSION_IPV6
LogInit:      CURL_VERSION_ASYNCHDNS
LogInit:      CURL_VERSION_LARGEFILE
LogInit:      CURL_VERSION_IDN
LogInit:  CurlRequestOptions (configurable via config and command line):
LogInit:  - bVerifyPeer = true  - Libcurl will verify peer certificate
LogInit:  - bUseHttpProxy = false  - Libcurl will NOT use HTTP proxy
LogInit:  - bDontReuseConnections = false  - Libcurl will reuse connections
LogInit:  - MaxHostConnections = 16  - Libcurl will limit the number of connections to a host
LogInit:  - LocalHostAddr = Default
LogInit:  - BufferSize = 65536
LogOnline: OSS: Creating online subsystem instance for: NULL
LogInit: WinSock: version 1.1 (2.2), MaxSocks=32767, MaxUdp=65467
LogOnline: OSS: TryLoadSubsystemAndSetDefault: Loaded subsystem for module [NULL]
LogOculusPluginWrapper: OculusPlugin initialized successfully
LogHMD: Failed initializing OVRPlugin 1.44.0
LogInit: Build: ++UE4+Release-4.25-CL-13594126
LogInit: Engine Version: 4.25.1-13594126+++UE4+Release-4.25
LogInit: Compatible Engine Version: 4.25.0-13144385+++UE4+Release-4.25
LogInit: Net CL: 13144385
LogInit: OS: Windows 10 (Release 1909) (), CPU: Intel(R) Core(TM) i7-5820K CPU @ 3.30GHz, GPU: NVIDIA GeForce GTX 1060 6GB
LogInit: Compiled (64-bit): Jun  2 2020 02:10:36
LogInit: Compiled with Visual C++: 19.24.28315.00
LogInit: Build Configuration: Development
LogInit: Branch Name: ++UE4+Release-4.25
LogInit: Command Line: 
LogInit: Base Directory: D:/UE_4.25/Engine/Binaries/Win64/
LogInit: Allocator: TBB
LogInit: Installed Engine Build: 1
LogDevObjectVersion: Number of dev versions registered: 26
LogDevObjectVersion:   Dev-Blueprints (B0D832E4-1F89-4F0D-ACCF-7EB736FD4AA2): 10
LogDevObjectVersion:   Dev-Build (E1C64328-A22C-4D53-A36C-8E866417BD8C): 0
LogDevObjectVersion:   Dev-Core (375EC13C-06E4-48FB-B500-84F0262A717E): 4
LogDevObjectVersion:   Dev-Editor (E4B068ED-F494-42E9-A231-DA0B2E46BB41): 38
LogDevObjectVersion:   Dev-Framework (CFFC743F-43B0-4480-9391-14DF171D2073): 37
LogDevObjectVersion:   Dev-Mobile (B02B49B5-BB20-44E9-A304-32B752E40360): 2
LogDevObjectVersion:   Dev-Networking (A4E4105C-59A1-49B5-A7C5-40C4547EDFEE): 0
LogDevObjectVersion:   Dev-Online (39C831C9-5AE6-47DC-9A44-9C173E1C8E7C): 0
LogDevObjectVersion:   Dev-Physics (78F01B33-EBEA-4F98-B9B4-84EACCB95AA2): 4
LogDevObjectVersion:   Dev-Platform (6631380F-2D4D-43E0-8009-CF276956A95A): 0
LogDevObjectVersion:   Dev-Rendering (12F88B9F-8875-4AFC-A67C-D90C383ABD29): 43
LogDevObjectVersion:   Dev-Sequencer (7B5AE74C-D270-4C10-A958-57980B212A5A): 12
LogDevObjectVersion:   Dev-VR (D7296918-1DD6-4BDD-9DE2-64A83CC13884): 3
LogDevObjectVersion:   Dev-LoadTimes (C2A15278-BFE7-4AFE-6C17-90FF531DF755): 1
LogDevObjectVersion:   Private-Geometry (6EACA3D4-40EC-4CC1-B786-8BED09428FC5): 3
LogDevObjectVersion:   Dev-AnimPhys (29E575DD-E0A3-4627-9D10-D276232CDCEA): 17
LogDevObjectVersion:   Dev-Anim (AF43A65D-7FD3-4947-9873-3E8ED9C1BB05): 7
LogDevObjectVersion:   Dev-ReflectionCapture (6B266CEC-1EC7-4B8F-A30B-E4D90942FC07): 1
LogDevObjectVersion:   Dev-Automation (0DF73D61-A23F-47EA-B727-89E90C41499A): 1
LogDevObjectVersion:   FortniteMain (601D1886-AC64-4F84-AA16-D3DE0DEAC7D6): 31
LogDevObjectVersion:   Dev-Enterprise (9DFFBCD6-494F-0158-E221-12823C92A888): 10
LogDevObjectVersion:   Dev-Niagara (F2AED0AC-9AFE-416F-8664-AA7FFA26D6FC): 1
LogDevObjectVersion:   Dev-Destruction (174F1F0B-B4C6-45A5-B13F-2EE8D0FB917D): 10
LogDevObjectVersion:   Dev-Physics-Ext (35F94A83-E258-406C-A318-09F59610247C): 37
LogDevObjectVersion:   Dev-PhysicsMaterial-Chaos (B68FC16E-8B1B-42E2-B453-215C058844FE): 1
LogDevObjectVersion:   Dev-CineCamera (B2E18506-4273-CFC2-A54E-F4BB758BBA07): 1
LogInit: Presizing for max 25165824 objects, including 0 objects not considered by GC, pre-allocating 0 bytes for permanent pool.
LogConfig: Applying CVar settings from Section [/Script/Engine.StreamingSettings] File [D:/School/Ferris/Capstone/Envision/Envision/Saved/Config/Windows/Engine.ini]
LogConfig: Setting CVar [[s.MinBulkDataSizeForAsyncLoading:131072]]
LogConfig: Setting CVar [[s.AsyncLoadingThreadEnabled:0]]
LogConfig: Setting CVar [[s.EventDrivenLoaderEnabled:1]]
LogConfig: Setting CVar [[s.WarnIfTimeLimitExceeded:0]]
LogConfig: Setting CVar [[s.TimeLimitExceededMultiplier:1.5]]
LogConfig: Setting CVar [[s.TimeLimitExceededMinTime:0.005]]
LogConfig: Setting CVar [[s.UseBackgroundLevelStreaming:1]]
LogConfig: Setting CVar [[s.PriorityAsyncLoadingExtraTime:15.0]]
LogConfig: Setting CVar [[s.LevelStreamingActorsUpdateTimeLimit:5.0]]
LogConfig: Setting CVar [[s.PriorityLevelStreamingActorsUpdateExtraTime:5.0]]
LogConfig: Setting CVar [[s.LevelStreamingComponentsRegistrationGranularity:10]]
LogConfig: Setting CVar [[s.UnregisterComponentsTimeLimit:1.0]]
LogConfig: Setting CVar [[s.LevelStreamingComponentsUnregistrationGranularity:5]]
LogConfig: Setting CVar [[s.FlushStreamingOnExit:1]]
LogInit: Object subsystem initialized
LogConfig: Setting CVar [[con.DebugEarlyDefault:1]]
LogConfig: Setting CVar [[r.setres:1280x720]]
[2020.08.24-22.00.44:839][  0]LogConfig: Setting CVar [[r.VSync:0]]
[2020.08.24-22.00.44:839][  0]LogConfig: Setting CVar [[r.RHICmdBypass:0]]
[2020.08.24-22.00.44:839][  0]LogConfig: Applying CVar settings from Section [/Script/Engine.RendererSettings] File [D:/School/Ferris/Capstone/Envision/Envision/Saved/Config/Windows/Engine.ini]
[2020.08.24-22.00.44:839][  0]LogConfig: Setting CVar [[r.GPUCrashDebugging:0]]
[2020.08.24-22.00.44:839][  0]LogConfig: Applying CVar settings from Section [/Script/Engine.RendererOverrideSettings] File [D:/School/Ferris/Capstone/Envision/Envision/Saved/Config/Windows/Engine.ini]
[2020.08.24-22.00.44:839][  0]LogConfig: Applying CVar settings from Section [/Script/Engine.StreamingSettings] File [D:/School/Ferris/Capstone/Envision/Envision/Saved/Config/Windows/Engine.ini]
[2020.08.24-22.00.44:839][  0]LogConfig: Setting CVar [[s.MinBulkDataSizeForAsyncLoading:131072]]
[2020.08.24-22.00.44:839][  0]LogConfig: Setting CVar [[s.AsyncLoadingThreadEnabled:0]]
[2020.08.24-22.00.44:839][  0]LogConfig: Setting CVar [[s.EventDrivenLoaderEnabled:1]]
[2020.08.24-22.00.44:839][  0]LogConfig: Setting CVar [[s.WarnIfTimeLimitExceeded:0]]
[2020.08.24-22.00.44:839][  0]LogConfig: Setting CVar [[s.TimeLimitExceededMultiplier:1.5]]
[2020.08.24-22.00.44:839][  0]LogConfig: Setting CVar [[s.TimeLimitExceededMinTime:0.005]]
[2020.08.24-22.00.44:839][  0]LogConfig: Setting CVar [[s.UseBackgroundLevelStreaming:1]]
[2020.08.24-22.00.44:839][  0]LogConfig: Setting CVar [[s.PriorityAsyncLoadingExtraTime:15.0]]
[2020.08.24-22.00.44:839][  0]LogConfig: Setting CVar [[s.LevelStreamingActorsUpdateTimeLimit:5.0]]
[2020.08.24-22.00.44:839][  0]LogConfig: Setting CVar [[s.PriorityLevelStreamingActorsUpdateExtraTime:5.0]]
[2020.08.24-22.00.44:839][  0]LogConfig: Setting CVar [[s.LevelStreamingComponentsRegistrationGranularity:10]]
[2020.08.24-22.00.44:839][  0]LogConfig: Setting CVar [[s.UnregisterComponentsTimeLimit:1.0]]
[2020.08.24-22.00.44:839][  0]LogConfig: Setting CVar [[s.LevelStreamingComponentsUnregistrationGranularity:5]]
[2020.08.24-22.00.44:839][  0]LogConfig: Setting CVar [[s.FlushStreamingOnExit:1]]
[2020.08.24-22.00.44:839][  0]LogConfig: Applying CVar settings from Section [/Script/Engine.GarbageCollectionSettings] File [D:/School/Ferris/Capstone/Envision/Envision/Saved/Config/Windows/Engine.ini]
[2020.08.24-22.00.44:839][  0]LogConfig: Setting CVar [[gc.MaxObjectsNotConsideredByGC:1]]
[2020.08.24-22.00.44:839][  0]LogConfig: Setting CVar [[gc.SizeOfPermanentObjectPool:0]]
[2020.08.24-22.00.44:839][  0]LogConfig: Setting CVar [[gc.FlushStreamingOnGC:0]]
[2020.08.24-22.00.44:839][  0]LogConfig: Setting CVar [[gc.NumRetriesBeforeForcingGC:10]]
[2020.08.24-22.00.44:839][  0]LogConfig: Setting CVar [[gc.AllowParallelGC:1]]
[2020.08.24-22.00.44:839][  0]LogConfig: Setting CVar [[gc.TimeBetweenPurgingPendingKillObjects:61.1]]
[2020.08.24-22.00.44:839][  0]LogConfig: Setting CVar [[gc.MaxObjectsInEditor:25165824]]
[2020.08.24-22.00.44:839][  0]LogConfig: Setting CVar [[gc.IncrementalBeginDestroyEnabled:1]]
[2020.08.24-22.00.44:839][  0]LogConfig: Setting CVar [[gc.CreateGCClusters:1]]
[2020.08.24-22.00.44:839][  0]LogConfig: Setting CVar [[gc.MinGCClusterSize:5]]
[2020.08.24-22.00.44:839][  0]LogConfig: Setting CVar [[gc.ActorClusteringEnabled:0]]
[2020.08.24-22.00.44:840][  0]LogConfig: Setting CVar [[gc.BlueprintClusteringEnabled:0]]
[2020.08.24-22.00.44:840][  0]LogConfig: Setting CVar [[gc.UseDisregardForGCOnDedicatedServers:0]]
[2020.08.24-22.00.44:840][  0]LogConfig: Applying CVar settings from Section [/Script/Engine.NetworkSettings] File [D:/School/Ferris/Capstone/Envision/Envision/Saved/Config/Windows/Engine.ini]
[2020.08.24-22.00.44:840][  0]LogConfig: Applying CVar settings from Section [/Script/UnrealEd.CookerSettings] File [D:/School/Ferris/Capstone/Envision/Envision/Saved/Config/Windows/Engine.ini]
[2020.08.24-22.00.44:856][  0]LogConfig: Applying CVar settings from Section [ViewDistanceQuality@3] File [D:/School/Ferris/Capstone/Envision/Envision/Saved/Config/Windows/Scalability.ini]
[2020.08.24-22.00.44:856][  0]LogConfig: Setting CVar [[r.SkeletalMeshLODBias:0]]
[2020.08.24-22.00.44:856][  0]LogConfig: Setting CVar [[r.ViewDistanceScale:1.0]]
[2020.08.24-22.00.44:856][  0]LogConfig: Applying CVar settings from Section [AntiAliasingQuality@3] File [D:/School/Ferris/Capstone/Envision/Envision/Saved/Config/Windows/Scalability.ini]
[2020.08.24-22.00.44:856][  0]LogConfig: Setting CVar [[r.PostProcessAAQuality:4]]
[2020.08.24-22.00.44:856][  0]LogConfig: Applying CVar settings from Section [ShadowQuality@3] File [D:/School/Ferris/Capstone/Envision/Envision/Saved/Config/Windows/Scalability.ini]
[2020.08.24-22.00.44:856][  0]LogConfig: Setting CVar [[r.LightFunctionQuality:1]]
[2020.08.24-22.00.44:856][  0]LogConfig: Setting CVar [[r.ShadowQuality:5]]
[2020.08.24-22.00.44:856][  0]LogConfig: Setting CVar [[r.Shadow.CSM.MaxCascades:10]]
[2020.08.24-22.00.44:856][  0]LogConfig: Setting CVar [[r.Shadow.MaxResolution:2048]]
[2020.08.24-22.00.44:856][  0]LogConfig: Setting CVar [[r.Shadow.MaxCSMResolution:2048]]
[2020.08.24-22.00.44:856][  0]LogConfig: Setting CVar [[r.Shadow.RadiusThreshold:0.01]]
[2020.08.24-22.00.44:856][  0]LogConfig: Setting CVar [[r.Shadow.DistanceScale:1.0]]
[2020.08.24-22.00.44:856][  0]LogConfig: Setting CVar [[r.Shadow.CSM.TransitionScale:1.0]]
[2020.08.24-22.00.44:856][  0]LogConfig: Setting CVar [[r.Shadow.PreShadowResolutionFactor:1.0]]
[2020.08.24-22.00.44:856][  0]LogConfig: Setting CVar [[r.DistanceFieldShadowing:1]]
[2020.08.24-22.00.44:856][  0]LogConfig: Setting CVar [[r.DistanceFieldAO:1]]
[2020.08.24-22.00.44:856][  0]LogConfig: Setting CVar [[r.AOQuality:2]]
[2020.08.24-22.00.44:856][  0]LogConfig: Setting CVar [[r.VolumetricFog:1]]
[2020.08.24-22.00.44:856][  0]LogConfig: Setting CVar [[r.VolumetricFog.GridPixelSize:8]]
[2020.08.24-22.00.44:856][  0]LogConfig: Setting CVar [[r.VolumetricFog.GridSizeZ:128]]
[2020.08.24-22.00.44:856][  0]LogConfig: Setting CVar [[r.VolumetricFog.HistoryMissSupersampleCount:4]]
[2020.08.24-22.00.44:856][  0]LogConfig: Setting CVar [[r.LightMaxDrawDistanceScale:1]]
[2020.08.24-22.00.44:856][  0]LogConfig: Setting CVar [[r.CapsuleShadows:1]]
[2020.08.24-22.00.44:856][  0]LogConfig: Applying CVar settings from Section [PostProcessQuality@3] File [D:/School/Ferris/Capstone/Envision/Envision/Saved/Config/Windows/Scalability.ini]
[2020.08.24-22.00.44:857][  0]LogConfig: Setting CVar [[r.MotionBlurQuality:4]]
[2020.08.24-22.00.44:857][  0]LogConfig: Setting CVar [[r.AmbientOcclusionMipLevelFactor:0.4]]
[2020.08.24-22.00.44:857][  0]LogConfig: Setting CVar [[r.AmbientOcclusionMaxQuality:100]]
[2020.08.24-22.00.44:857][  0]LogConfig: Setting CVar [[r.AmbientOcclusionLevels:-1]]
[2020.08.24-22.00.44:857][  0]LogConfig: Setting CVar [[r.AmbientOcclusionRadiusScale:1.0]]
[2020.08.24-22.00.44:857][  0]LogConfig: Setting CVar [[r.DepthOfFieldQuality:2]]
[2020.08.24-22.00.44:857][  0]LogConfig: Setting CVar [[r.RenderTargetPoolMin:400]]
[2020.08.24-22.00.44:857][  0]LogConfig: Setting CVar [[r.LensFlareQuality:2]]
[2020.08.24-22.00.44:857][  0]LogConfig: Setting CVar [[r.SceneColorFringeQuality:1]]
[2020.08.24-22.00.44:857][  0]LogConfig: Setting CVar [[r.EyeAdaptationQuality:2]]
[2020.08.24-22.00.44:857][  0]LogConfig: Setting CVar [[r.BloomQuality:5]]
[2020.08.24-22.00.44:857][  0]LogConfig: Setting CVar [[r.FastBlurThreshold:100]]
[2020.08.24-22.00.44:857][  0]LogConfig: Setting CVar [[r.Upscale.Quality:3]]
[2020.08.24-22.00.44:857][  0]LogConfig: Setting CVar [[r.Tonemapper.GrainQuantization:1]]
[2020.08.24-22.00.44:857][  0]LogConfig: Setting CVar [[r.LightShaftQuality:1]]
[2020.08.24-22.00.44:857][  0]LogConfig: Setting CVar [[r.Filter.SizeScale:1]]
[2020.08.24-22.00.44:857][  0]LogConfig: Setting CVar [[r.Tonemapper.Quality:5]]
[2020.08.24-22.00.44:857][  0]LogConfig: Setting CVar [[r.DOF.Gather.AccumulatorQuality:1        ; higher gathering accumulator quality]]
[2020.08.24-22.00.44:857][  0]LogConfig: Setting CVar [[r.DOF.Gather.PostfilterMethod:1          ; Median3x3 postfilering method]]
[2020.08.24-22.00.44:857][  0]LogConfig: Setting CVar [[r.DOF.Gather.EnableBokehSettings:0       ; no bokeh simulation when gathering]]
[2020.08.24-22.00.44:857][  0]LogConfig: Setting CVar [[r.DOF.Gather.RingCount:4                 ; medium number of samples when gathering]]
[2020.08.24-22.00.44:857][  0]LogConfig: Setting CVar [[r.DOF.Scatter.ForegroundCompositing:1    ; additive foreground scattering]]
[2020.08.24-22.00.44:857][  0]LogConfig: Setting CVar [[r.DOF.Scatter.BackgroundCompositing:2    ; additive background scattering]]
[2020.08.24-22.00.44:857][  0]LogConfig: Setting CVar [[r.DOF.Scatter.EnableBokehSettings:1      ; bokeh simulation when scattering]]
[2020.08.24-22.00.44:857][  0]LogConfig: Setting CVar [[r.DOF.Scatter.MaxSpriteRatio:0.1         ; only a maximum of 10% of scattered bokeh]]
[2020.08.24-22.00.44:857][  0]LogConfig: Setting CVar [[r.DOF.Recombine.Quality:1                ; cheap slight out of focus]]
[2020.08.24-22.00.44:857][  0]LogConfig: Setting CVar [[r.DOF.Recombine.EnableBokehSettings:0    ; no bokeh simulation on slight out of focus]]
[2020.08.24-22.00.44:857][  0]LogConfig: Setting CVar [[r.DOF.TemporalAAQuality:1                ; more stable temporal accumulation]]
[2020.08.24-22.00.44:857][  0]LogConfig: Setting CVar [[r.DOF.Kernel.MaxForegroundRadius:0.025]]
[2020.08.24-22.00.44:857][  0]LogConfig: Setting CVar [[r.DOF.Kernel.MaxBackgroundRadius:0.025]]
[2020.08.24-22.00.44:857][  0]LogConfig: Applying CVar settings from Section [TextureQuality@3] File [D:/School/Ferris/Capstone/Envision/Envision/Saved/Config/Windows/Scalability.ini]
[2020.08.24-22.00.44:857][  0]LogConfig: Setting CVar [[r.Streaming.MipBias:0]]
[2020.08.24-22.00.44:857][  0]LogConfig: Setting CVar [[r.Streaming.AmortizeCPUToGPUCopy:0]]
[2020.08.24-22.00.44:857][  0]LogConfig: Setting CVar [[r.Streaming.MaxNumTexturesToStreamPerFrame:0]]
[2020.08.24-22.00.44:857][  0]LogConfig: Setting CVar [[r.Streaming.Boost:1]]
[2020.08.24-22.00.44:857][  0]LogConfig: Setting CVar [[r.MaxAnisotropy:8]]
[2020.08.24-22.00.44:857][  0]LogConfig: Setting CVar [[r.VT.MaxAnisotropy:8]]
[2020.08.24-22.00.44:857][  0]LogConfig: Setting CVar [[r.Streaming.LimitPoolSizeToVRAM:0]]
[2020.08.24-22.00.44:857][  0]LogConfig: Setting CVar [[r.Streaming.PoolSize:1000]]
[2020.08.24-22.00.44:857][  0]LogConfig: Setting CVar [[r.Streaming.MaxEffectiveScreenSize:0]]
[2020.08.24-22.00.44:857][  0]LogConfig: Applying CVar settings from Section [EffectsQuality@3] File [D:/School/Ferris/Capstone/Envision/Envision/Saved/Config/Windows/Scalability.ini]
[2020.08.24-22.00.44:857][  0]LogConfig: Setting CVar [[r.TranslucencyLightingVolumeDim:64]]
[2020.08.24-22.00.44:857][  0]LogConfig: Setting CVar [[r.RefractionQuality:2]]
[2020.08.24-22.00.44:857][  0]LogConfig: Setting CVar [[r.SSR.Quality:3]]
[2020.08.24-22.00.44:857][  0]LogConfig: Setting CVar [[r.SSR.HalfResSceneColor:0]]
[2020.08.24-22.00.44:857][  0]LogConfig: Setting CVar [[r.SceneColorFormat:4]]
[2020.08.24-22.00.44:857][  0]LogConfig: Setting CVar [[r.DetailMode:2]]
[2020.08.24-22.00.44:857][  0]LogConfig: Setting CVar [[r.TranslucencyVolumeBlur:1]]
[2020.08.24-22.00.44:857][  0]LogConfig: Setting CVar [[r.MaterialQualityLevel:1 ; High quality]]
[2020.08.24-22.00.44:857][  0]LogConfig: Setting CVar [[r.SSS.Scale:1]]
[2020.08.24-22.00.44:857][  0]LogConfig: Setting CVar [[r.SSS.SampleSet:2]]
[2020.08.24-22.00.44:857][  0]LogConfig: Setting CVar [[r.SSS.Quality:1]]
[2020.08.24-22.00.44:857][  0]LogConfig: Setting CVar [[r.SSS.HalfRes:0]]
[2020.08.24-22.00.44:857][  0]LogConfig: Setting CVar [[r.SSGI.Quality:3]]
[2020.08.24-22.00.44:857][  0]LogConfig: Setting CVar [[r.EmitterSpawnRateScale:1.0]]
[2020.08.24-22.00.44:857][  0]LogConfig: Setting CVar [[r.ParticleLightQuality:2]]
[2020.08.24-22.00.44:857][  0]LogConfig: Setting CVar [[r.SkyAtmosphere.AerialPerspectiveLUT.FastApplyOnOpaque:1 ; Always have FastSkyLUT 1 in this case to avoid wrong sky]]
[2020.08.24-22.00.44:857][  0]LogConfig: Setting CVar [[r.SkyAtmosphere.AerialPerspectiveLUT.SampleCountPerSlice:1]]
[2020.08.24-22.00.44:857][  0]LogConfig: Setting CVar [[r.SkyAtmosphere.AerialPerspectiveLUT.DepthResolution:16.0]]
[2020.08.24-22.00.44:857][  0]LogConfig: Setting CVar [[r.SkyAtmosphere.FastSkyLUT:1]]
[2020.08.24-22.00.44:857][  0]LogConfig: Setting CVar [[r.SkyAtmosphere.FastSkyLUT.SampleCountMin:4.0]]
[2020.08.24-22.00.44:857][  0]LogConfig: Setting CVar [[r.SkyAtmosphere.FastSkyLUT.SampleCountMax:32.0]]
[2020.08.24-22.00.44:857][  0]LogConfig: Setting CVar [[r.SkyAtmosphere.SampleCountMin:4.0]]
[2020.08.24-22.00.44:857][  0]LogConfig: Setting CVar [[r.SkyAtmosphere.SampleCountMax:32.0]]
[2020.08.24-22.00.44:857][  0]LogConfig: Setting CVar [[r.SkyAtmosphere.TransmittanceLUT.UseSmallFormat:0]]
[2020.08.24-22.00.44:857][  0]LogConfig: Setting CVar [[r.SkyAtmosphere.TransmittanceLUT.SampleCount:10.0]]
[2020.08.24-22.00.44:857][  0]LogConfig: Setting CVar [[r.SkyAtmosphere.MultiScatteringLUT.SampleCount:15.0]]
[2020.08.24-22.00.44:858][  0]LogConfig: Applying CVar settings from Section [FoliageQuality@3] File [D:/School/Ferris/Capstone/Envision/Envision/Saved/Config/Windows/Scalability.ini]
[2020.08.24-22.00.44:858][  0]LogConfig: Setting CVar [[foliage.DensityScale:1.0]]
[2020.08.24-22.00.44:858][  0]LogConfig: Setting CVar [[grass.DensityScale:1.0]]
[2020.08.24-22.00.44:858][  0]LogConfig: Applying CVar settings from Section [ShadingQuality@3] File [D:/School/Ferris/Capstone/Envision/Envision/Saved/Config/Windows/Scalability.ini]
[2020.08.24-22.00.44:858][  0]LogConfig: Setting CVar [[r.HairStrands.SkyLighting.SampleCount:16]]
[2020.08.24-22.00.44:858][  0]LogConfig: Setting CVar [[r.HairStrands.SkyLighting.JitterIntegration:0]]
[2020.08.24-22.00.44:858][  0]LogConfig: Setting CVar [[r.HairStrands.SkyAO.SampleCount:16]]
[2020.08.24-22.00.44:858][  0]LogConfig: Setting CVar [[r.HairStrands.DeepShadow.SuperSampling:0]]
[2020.08.24-22.00.44:858][  0]LogConfig: Setting CVar [[r.HairStrands.VisibilityPPLL:0]]
[2020.08.24-22.00.44:858][  0]LogConfig: Setting CVar [[r.HairStrands.RasterizationScale:0.5]]
[2020.08.24-22.00.44:858][  0]LogConfig: Setting CVar [[r.HairStrands.VelocityRasterizationScale:1]]
[2020.08.24-22.00.44:858][  0]LogInit: Selected Device Profile: [Windows]
[2020.08.24-22.00.44:858][  0]LogInit: Applying CVar settings loaded from the selected device profile: [Windows]
[2020.08.24-22.00.44:858][  0]LogHAL: Display: Platform has ~ 32 GB [34254540800 / 34359738368 / 32], which maps to Largest [LargestMinGB=32, LargerMinGB=12, DefaultMinGB=8, SmallerMinGB=6, SmallestMinGB=0)
[2020.08.24-22.00.44:858][  0]LogInit: Going up to parent DeviceProfile []
[2020.08.24-22.00.44:858][  0]LogConfig: Applying CVar settings from Section [ViewDistanceQuality@3] File [D:/School/Ferris/Capstone/Envision/Envision/Saved/Config/Windows/Scalability.ini]
[2020.08.24-22.00.44:858][  0]LogConfig: Setting CVar [[r.SkeletalMeshLODBias:0]]
[2020.08.24-22.00.44:858][  0]LogConfig: Setting CVar [[r.ViewDistanceScale:1.0]]
[2020.08.24-22.00.44:858][  0]LogConfig: Applying CVar settings from Section [AntiAliasingQuality@3] File [D:/School/Ferris/Capstone/Envision/Envision/Saved/Config/Windows/Scalability.ini]
[2020.08.24-22.00.44:858][  0]LogConfig: Setting CVar [[r.PostProcessAAQuality:4]]
[2020.08.24-22.00.44:858][  0]LogConfig: Applying CVar settings from Section [ShadowQuality@3] File [D:/School/Ferris/Capstone/Envision/Envision/Saved/Config/Windows/Scalability.ini]
[2020.08.24-22.00.44:858][  0]LogConfig: Setting CVar [[r.LightFunctionQuality:1]]
[2020.08.24-22.00.44:858][  0]LogConfig: Setting CVar [[r.ShadowQuality:5]]
[2020.08.24-22.00.44:858][  0]LogConfig: Setting CVar [[r.Shadow.CSM.MaxCascades:10]]
[2020.08.24-22.00.44:858][  0]LogConfig: Setting CVar [[r.Shadow.MaxResolution:2048]]
[2020.08.24-22.00.44:858][  0]LogConfig: Setting CVar [[r.Shadow.MaxCSMResolution:2048]]
[2020.08.24-22.00.44:858][  0]LogConfig: Setting CVar [[r.Shadow.RadiusThreshold:0.01]]
[2020.08.24-22.00.44:858][  0]LogConfig: Setting CVar [[r.Shadow.DistanceScale:1.0]]
[2020.08.24-22.00.44:858][  0]LogConfig: Setting CVar [[r.Shadow.CSM.TransitionScale:1.0]]
[2020.08.24-22.00.44:858][  0]LogConfig: Setting CVar [[r.Shadow.PreShadowResolutionFactor:1.0]]
[2020.08.24-22.00.44:858][  0]LogConfig: Setting CVar [[r.DistanceFieldShadowing:1]]
[2020.08.24-22.00.44:858][  0]LogConfig: Setting CVar [[r.DistanceFieldAO:1]]
[2020.08.24-22.00.44:858][  0]LogConfig: Setting CVar [[r.AOQuality:2]]
[2020.08.24-22.00.44:858][  0]LogConfig: Setting CVar [[r.VolumetricFog:1]]
[2020.08.24-22.00.44:858][  0]LogConfig: Setting CVar [[r.VolumetricFog.GridPixelSize:8]]
[2020.08.24-22.00.44:858][  0]LogConfig: Setting CVar [[r.VolumetricFog.GridSizeZ:128]]
[2020.08.24-22.00.44:858][  0]LogConfig: Setting CVar [[r.VolumetricFog.HistoryMissSupersampleCount:4]]
[2020.08.24-22.00.44:858][  0]LogConfig: Setting CVar [[r.LightMaxDrawDistanceScale:1]]
[2020.08.24-22.00.44:858][  0]LogConfig: Setting CVar [[r.CapsuleShadows:1]]
[2020.08.24-22.00.44:858][  0]LogConfig: Applying CVar settings from Section [PostProcessQuality@3] File [D:/School/Ferris/Capstone/Envision/Envision/Saved/Config/Windows/Scalability.ini]
[2020.08.24-22.00.44:858][  0]LogConfig: Setting CVar [[r.MotionBlurQuality:4]]
[2020.08.24-22.00.44:858][  0]LogConfig: Setting CVar [[r.AmbientOcclusionMipLevelFactor:0.4]]
[2020.08.24-22.00.44:858][  0]LogConfig: Setting CVar [[r.AmbientOcclusionMaxQuality:100]]
[2020.08.24-22.00.44:858][  0]LogConfig: Setting CVar [[r.AmbientOcclusionLevels:-1]]
[2020.08.24-22.00.44:858][  0]LogConfig: Setting CVar [[r.AmbientOcclusionRadiusScale:1.0]]
[2020.08.24-22.00.44:858][  0]LogConfig: Setting CVar [[r.DepthOfFieldQuality:2]]
[2020.08.24-22.00.44:858][  0]LogConfig: Setting CVar [[r.RenderTargetPoolMin:400]]
[2020.08.24-22.00.44:858][  0]LogConfig: Setting CVar [[r.LensFlareQuality:2]]
[2020.08.24-22.00.44:858][  0]LogConfig: Setting CVar [[r.SceneColorFringeQuality:1]]
[2020.08.24-22.00.44:858][  0]LogConfig: Setting CVar [[r.EyeAdaptationQuality:2]]
[2020.08.24-22.00.44:858][  0]LogConfig: Setting CVar [[r.BloomQuality:5]]
[2020.08.24-22.00.44:858][  0]LogConfig: Setting CVar [[r.FastBlurThreshold:100]]
[2020.08.24-22.00.44:858][  0]LogConfig: Setting CVar [[r.Upscale.Quality:3]]
[2020.08.24-22.00.44:858][  0]LogConfig: Setting CVar [[r.Tonemapper.GrainQuantization:1]]
[2020.08.24-22.00.44:858][  0]LogConfig: Setting CVar [[r.LightShaftQuality:1]]
[2020.08.24-22.00.44:858][  0]LogConfig: Setting CVar [[r.Filter.SizeScale:1]]
[2020.08.24-22.00.44:858][  0]LogConfig: Setting CVar [[r.Tonemapper.Quality:5]]
[2020.08.24-22.00.44:858][  0]LogConfig: Setting CVar [[r.DOF.Gather.AccumulatorQuality:1        ; higher gathering accumulator quality]]
[2020.08.24-22.00.44:858][  0]LogConfig: Setting CVar [[r.DOF.Gather.PostfilterMethod:1          ; Median3x3 postfilering method]]
[2020.08.24-22.00.44:859][  0]LogConfig: Setting CVar [[r.DOF.Gather.EnableBokehSettings:0       ; no bokeh simulation when gathering]]
[2020.08.24-22.00.44:859][  0]LogConfig: Setting CVar [[r.DOF.Gather.RingCount:4                 ; medium number of samples when gathering]]
[2020.08.24-22.00.44:859][  0]LogConfig: Setting CVar [[r.DOF.Scatter.ForegroundCompositing:1    ; additive foreground scattering]]
[2020.08.24-22.00.44:859][  0]LogConfig: Setting CVar [[r.DOF.Scatter.BackgroundCompositing:2    ; additive background scattering]]
[2020.08.24-22.00.44:859][  0]LogConfig: Setting CVar [[r.DOF.Scatter.EnableBokehSettings:1      ; bokeh simulation when scattering]]
[2020.08.24-22.00.44:859][  0]LogConfig: Setting CVar [[r.DOF.Scatter.MaxSpriteRatio:0.1         ; only a maximum of 10% of scattered bokeh]]
[2020.08.24-22.00.44:859][  0]LogConfig: Setting CVar [[r.DOF.Recombine.Quality:1                ; cheap slight out of focus]]
[2020.08.24-22.00.44:859][  0]LogConfig: Setting CVar [[r.DOF.Recombine.EnableBokehSettings:0    ; no bokeh simulation on slight out of focus]]
[2020.08.24-22.00.44:859][  0]LogConfig: Setting CVar [[r.DOF.TemporalAAQuality:1                ; more stable temporal accumulation]]
[2020.08.24-22.00.44:859][  0]LogConfig: Setting CVar [[r.DOF.Kernel.MaxForegroundRadius:0.025]]
[2020.08.24-22.00.44:859][  0]LogConfig: Setting CVar [[r.DOF.Kernel.MaxBackgroundRadius:0.025]]
[2020.08.24-22.00.44:859][  0]LogConfig: Applying CVar settings from Section [TextureQuality@3] File [D:/School/Ferris/Capstone/Envision/Envision/Saved/Config/Windows/Scalability.ini]
[2020.08.24-22.00.44:859][  0]LogConfig: Setting CVar [[r.Streaming.MipBias:0]]
[2020.08.24-22.00.44:859][  0]LogConfig: Setting CVar [[r.Streaming.AmortizeCPUToGPUCopy:0]]
[2020.08.24-22.00.44:859][  0]LogConfig: Setting CVar [[r.Streaming.MaxNumTexturesToStreamPerFrame:0]]
[2020.08.24-22.00.44:859][  0]LogConfig: Setting CVar [[r.Streaming.Boost:1]]
[2020.08.24-22.00.44:859][  0]LogConfig: Setting CVar [[r.MaxAnisotropy:8]]
[2020.08.24-22.00.44:859][  0]LogConfig: Setting CVar [[r.VT.MaxAnisotropy:8]]
[2020.08.24-22.00.44:859][  0]LogConfig: Setting CVar [[r.Streaming.LimitPoolSizeToVRAM:0]]
[2020.08.24-22.00.44:859][  0]LogConfig: Setting CVar [[r.Streaming.PoolSize:1000]]
[2020.08.24-22.00.44:859][  0]LogConfig: Setting CVar [[r.Streaming.MaxEffectiveScreenSize:0]]
[2020.08.24-22.00.44:859][  0]LogConfig: Applying CVar settings from Section [EffectsQuality@3] File [D:/School/Ferris/Capstone/Envision/Envision/Saved/Config/Windows/Scalability.ini]
[2020.08.24-22.00.44:859][  0]LogConfig: Setting CVar [[r.TranslucencyLightingVolumeDim:64]]
[2020.08.24-22.00.44:859][  0]LogConfig: Setting CVar [[r.RefractionQuality:2]]
[2020.08.24-22.00.44:859][  0]LogConfig: Setting CVar [[r.SSR.Quality:3]]
[2020.08.24-22.00.44:859][  0]LogConfig: Setting CVar [[r.SSR.HalfResSceneColor:0]]
[2020.08.24-22.00.44:859][  0]LogConfig: Setting CVar [[r.SceneColorFormat:4]]
[2020.08.24-22.00.44:859][  0]LogConfig: Setting CVar [[r.DetailMode:2]]
[2020.08.24-22.00.44:859][  0]LogConfig: Setting CVar [[r.TranslucencyVolumeBlur:1]]
[2020.08.24-22.00.44:859][  0]LogConfig: Setting CVar [[r.MaterialQualityLevel:1 ; High quality]]
[2020.08.24-22.00.44:859][  0]LogConfig: Setting CVar [[r.SSS.Scale:1]]
[2020.08.24-22.00.44:859][  0]LogConfig: Setting CVar [[r.SSS.SampleSet:2]]
[2020.08.24-22.00.44:859][  0]LogConfig: Setting CVar [[r.SSS.Quality:1]]
[2020.08.24-22.00.44:859][  0]LogConfig: Setting CVar [[r.SSS.HalfRes:0]]
[2020.08.24-22.00.44:859][  0]LogConfig: Setting CVar [[r.SSGI.Quality:3]]
[2020.08.24-22.00.44:859][  0]LogConfig: Setting CVar [[r.EmitterSpawnRateScale:1.0]]
[2020.08.24-22.00.44:859][  0]LogConfig: Setting CVar [[r.ParticleLightQuality:2]]
[2020.08.24-22.00.44:859][  0]LogConfig: Setting CVar [[r.SkyAtmosphere.AerialPerspectiveLUT.FastApplyOnOpaque:1 ; Always have FastSkyLUT 1 in this case to avoid wrong sky]]
[2020.08.24-22.00.44:859][  0]LogConfig: Setting CVar [[r.SkyAtmosphere.AerialPerspectiveLUT.SampleCountPerSlice:1]]
[2020.08.24-22.00.44:859][  0]LogConfig: Setting CVar [[r.SkyAtmosphere.AerialPerspectiveLUT.DepthResolution:16.0]]
[2020.08.24-22.00.44:859][  0]LogConfig: Setting CVar [[r.SkyAtmosphere.FastSkyLUT:1]]
[2020.08.24-22.00.44:859][  0]LogConfig: Setting CVar [[r.SkyAtmosphere.FastSkyLUT.SampleCountMin:4.0]]
[2020.08.24-22.00.44:859][  0]LogConfig: Setting CVar [[r.SkyAtmosphere.FastSkyLUT.SampleCountMax:32.0]]
[2020.08.24-22.00.44:859][  0]LogConfig: Setting CVar [[r.SkyAtmosphere.SampleCountMin:4.0]]
[2020.08.24-22.00.44:859][  0]LogConfig: Setting CVar [[r.SkyAtmosphere.SampleCountMax:32.0]]
[2020.08.24-22.00.44:859][  0]LogConfig: Setting CVar [[r.SkyAtmosphere.TransmittanceLUT.UseSmallFormat:0]]
[2020.08.24-22.00.44:859][  0]LogConfig: Setting CVar [[r.SkyAtmosphere.TransmittanceLUT.SampleCount:10.0]]
[2020.08.24-22.00.44:859][  0]LogConfig: Setting CVar [[r.SkyAtmosphere.MultiScatteringLUT.SampleCount:15.0]]
[2020.08.24-22.00.44:859][  0]LogConfig: Applying CVar settings from Section [FoliageQuality@3] File [D:/School/Ferris/Capstone/Envision/Envision/Saved/Config/Windows/Scalability.ini]
[2020.08.24-22.00.44:859][  0]LogConfig: Setting CVar [[foliage.DensityScale:1.0]]
[2020.08.24-22.00.44:859][  0]LogConfig: Setting CVar [[grass.DensityScale:1.0]]
[2020.08.24-22.00.44:859][  0]LogConfig: Applying CVar settings from Section [ShadingQuality@3] File [D:/School/Ferris/Capstone/Envision/Envision/Saved/Config/Windows/Scalability.ini]
[2020.08.24-22.00.44:859][  0]LogConfig: Setting CVar [[r.HairStrands.SkyLighting.SampleCount:16]]
[2020.08.24-22.00.44:859][  0]LogConfig: Setting CVar [[r.HairStrands.SkyLighting.JitterIntegration:0]]
[2020.08.24-22.00.44:859][  0]LogConfig: Setting CVar [[r.HairStrands.SkyAO.SampleCount:16]]
[2020.08.24-22.00.44:859][  0]LogConfig: Setting CVar [[r.HairStrands.DeepShadow.SuperSampling:0]]
[2020.08.24-22.00.44:859][  0]LogConfig: Setting CVar [[r.HairStrands.VisibilityPPLL:0]]
[2020.08.24-22.00.44:859][  0]LogConfig: Setting CVar [[r.HairStrands.RasterizationScale:0.5]]
[2020.08.24-22.00.44:859][  0]LogConfig: Setting CVar [[r.HairStrands.VelocityRasterizationScale:1]]
[2020.08.24-22.00.44:859][  0]LogConfig: Applying CVar settings from Section [Startup] File [../../../Engine/Config/ConsoleVariables.ini]
[2020.08.24-22.00.44:860][  0]LogConfig: Setting CVar [[net.UseAdaptiveNetUpdateFrequency:0]]
[2020.08.24-22.00.44:860][  0]LogConfig: Setting CVar [[p.chaos.AllowCreatePhysxBodies:1]]
[2020.08.24-22.00.44:860][  0]LogConfig: Setting CVar [[fx.SkipVectorVMBackendOptimizations:1]]
[2020.08.24-22.00.44:860][  0]LogConfig: Applying CVar settings from Section [ConsoleVariables] File [D:/School/Ferris/Capstone/Envision/Envision/Saved/Config/Windows/Engine.ini]
[2020.08.24-22.00.44:860][  0]LogInit: Computer: DESKTOP-39QA269
[2020.08.24-22.00.44:860][  0]LogInit: User: Moon4433
[2020.08.24-22.00.44:860][  0]LogInit: CPU Page size=4096, Cores=6
[2020.08.24-22.00.44:860][  0]LogInit: High frequency timer resolution =10.000000 MHz
[2020.08.24-22.00.44:860][  0]LogMemory: Memory total: Physical=31.9GB (32GB approx)
[2020.08.24-22.00.44:860][  0]LogMemory: Platform Memory Stats for Windows
[2020.08.24-22.00.44:860][  0]LogMemory: Process Physical Memory: 119.87 MB used, 119.87 MB peak
[2020.08.24-22.00.44:860][  0]LogMemory: Process Virtual Memory: 103.91 MB used, 103.91 MB peak
[2020.08.24-22.00.44:860][  0]LogMemory: Physical Memory: 8587.50 MB used,  24080.18 MB free, 32667.68 MB total
[2020.08.24-22.00.44:860][  0]LogMemory: Virtual Memory: 5188.06 MB used,  134212536.00 MB free, 134217728.00 MB total
[2020.08.24-22.00.44:868][  0]LogWindows: WindowsPlatformFeatures enabled
[2020.08.24-22.00.44:905][  0]LogInit: Physics initialised using underlying interface: PhysX
[2020.08.24-22.00.44:906][  0]LogInit: Using OS detected language (en-US).
[2020.08.24-22.00.44:906][  0]LogInit: Using OS detected locale (en-US).
[2020.08.24-22.00.44:908][  0]LogTextLocalizationManager: No specific localization for 'en-US' exists, so the 'en' localization will be used.
[2020.08.24-22.00.45:141][  0]LogInit: Setting process to per monitor DPI aware
[2020.08.24-22.00.45:200][  0]LogSlate: New Slate User Created.  User Index 0, Is Virtual User: 0
[2020.08.24-22.00.45:200][  0]LogSlate: Slate User Registered.  User Index 0, Is Virtual User: 0
[2020.08.24-22.00.51:515][  0]LogHMD: Failed to initialize OpenVR with code 108
[2020.08.24-22.00.51:515][  0]LogD3D11RHI: D3D11 min allowed feature level: 11_0
[2020.08.24-22.00.51:515][  0]LogD3D11RHI: D3D11 max allowed feature level: 11_0
[2020.08.24-22.00.51:515][  0]LogD3D11RHI: D3D11 adapters:
[2020.08.24-22.00.51:595][  0]LogD3D11RHI:    0. 'NVIDIA GeForce GTX 1060 6GB' (Feature Level 11_0)
[2020.08.24-22.00.51:595][  0]LogD3D11RHI:       6052/0/16333 MB DedicatedVideo/DedicatedSystem/SharedSystem, Outputs:3, VendorId:0x10de
[2020.08.24-22.00.51:598][  0]LogD3D11RHI:    1. 'Microsoft Basic Render Driver' (Feature Level 11_0)
[2020.08.24-22.00.51:598][  0]LogD3D11RHI:       0/0/16333 MB DedicatedVideo/DedicatedSystem/SharedSystem, Outputs:0, VendorId:0x1414
[2020.08.24-22.00.51:598][  0]LogD3D11RHI: Chosen D3D11 Adapter: 0
[2020.08.24-22.00.51:607][  0]LogD3D11RHI: Creating new Direct3DDevice
[2020.08.24-22.00.51:607][  0]LogD3D11RHI:     GPU DeviceId: 0x1c03 (for the marketing name, search the web for "GPU Device Id")
[2020.08.24-22.00.51:607][  0]LogWindows: EnumDisplayDevices:
[2020.08.24-22.00.51:608][  0]LogWindows:    0. 'NVIDIA GeForce GTX 1060 6GB' (P:1 D:1)
[2020.08.24-22.00.51:610][  0]LogWindows:    1. 'NVIDIA GeForce GTX 1060 6GB' (P:0 D:1)
[2020.08.24-22.00.51:612][  0]LogWindows:    2. 'NVIDIA GeForce GTX 1060 6GB' (P:0 D:1)
[2020.08.24-22.00.51:613][  0]LogWindows:    3. 'NVIDIA GeForce GTX 1060 6GB' (P:0 D:0)
[2020.08.24-22.00.51:613][  0]LogWindows: DebugString: FoundDriverCount:4 
[2020.08.24-22.00.51:613][  0]LogD3D11RHI:     Adapter Name: NVIDIA GeForce GTX 1060 6GB
[2020.08.24-22.00.51:613][  0]LogD3D11RHI:   Driver Version: 451.48 (internal:27.21.14.5148, unified:451.48)
[2020.08.24-22.00.51:613][  0]LogD3D11RHI:      Driver Date: 6-21-2020
[2020.08.24-22.00.51:613][  0]LogRHI: Texture pool is 4236 MB (70% of 6052 MB)
[2020.08.24-22.00.51:669][  0]LogD3D11RHI: RHI has support for 64 bit atomics
[2020.08.24-22.00.51:671][  0]LogD3D11RHI: [Aftermath] Enabled and primed
[2020.08.24-22.00.51:671][  0]LogD3D11RHI: Async texture creation enabled
[2020.08.24-22.00.51:671][  0]LogD3D11RHI: Array index from any shader is supported
[2020.08.24-22.00.51:709][  0]LogD3D11RHI: GPU Timing Frequency: 1000.000000 (Debug: 2 1)
[2020.08.24-22.00.52:298][  0]LogTargetPlatformManager: Display: Loaded TargetPlatform 'AllDesktop'
[2020.08.24-22.00.52:320][  0]LogTargetPlatformManager: Display: Loaded TargetPlatform 'Android'
[2020.08.24-22.00.52:320][  0]LogTargetPlatformManager: Display: Loaded TargetPlatform 'Android_ASTC'
[2020.08.24-22.00.52:320][  0]LogTargetPlatformManager: Display: Loaded TargetPlatform 'Android_DXT'
[2020.08.24-22.00.52:320][  0]LogTargetPlatformManager: Display: Loaded TargetPlatform 'Android_ETC2'
[2020.08.24-22.00.52:320][  0]LogTargetPlatformManager: Display: Loaded TargetPlatform 'AndroidClient'
[2020.08.24-22.00.52:320][  0]LogTargetPlatformManager: Display: Loaded TargetPlatform 'Android_ASTCClient'
[2020.08.24-22.00.52:320][  0]LogTargetPlatformManager: Display: Loaded TargetPlatform 'Android_DXTClient'
[2020.08.24-22.00.52:320][  0]LogTargetPlatformManager: Display: Loaded TargetPlatform 'Android_ETC2Client'
[2020.08.24-22.00.52:320][  0]LogTargetPlatformManager: Display: Loaded TargetPlatform 'Android_Multi'
[2020.08.24-22.00.52:320][  0]LogTargetPlatformManager: Display: Loaded TargetPlatform 'Android_MultiClient'
[2020.08.24-22.00.52:344][  0]LogTargetPlatformManager: Display: Loaded TargetPlatform 'IOSClient'
[2020.08.24-22.00.52:344][  0]LogTargetPlatformManager: Display: Loaded TargetPlatform 'IOS'
[2020.08.24-22.00.52:354][  0]LogTargetPlatformManager: Display: Loaded TargetPlatform 'Linux'
[2020.08.24-22.00.52:364][  0]LogTargetPlatformManager: Display: Loaded TargetPlatform 'LinuxNoEditor'
[2020.08.24-22.00.52:374][  0]LogTargetPlatformManager: Display: Loaded TargetPlatform 'LinuxClient'
[2020.08.24-22.00.52:384][  0]LogTargetPlatformManager: Display: Loaded TargetPlatform 'LinuxServer'
[2020.08.24-22.00.52:394][  0]LogTargetPlatformManager: Display: Loaded TargetPlatform 'LinuxAArch64NoEditor'
[2020.08.24-22.00.52:403][  0]LogTargetPlatformManager: Display: Loaded TargetPlatform 'LinuxAArch64Client'
[2020.08.24-22.00.52:413][  0]LogTargetPlatformManager: Display: Loaded TargetPlatform 'LinuxAArch64Server'
[2020.08.24-22.00.52:439][  0]LogTargetPlatformManager: Display: Loaded TargetPlatform 'Lumin'
[2020.08.24-22.00.52:439][  0]LogTargetPlatformManager: Display: Loaded TargetPlatform 'LuminClient'
[2020.08.24-22.00.52:457][  0]LogTargetPlatformManager: Display: Loaded TargetPlatform 'TVOSClient'
[2020.08.24-22.00.52:457][  0]LogTargetPlatformManager: Display: Loaded TargetPlatform 'TVOS'
[2020.08.24-22.00.52:467][  0]LogTargetPlatformManager: Display: Loaded TargetPlatform 'WindowsNoEditor'
[2020.08.24-22.00.52:477][  0]LogTargetPlatformManager: Display: Loaded TargetPlatform 'Windows'
[2020.08.24-22.00.52:486][  0]LogTargetPlatformManager: Display: Loaded TargetPlatform 'WindowsClient'
[2020.08.24-22.00.52:496][  0]LogTargetPlatformManager: Display: Loaded TargetPlatform 'WindowsServer'
[2020.08.24-22.00.52:496][  0]LogTargetPlatformManager: Display: Building Assets For Windows
[2020.08.24-22.00.52:505][  0]LogAudioDebug: Display: Lib vorbis DLL was dynamically loaded.
[2020.08.24-22.00.52:568][  0]LogShaderCompilers: Guid format shader working directory is -3 characters bigger than the processId version (../../../../School/Ferris/Capstone/Envision/Envision/Intermediate/Shaders/WorkingDirectory/4836/).
[2020.08.24-22.00.52:568][  0]LogShaderCompilers: Cleaned the shader compiler working directory 'C:/Users/Moon4433/AppData/Local/Temp/UnrealShaderWorkingDir/971E58E34F506C76EA01C790A5494FC5/'.
[2020.08.24-22.00.52:569][  0]LogXGEController: Cannot use XGE Controller as Incredibuild is not installed on this machine.
[2020.08.24-22.00.52:569][  0]LogShaderCompilers: Cannot use XGE Shader Compiler as Incredibuild is not installed on this machine.
[2020.08.24-22.00.52:569][  0]LogShaderCompilers: Display: Using Local Shader Compiler.
[2020.08.24-22.00.53:788][  0]LogDerivedDataCache: Display: Max Cache Size: 512 MB
[2020.08.24-22.00.53:882][  0]LogDerivedDataCache: Loaded boot cache 0.09s 79MB C:/Users/Moon4433/AppData/Local/UnrealEngine/4.25/DerivedDataCache/Boot.ddc.
[2020.08.24-22.00.53:882][  0]LogDerivedDataCache: Display: Loaded Boot cache: C:/Users/Moon4433/AppData/Local/UnrealEngine/4.25/DerivedDataCache/Boot.ddc
[2020.08.24-22.00.53:882][  0]LogDerivedDataCache: FDerivedDataBackendGraph:  Pak pak cache file ../../../../School/Ferris/Capstone/Envision/Envision/DerivedDataCache/DDC.ddp not found, will not use a pak cache.
[2020.08.24-22.00.53:882][  0]LogDerivedDataCache: Unable to find inner node Pak for hierarchical cache Hierarchy.
[2020.08.24-22.00.53:882][  0]LogDerivedDataCache: FDerivedDataBackendGraph:  CompressedPak pak cache file ../../../../School/Ferris/Capstone/Envision/Envision/DerivedDataCache/Compressed.ddp not found, will not use a pak cache.
[2020.08.24-22.00.53:882][  0]LogDerivedDataCache: Unable to find inner node CompressedPak for hierarchical cache Hierarchy.
[2020.08.24-22.00.53:897][  0]LogDerivedDataCache: Display: Pak cache opened for reading ../../../Engine/DerivedDataCache/Compressed.ddp.
[2020.08.24-22.00.53:898][  0]LogDerivedDataCache: FDerivedDataBackendGraph:  EnterprisePak pak cache file ../../../Enterprise/DerivedDataCache/Compressed.ddp not found, will not use a pak cache.
[2020.08.24-22.00.53:898][  0]LogDerivedDataCache: Unable to find inner node EnterprisePak for hierarchical cache Hierarchy.
[2020.08.24-22.00.53:901][  0]LogDerivedDataCache: Using Local data cache path C:/Users/Moon4433/AppData/Local/UnrealEngine/Common/DerivedDataCache: Writable
[2020.08.24-22.00.53:901][  0]LogDerivedDataCache: Shared data cache path not found in *engine.ini, will not use an Shared cache.
[2020.08.24-22.00.53:901][  0]LogDerivedDataCache: Unable to find inner node Shared for hierarchical cache Hierarchy.
[2020.08.24-22.00.54:005][  0]LogSlate: Using FreeType 2.10.0
[2020.08.24-22.00.54:006][  0]LogSlate: SlateFontServices - WITH_FREETYPE: 1, WITH_HARFBUZZ: 1
[2020.08.24-22.00.54:044][  0]LogAssetRegistry: FAssetRegistry took 0.0044 seconds to start up
[2020.08.24-22.00.54:398][  0]LogInit: Selected Device Profile: [Windows]
[2020.08.24-22.00.54:557][  0]LogMeshReduction: Using QuadricMeshReduction for automatic static mesh reduction
[2020.08.24-22.00.54:557][  0]LogMeshReduction: Using SimplygonMeshReduction for automatic skeletal mesh reduction
[2020.08.24-22.00.54:557][  0]LogMeshReduction: Using ProxyLODMeshReduction for automatic mesh merging
[2020.08.24-22.00.54:557][  0]LogMeshReduction: No distributed automatic mesh merging module available
[2020.08.24-22.00.54:557][  0]LogMeshMerging: No distributed automatic mesh merging module available
[2020.08.24-22.00.54:588][  0]LogNetVersion: Envision 1.0.0, NetCL: 13144385, EngineNetVer: 14, GameNetVer: 0 (Checksum: 2121034502)
[2020.08.24-22.00.55:213][  0]LogAISub: UAISubsystem::UAISubsystem AISubsystem (000002A1987E42C0), frame # 0
[2020.08.24-22.00.55:213][  0]LogAISub: UAISubsystem::UAISubsystem AIPerceptionSystem (000002A1986BEAC0), frame # 0
[2020.08.24-22.00.55:215][  0]LogAISub: UAISubsystem::UAISubsystem EnvQueryManager (000002A19876CA00), frame # 0
[2020.08.24-22.00.55:634][  0]LogPackageLocalizationCache: Processed 19 localized package path(s) for 1 prioritized culture(s) in 0.408048 seconds
[2020.08.24-22.00.55:640][  0]LogUObjectArray: 15917 objects as part of root set at end of initial load.
[2020.08.24-22.00.55:640][  0]LogUObjectAllocator: 3965568 out of 0 bytes used by permanent object pool.
[2020.08.24-22.00.55:640][  0]LogUObjectArray: CloseDisregardForGC: 0/0 objects in disregard for GC pool
[2020.08.24-22.00.56:189][  0]LogTcpMessaging: Initializing TcpMessaging bridge
[2020.08.24-22.00.56:194][  0]LogUdpMessaging: Initializing bridge on interface 0.0.0.0:0 to multicast group 230.0.0.1:6666.
[2020.08.24-22.00.56:314][  0]SourceControl: Source control is disabled
[2020.08.24-22.00.56:314][  0]SourceControl: Source control is disabled
[2020.08.24-22.00.56:318][  0]SourceControl: Source control is disabled
[2020.08.24-22.00.56:321][  0]SourceControl: Source control is disabled
[2020.08.24-22.00.56:330][  0]SourceControl: Source control is disabled
[2020.08.24-22.00.56:773][  0]LogAndroidPermission: UAndroidPermissionCallbackProxy::GetInstance
[2020.08.24-22.00.56:802][  0]LogAudioCaptureCore: Display: No Audio Capture implementations found. Audio input will be silent.
[2020.08.24-22.00.56:802][  0]LogAudioCaptureCore: Display: No Audio Capture implementations found. Audio input will be silent.
[2020.08.24-22.00.56:859][  0]LogOcInput: OculusInput pre-init called
[2020.08.24-22.00.57:166][  0]LogEngine: Initializing Engine...
[2020.08.24-22.00.57:307][  0]LogHMD: Failed to initialize OpenVR with code 108
[2020.08.24-22.00.57:307][  0]LogMagicLeap: Warning: VR disabled because ZI is not enabled.  To enable, in the editor, Edit -> Project Settings -> Plugins -> Magic Leap Plugin -> Enable Zero Iteration
[2020.08.24-22.00.57:308][  0]LogStats: UGameplayTagsManager::InitializeManager -  0.000 s
[2020.08.24-22.00.57:461][  0]LogInit: Initializing FReadOnlyCVARCache
[2020.08.24-22.00.57:473][  0]LogAIModule: Creating AISystem for world Untitled
[2020.08.24-22.00.57:473][  0]LogAISub: UAISubsystem::UAISubsystem EnvQueryManager (000002A1940D9600), frame # 0
[2020.08.24-22.00.57:473][  0]LogAISub: UAISubsystem::UAISubsystem AIPerceptionSystem (000002A1940FDD00), frame # 0
[2020.08.24-22.00.57:488][  0]LogAudioMixer: Display: Audio Mixer Platform Settings:
[2020.08.24-22.00.57:488][  0]LogAudioMixer: Display: 	Sample Rate:						  48000
[2020.08.24-22.00.57:488][  0]LogAudioMixer: Display: 	Callback Buffer Frame Size Requested: 1024
[2020.08.24-22.00.57:488][  0]LogAudioMixer: Display: 	Callback Buffer Frame Size To Use:	  1024
[2020.08.24-22.00.57:488][  0]LogAudioMixer: Display: 	Number of buffers to queue:			  2
[2020.08.24-22.00.57:488][  0]LogAudioMixer: Display: 	Max Channels (voices):				  32
[2020.08.24-22.00.57:488][  0]LogAudioMixer: Display: 	Number of Async Source Workers:		  0
[2020.08.24-22.00.57:488][  0]LogAudio: Display: AudioDevice MaxSources: 32
[2020.08.24-22.00.57:488][  0]LogAudio: Display: Using built-in audio occlusion.
[2020.08.24-22.00.57:488][  0]LogAudioMixer: Display: Initializing audio mixer.
[2020.08.24-22.00.57:533][  0]LogAudioMixer: Display: 0: FrontLeft
[2020.08.24-22.00.57:533][  0]LogAudioMixer: Display: 1: FrontRight
[2020.08.24-22.00.57:533][  0]LogAudioMixer: Display: 2: FrontCenter
[2020.08.24-22.00.57:533][  0]LogAudioMixer: Display: 3: LowFrequency
[2020.08.24-22.00.57:533][  0]LogAudioMixer: Display: 4: BackLeft
[2020.08.24-22.00.57:533][  0]LogAudioMixer: Display: 5: BackRight
[2020.08.24-22.00.57:533][  0]LogAudioMixer: Display: 6: SideLeft
[2020.08.24-22.00.57:533][  0]LogAudioMixer: Display: 7: SideRight
[2020.08.24-22.00.57:898][  0]LogAudioMixer: Display: Using Audio Device Headset Earphone (CORSAIR VIRTUOSO SE Wireless Gaming Headset)
[2020.08.24-22.00.57:900][  0]LogAudioMixer: Display: Initializing Sound Submixes...
[2020.08.24-22.00.57:902][  0]LogAudioMixer: Display: Creating Master Submix 'MasterSubmixDefault'
[2020.08.24-22.00.57:903][  0]LogAudioMixer: Display: Creating Master Submix 'MasterReverbSubmixDefault'
[2020.08.24-22.00.57:904][  0]LogAudioMixer: Display: Creating Master Submix 'MasterEQSubmixDefault'
[2020.08.24-22.00.57:904][  0]LogInit: FAudioDevice initialized.
[2020.08.24-22.00.57:905][  0]LogNetVersion: Set ProjectVersion to 1.0.0.0. Version Checksum will be recalculated on next use.
[2020.08.24-22.00.57:975][  0]LogDerivedDataCache: Saved boot cache 0.07s 79MB C:/Users/Moon4433/AppData/Local/UnrealEngine/4.25/DerivedDataCache/Boot.ddc.
[2020.08.24-22.00.57:979][  0]LogInit: Texture streaming: Enabled
[2020.08.24-22.00.57:998][  0]LogEngineSessionManager: EngineSessionManager initialized
[2020.08.24-22.00.57:998][  0]LogEditorSessionSummary: Verbose: Initializing EditorSessionSummaryWriter for editor session tracking
[2020.08.24-22.00.58:005][  0]LogEditorSessionSummary: EditorSessionSummaryWriter initialized
[2020.08.24-22.00.58:089][  0]LogInit: Transaction tracking system initialized
[2020.08.24-22.00.58:113][  0]BlueprintLog: New page: Editor Load
[2020.08.24-22.00.58:495][  0]LocalizationService: Localization service is disabled
[2020.08.24-22.00.59:103][  0]LogCook: Display: Max memory allowance for cook 16384mb min free memory 0mb
[2020.08.24-22.00.59:103][  0]LogCook: Display: Mobile HDR setting 1
[2020.08.24-22.00.59:113][  0]LogFileCache: Scanning file cache for directory 'D:/School/Ferris/Capstone/Envision/Envision/Content/' took 0.01s
[2020.08.24-22.00.59:481][  0]SourceControl: Source control is disabled
[2020.08.24-22.00.59:482][  0]LogUnrealEdMisc: Loading editor; pre map load, took 19.579
[2020.08.24-22.00.59:482][  0]Cmd: MAP LOAD FILE="../../../../School/Ferris/Capstone/Envision/Envision/Content/FirstPersonBP/Maps/FirstPersonExampleMap.umap" TEMPLATE=0 SHOWPROGRESS=1 FEATURELEVEL=3
[2020.08.24-22.00.59:482][  0]LogEditorServer: Warning: Can't find file '../../../../School/Ferris/Capstone/Envision/Envision/Content/FirstPersonBP/Maps/FirstPersonExampleMap.umap'
[2020.08.24-22.00.59:482][  0]Cmd: MAP CHECKDEP NOCLEARLOG
[2020.08.24-22.00.59:482][  0]MapCheck: Map check complete: 0 Error(s), 0 Warning(s), took 0.099ms to complete.
[2020.08.24-22.00.59:482][  0]LogFileHelpers: Loading map 'FirstPersonExampleMap' took 0.000
[2020.08.24-22.00.59:484][  0]LogUnrealEdMisc: Total Editor Startup Time, took 19.581
[2020.08.24-22.01.01:956][  0]LogSlate: Updating window title bar state: overlay mode, drag disabled, window buttons hidden, title bar hidden
[2020.08.24-22.01.02:131][  0]LogSlate: Updating window title bar state: overlay mode, drag disabled, window buttons hidden, title bar hidden
[2020.08.24-22.01.02:139][  0]LogSlate: Updating window title bar state: overlay mode, drag disabled, window buttons hidden, title bar hidden
[2020.08.24-22.01.02:147][  0]LogSlate: Updating window title bar state: overlay mode, drag disabled, window buttons hidden, title bar hidden
[2020.08.24-22.01.02:570][  0]LogCollectionManager: Loaded 0 collections in 0.001416 seconds
[2020.08.24-22.01.03:332][  0]LogFileCache: Scanning file cache for directory 'D:/School/Ferris/Capstone/Envision/Envision/Saved/Collections/' took 0.00s
[2020.08.24-22.01.03:332][  0]LogFileCache: Scanning file cache for directory 'D:/School/Ferris/Capstone/Envision/Envision/Content/Developers/Moon4433/Collections/' took 0.00s
[2020.08.24-22.01.03:332][  0]LogFileCache: Scanning file cache for directory 'D:/School/Ferris/Capstone/Envision/Envision/Content/Collections/' took 0.00s
[2020.08.24-22.01.03:332][  0]LogContentBrowser: Native class hierarchy populated in 0.0103 seconds. Added 3427 classes and 821 folders.
[2020.08.24-22.01.03:380][  0]LogContentBrowser: Native class hierarchy updated for 'WidgetCarousel' in 0.0003 seconds. Added 0 classes and 0 folders.
[2020.08.24-22.01.05:187][  0]LogContentBrowser: Native class hierarchy updated for 'AddContentDialog' in 0.0004 seconds. Added 0 classes and 0 folders.
[2020.08.24-22.01.05:328][  0]LogContentBrowser: Native class hierarchy updated for 'SceneOutliner' in 0.0003 seconds. Added 2 classes and 0 folders.
[2020.08.24-22.01.06:110][  0]LogSlate: Took 0.000306 seconds to synchronously load lazily loaded font '../../../Engine/Content/Slate/Fonts/Roboto-Regular.ttf' (155K)
[2020.08.24-22.01.06:118][  0]LogSlate: Took 0.000310 seconds to synchronously load lazily loaded font '../../../Engine/Content/Slate/Fonts/Roboto-Bold.ttf' (160K)
[2020.08.24-22.01.06:162][  0]LogSlate: Took 0.019951 seconds to synchronously load lazily loaded font '../../../Engine/Content/Editor/Slate/Fonts/FontAwesome.ttf' (139K)
[2020.08.24-22.01.06:747][  0]LogRenderer: Reallocating scene render targets to support 1212x572 Format 10 NumSamples 1 (Frame:1).
[2020.08.24-22.01.07:262][  0]LogContentBrowser: Native class hierarchy updated for 'HierarchicalLODOutliner' in 0.0003 seconds. Added 0 classes and 0 folders.
[2020.08.24-22.01.07:262][  0]LogLoad: (Engine Initialization) Total time: 27.36 seconds
[2020.08.24-22.01.07:262][  0]LogLoad: (Engine Initialization) Total Blueprint compile time: 0.00 seconds
[2020.08.24-22.01.07:513][  0]LogAssetRegistry: Asset discovery search completed in 13.4699 seconds
[2020.08.24-22.01.07:517][  0]LogCollectionManager: Fixed up redirectors for 0 collections in 0.000003 seconds (updated 0 objects)
[2020.08.24-22.01.07:530][  0]LogContentStreaming: Texture pool size now 1000 MB
[2020.08.24-22.01.07:781][  0]LogSlate: Took 0.087593 seconds to synchronously load lazily loaded font '../../../Engine/Content/Slate/Fonts/Roboto-Light.ttf' (167K)
[2020.08.24-22.01.08:290][ 42]LogSlate: Took 0.000190 seconds to synchronously load lazily loaded font '../../../Engine/Content/Slate/Fonts/Roboto-Light.ttf' (167K)
[2020.08.24-22.01.22:935][743]LogAssetEditorSubsystem: Opening Asset editor for Blueprint /Game/Blueprints/ChangingTexture3/TextureChange.TextureChange
[2020.08.24-22.01.23:866][743]LogContentBrowser: Native class hierarchy updated for 'BlueprintGraph' in 0.0006 seconds. Added 125 classes and 0 folders.
[2020.08.24-22.01.25:931][743]LogAssetEditorSubsystem: Opening Asset editor for Blueprint /Game/Blueprints/ChangingTexture2/TextureChange_BP.TextureChange_BP
[2020.08.24-22.01.26:331][743]LogAssetEditorSubsystem: Opening Asset editor for Material /Game/Blueprints/ChangingTexture2/WallChange_MAT.WallChange_MAT
[2020.08.24-22.01.26:525][743]LogMaterial: Display: Missing cached shader map for material WallChange_MAT, compiling. 
[2020.08.24-22.01.27:377][743]LogMaterial: Display: Missing cached shader map for material WallChange_MAT, compiling. 
[2020.08.24-22.01.27:398][743]LogShaderCompilers: Display: Worker (1/9): shaders left to compile 9
[2020.08.24-22.01.27:398][743]LogShaderCompilers: Display: Worker (2/9): shaders left to compile 8
[2020.08.24-22.01.27:398][743]LogShaderCompilers: Display: Worker (3/9): shaders left to compile 7
[2020.08.24-22.01.27:398][743]LogShaderCompilers: Display: Worker (4/9): shaders left to compile 6
[2020.08.24-22.01.27:398][743]LogShaderCompilers: Display: Worker (5/9): shaders left to compile 5
[2020.08.24-22.01.27:399][743]LogShaderCompilers: Display: Worker (6/9): shaders left to compile 4
[2020.08.24-22.01.27:399][743]LogShaderCompilers: Display: Worker (7/9): shaders left to compile 3
[2020.08.24-22.01.27:399][743]LogShaderCompilers: Display: Worker (8/9): shaders left to compile 2
[2020.08.24-22.01.27:399][743]LogMaterial: Display: Missing cached shader map for material WallChange_MAT, compiling. 
[2020.08.24-22.01.27:410][743]LogMaterial: Display: Missing cached shader map for material FMatExpressionPreview MaterialExpressionConstant3Vector_0, compiling. 
[2020.08.24-22.01.27:416][743]LogMaterial: Display: Missing cached shader map for material FMatExpressionPreview MaterialExpressionTextureSampleParameter2D_0, compiling. 
[2020.08.24-22.01.27:481][743]LogAssetEditorSubsystem: Opening Asset editor for Material /Game/Blueprints/ChangingTexture3/WallPaper.WallPaper
[2020.08.24-22.01.27:483][743]LogMaterial: Display: Missing cached shader map for material WallPaper, compiling. 
[2020.08.24-22.01.27:572][743]LogMaterial: Display: Missing cached shader map for material WallPaper, compiling. 
[2020.08.24-22.01.27:581][743]LogMaterial: Display: Missing cached shader map for material WallPaper, compiling. 
[2020.08.24-22.01.27:595][743]LogMaterial: Display: Missing cached shader map for material FMatExpressionPreview MaterialExpressionTextureSampleParameter2D_0, compiling. 
[2020.08.24-22.01.27:681][743]LogAssetEditorSubsystem: Opening Asset editor for WidgetBlueprint /Game/Blueprints/ChangingTexture3/wallpaperChange.wallpaperChange
[2020.08.24-22.01.32:576][743]LogShaderCompilers: Display: Worker (6/9): shaders left to compile 30
[2020.08.24-22.01.32:576][743]LogShaderCompilers: Display: Worker (8/9): shaders left to compile 29
[2020.08.24-22.01.32:576][743]LogShaderCompilers: Display: Worker (2/9): shaders left to compile 28
[2020.08.24-22.01.32:576][743]LogShaderCompilers: Display: Worker (3/9): shaders left to compile 27
[2020.08.24-22.01.32:576][743]LogShaderCompilers: Display: Worker (4/9): shaders left to compile 26
[2020.08.24-22.01.32:576][743]LogShaderCompilers: Display: Worker (7/9): shaders left to compile 25
[2020.08.24-22.01.32:576][743]LogShaderCompilers: Display: Worker (1/9): shaders left to compile 24
[2020.08.24-22.01.32:576][743]LogShaderCompilers: Display: Worker (5/9): shaders left to compile 23
[2020.08.24-22.01.32:603][743]LogAssetEditorSubsystem: Opening Asset editor for Blueprint /Game/Blueprints/StartingContent/FirstPersonCharacter.FirstPersonCharacter
[2020.08.24-22.01.33:208][743]LogShaderCompilers: Display: Worker (2/9): shaders left to compile 22
[2020.08.24-22.01.33:208][743]LogShaderCompilers: Display: Worker (7/9): shaders left to compile 21
[2020.08.24-22.01.33:208][743]LogShaderCompilers: Display: Worker (8/9): shaders left to compile 20
[2020.08.24-22.01.33:281][743]LogShaderCompilers: Display: Worker (5/9): shaders left to compile 19
[2020.08.24-22.01.33:281][743]LogShaderCompilers: Display: Worker (3/9): shaders left to compile 18
[2020.08.24-22.01.33:571][743]LogShaderCompilers: Display: Worker (1/9): shaders left to compile 17
[2020.08.24-22.01.33:571][743]LogShaderCompilers: Display: Worker (4/9): shaders left to compile 16
[2020.08.24-22.01.33:571][743]LogShaderCompilers: Display: Worker (6/9): shaders left to compile 15
[2020.08.24-22.01.33:571][743]LogShaderCompilers: Display: Worker (2/9): shaders left to compile 14
[2020.08.24-22.01.33:571][743]LogShaderCompilers: Display: Worker (7/9): shaders left to compile 13
[2020.08.24-22.01.33:585][743]LogAssetEditorSubsystem: Opening Asset editor for Blueprint /Game/Blueprints/ChangingTexture/Wallpaper.Wallpaper
[2020.08.24-22.01.34:148][743]LogShaderCompilers: Display: Worker (3/9): shaders left to compile 12
[2020.08.24-22.01.34:148][743]LogShaderCompilers: Display: Worker (8/9): shaders left to compile 11
[2020.08.24-22.01.34:148][743]LogShaderCompilers: Display: Worker (1/9): shaders left to compile 10
[2020.08.24-22.01.34:148][743]LogShaderCompilers: Display: Worker (5/9): shaders left to compile 9
[2020.08.24-22.01.34:148][743]LogShaderCompilers: Display: Worker (6/9): shaders left to compile 8
[2020.08.24-22.01.34:148][743]LogShaderCompilers: Display: Worker (4/9): shaders left to compile 7
[2020.08.24-22.01.34:148][743]LogShaderCompilers: Display: Worker (2/9): shaders left to compile 6
[2020.08.24-22.01.34:257][743]LogLinker: Warning: Failed to load '/Game/Maps/Test/FirstPersonExampleMap.FirstPersonExampleMap:PersistentLevel.FirstPersonExampleMap': Can't resolve asset name
[2020.08.24-22.01.35:150][743]LogShaderCompilers: Display: Worker (8/9): shaders left to compile 5
[2020.08.24-22.01.35:150][743]LogShaderCompilers: Display: Worker (7/9): shaders left to compile 4
[2020.08.24-22.01.35:150][743]LogShaderCompilers: Display: Worker (6/9): shaders left to compile 3
[2020.08.24-22.01.35:150][743]LogShaderCompilers: Display: Worker (3/9): shaders left to compile 2
[2020.08.24-22.01.35:150][743]LogShaderCompilers: Display: Worker (5/9): shaders left to compile 1
[2020.08.24-22.01.35:150][743]MaterialEditorStats: Base pass shader: 124 instructions
[2020.08.24-22.01.35:150][743]MaterialEditorStats: Base pass shader with Volumetric Lightmap: 198 instructions
[2020.08.24-22.01.35:150][743]MaterialEditorStats: Base pass vertex shader: 44 instructions
[2020.08.24-22.01.35:150][743]MaterialEditorStats: Texture samplers: 3/16
[2020.08.24-22.01.35:150][743]MaterialEditorStats: Texture Lookups (Est.): VS(0), PS(1)
[2020.08.24-22.01.35:150][743]MaterialEditorStats: User interpolators: 2/4 Scalars (1/4 Vectors) (TexCoords: 2, Custom: 0)
[2020.08.24-22.01.35:253][743]LogSlate: Took 0.000225 seconds to synchronously load lazily loaded font '../../../Engine/Content/Slate/Fonts/Roboto-BoldCondensed.ttf' (158K)
[2020.08.24-22.01.35:773][744]MaterialEditorStats: Base pass shader: 120 instructions
[2020.08.24-22.01.35:773][744]MaterialEditorStats: Base pass shader with Volumetric Lightmap: 194 instructions
[2020.08.24-22.01.35:773][744]MaterialEditorStats: Base pass vertex shader: 44 instructions
[2020.08.24-22.01.35:773][744]MaterialEditorStats: Texture samplers: 3/16
[2020.08.24-22.01.35:773][744]MaterialEditorStats: Texture Lookups (Est.): VS(0), PS(1)
[2020.08.24-22.01.35:773][744]MaterialEditorStats: User interpolators: 2/4 Scalars (1/4 Vectors) (TexCoords: 2, Custom: 0)
[2020.08.24-22.01.35:790][744]LogSlate: Took 0.012755 seconds to synchronously load lazily loaded font '../../../Engine/Content/Slate/Fonts/Roboto-Italic.ttf' (157K)
[2020.08.24-22.01.54:542][198]LogSlate: Took 0.047021 seconds to synchronously load lazily loaded font '../../../Engine/Content/Slate/Fonts/DroidSansMono.ttf' (77K)
[2020.08.24-22.02.05:689][165]LogSlate: Window 'Wallpaper' being destroyed
[2020.08.24-22.02.26:286][ 25]LogAssetEditorSubsystem: Opening Asset editor for World /Game/Maps/Test/FirstPersonExampleMap.FirstPersonExampleMap
[2020.08.24-22.02.26:374][ 25]LogUObjectHash: Compacting FUObjectHashTables data took   4.61ms
[2020.08.24-22.02.26:377][ 25]Cmd: MAP LOAD FILE="../../../../School/Ferris/Capstone/Envision/Envision/Content/Maps/Test/FirstPersonExampleMap.umap" TEMPLATE=0 SHOWPROGRESS=1 FEATURELEVEL=3
[2020.08.24-22.02.26:377][ 25]LightingResults: New page: Lighting Build
[2020.08.24-22.02.26:377][ 25]LogContentBrowser: Native class hierarchy updated for 'StatsViewer' in 0.0003 seconds. Added 6 classes and 0 folders.
[2020.08.24-22.02.26:377][ 25]LoadErrors: New page: Loading map: FirstPersonExampleMap.umap
[2020.08.24-22.02.26:378][ 25]LogWorld: UWorld::CleanupWorld for Untitled, bSessionEnded=true, bCleanupResources=true
[2020.08.24-22.02.26:378][ 25]LogSlate: InvalidateAllWidgets triggered.  All widgets were invalidated
[2020.08.24-22.02.26:378][ 25]MapCheck: New page: Map Check
[2020.08.24-22.02.26:378][ 25]LightingResults: New page: Lighting Build
[2020.08.24-22.02.26:412][ 25]LogAISub: UAISubsystem::~UAISubsystem EnvQueryManager (000002A1940D9600), frame # 5025
[2020.08.24-22.02.26:412][ 25]LogAISub: UAISubsystem::~UAISubsystem AIPerceptionSystem (000002A1940FDD00), frame # 5025
[2020.08.24-22.02.26:416][ 25]LogUObjectHash: Compacting FUObjectHashTables data took   3.36ms
[2020.08.24-22.02.26:662][ 25]LogEditorServer: Finished looking for orphan Actors (0.000 secs)
[2020.08.24-22.02.26:662][ 25]LogAIModule: Creating AISystem for world FirstPersonExampleMap
[2020.08.24-22.02.26:662][ 25]LogAISub: UAISubsystem::UAISubsystem EnvQueryManager (000002A190949600), frame # 5025
[2020.08.24-22.02.26:662][ 25]LogAISub: UAISubsystem::UAISubsystem AIPerceptionSystem (000002A1C54C87C0), frame # 5025
[2020.08.24-22.02.26:707][ 25]LogUObjectHash: Compacting FUObjectHashTables data took   2.83ms
[2020.08.24-22.02.26:732][ 25]Cmd: MAP CHECKDEP NOCLEARLOG
[2020.08.24-22.02.26:732][ 25]MapCheck: Map check complete: 0 Error(s), 0 Warning(s), took 0.078ms to complete.
[2020.08.24-22.02.26:732][ 25]LogFileHelpers: Loading map 'FirstPersonExampleMap' took 0.356
[2020.08.25-00.58.15:787][764]LogEditorViewport: Clicking on Actor (LMB): TextureChange_C (TextureChange)
[2020.08.25-00.58.23:065][580]LogRenderer: Reallocating scene render targets to support 1212x708 Format 10 NumSamples 1 (Frame:1).
[2020.08.25-00.58.29:983][355]BlueprintLog: New page: Compile TextureChange
[2020.08.25-00.58.29:985][355]LogBlueprint: Error: [Compiler TextureChange] This blueprint (self) is not a PrimitiveComponent, therefore ' Target ' must have a connection.
[2020.08.25-00.58.29:985][355]LogBlueprint: Error: [Compiler TextureChange] This blueprint (self) is not a PrimitiveComponent, therefore ' Target ' must have a connection.
[2020.08.25-00.58.29:985][355]LogBlueprint: Error: [Compiler TextureChange] This blueprint (self) is not a PrimitiveComponent, therefore ' Target ' must have a connection.
[2020.08.25-00.58.30:184][355]LogUObjectHash: Compacting FUObjectHashTables data took   5.18ms
[2020.08.25-00.58.43:584][930]BlueprintLog: New page: Compile TextureChange
[2020.08.25-00.58.43:675][930]LogUObjectHash: Compacting FUObjectHashTables data took   4.30ms
[2020.08.25-00.58.54:094][124]LogActorFactory: Actor Factory created Cube
[2020.08.25-00.58.56:469][361]LogActorFactory: Actor Factory created Cube
[2020.08.25-00.59.08:226][737]Cmd: EDIT COPY
[2020.08.25-00.59.08:601][778]Cmd: EDIT PASTE
[2020.08.25-00.59.12:225][190]Cmd: EDIT COPY
[2020.08.25-00.59.12:559][229]Cmd: EDIT PASTE
[2020.08.25-00.59.18:134][875]LogEditorViewport: Clicking on Actor (LMB): TextureChange_C (TextureChange)
[2020.08.25-00.59.46:272][969]LogSavePackage: Moving '../../../../School/Ferris/Capstone/Envision/Envision/Saved/TextureChange44F318084CA039C7E7ACD4B2421FB1D8.tmp' to '../../../../School/Ferris/Capstone/Envision/Envision/Content/Blueprints/ChangingTexture3/TextureChange.uasset'
[2020.08.25-00.59.46:427][969]AssetCheck: New page: Asset Save: TextureChange
[2020.08.25-00.59.46:427][969]LogContentValidation: Display: Validating Blueprint /Game/Blueprints/ChangingTexture3/TextureChange.TextureChange
[2020.08.25-01.00.30:959][289]LogUObjectHash: Compacting FUObjectHashTables data took   3.60ms
[2020.08.25-01.00.31:073][289]LogSavePackage: Moving '../../../../School/Ferris/Capstone/Envision/Envision/Saved/FirstPersonExampleMap_Auto18243818144C518553E3484BE5613FEDD.tmp' to '../../../../School/Ferris/Capstone/Envision/Envision/Saved/Autosaves/Game/Maps/Test/FirstPersonExampleMap_Auto1.umap'
[2020.08.25-01.00.31:076][289]LogFileHelpers: Editor autosave (incl. sublevels) for '/Game/Maps/Test/FirstPersonExampleMap' took 0.155
[2020.08.25-01.00.31:076][289]LogFileHelpers: Editor autosave (incl. sublevels) for all levels took 0.155
[2020.08.25-01.00.31:096][289]OBJ SavePackage: Generating thumbnails for [0] asset(s) in package [/Game/Blueprints/ChangingTexture3/wallpaperChange] ([1] browsable assets)...
[2020.08.25-01.00.31:096][289]OBJ SavePackage: Finished generating thumbnails for package [/Game/Blueprints/ChangingTexture3/wallpaperChange]
[2020.08.25-01.00.31:133][289]LogSavePackage: Moving '../../../../School/Ferris/Capstone/Envision/Envision/Saved/wallpaperChange_Auto1EDF6116D4D594D5FEACC9EB9FF281D44.tmp' to '../../../../School/Ferris/Capstone/Envision/Envision/Saved/Autosaves/Game/Blueprints/ChangingTexture3/wallpaperChange_Auto1.uasset'
[2020.08.25-01.00.31:181][289]LogFileHelpers: Auto-saving content packages took 0.104
