Log file open, 01/21/21 17:24:41
LogInit: Display: Running engine for game: VREnvision
LogPlatformFile: Not using cached read wrapper
LogTaskGraph: Started task graph with 5 named threads and 35 total threads with 3 sets of task threads.
LogStats: Stats thread started at 1.197511
LogD3D11RHI: Loaded GFSDK_Aftermath_Lib.x64.dll
LogICUInternationalization: ICU TimeZone Detection - Raw Offset: -5:00, Platform Override: ''
LogPluginManager: Mounting plugin Paper2D
LogPluginManager: Mounting plugin AISupport
LogPluginManager: Mounting plugin LightPropagationVolume
LogPluginManager: Mounting plugin CameraShakePreviewer
LogPluginManager: Mounting plugin ActorLayerUtilities
LogPluginManager: Mounting plugin AnimationSharing
LogPluginManager: Mounting plugin CLionSourceCodeAccess
LogPluginManager: Mounting plugin CodeLiteSourceCodeAccess
LogPluginManager: Mounting plugin GitSourceControl
LogPluginManager: Mounting plugin KDevelopSourceCodeAccess
LogPluginManager: Mounting plugin NullSourceCodeAccess
LogPluginManager: Mounting plugin PerforceSourceControl
LogPluginManager: Mounting plugin PlasticSourceControl
LogPluginManager: Mounting plugin RiderSourceCodeAccess
LogPluginManager: Mounting plugin SubversionSourceControl
LogPluginManager: Mounting plugin UObjectPlugin
LogPluginManager: Mounting plugin VisualStudioCodeSourceCodeAccess
LogPluginManager: Mounting plugin VisualStudioSourceCodeAccess
LogPluginManager: Mounting plugin XCodeSourceCodeAccess
LogPluginManager: Mounting plugin AssetManagerEditor
LogPluginManager: Mounting plugin CryptoKeys
LogPluginManager: Mounting plugin CurveEditorTools
LogPluginManager: Mounting plugin DataValidation
LogPluginManager: Mounting plugin EditorScriptingUtilities
LogPluginManager: Mounting plugin FacialAnimation
LogPluginManager: Mounting plugin GameplayTagsEditor
LogPluginManager: Mounting plugin GeometryMode
LogPluginManager: Mounting plugin MacGraphicsSwitching
LogPluginManager: Mounting plugin MaterialAnalyzer
LogPluginManager: Mounting plugin MobileLauncherProfileWizard
LogPluginManager: Mounting plugin PluginBrowser
LogPluginManager: Mounting plugin SpeedTreeImporter
LogPluginManager: Mounting plugin DatasmithContent
LogPluginManager: Mounting plugin VariantManagerContent
LogPluginManager: Mounting plugin AlembicImporter
LogPluginManager: Mounting plugin AutomationUtils
LogPluginManager: Mounting plugin BackChannel
LogPluginManager: Mounting plugin ChaosCloth
LogPluginManager: Mounting plugin ChaosClothEditor
LogPluginManager: Mounting plugin ChaosEditor
LogPluginManager: Mounting plugin ChaosNiagara
LogPluginManager: Mounting plugin ChaosSolverPlugin
LogPluginManager: Mounting plugin CharacterAI
LogPluginManager: Mounting plugin GeometryCache
LogPluginManager: Mounting plugin GeometryCollectionPlugin
LogPluginManager: Mounting plugin GeometryProcessing
LogPluginManager: Mounting plugin PlanarCut
LogPluginManager: Mounting plugin PlatformCrypto
LogPluginManager: Mounting plugin ProxyLODPlugin
LogPluginManager: Mounting plugin SkeletalReduction
LogPluginManager: Mounting plugin Niagara
LogPluginManager: Mounting plugin MagicLeap
LogPluginManager: Mounting plugin MagicLeapLightEstimation
LogPluginManager: Mounting plugin MagicLeapMedia
LogPluginManager: Mounting plugin MagicLeapPassableWorld
LogPluginManager: Mounting plugin MLSDK
LogPluginManager: Mounting plugin AndroidMedia
LogPluginManager: Mounting plugin AvfMedia
LogPluginManager: Mounting plugin ImgMedia
LogPluginManager: Mounting plugin MediaCompositing
LogPluginManager: Mounting plugin MediaPlayerEditor
LogPluginManager: Mounting plugin WebMMedia
LogPluginManager: Mounting plugin WmfMedia
LogPluginManager: Mounting plugin MeshPainting
LogPluginManager: Mounting plugin TcpMessaging
LogPluginManager: Mounting plugin UdpMessaging
LogPluginManager: Mounting plugin ActorSequence
LogPluginManager: Mounting plugin LevelSequenceEditor
LogPluginManager: Mounting plugin MatineeToLevelSequence
LogPluginManager: Mounting plugin MovieRenderPipeline
LogPluginManager: Mounting plugin TemplateSequence
LogPluginManager: Mounting plugin NetcodeUnitTest
LogPluginManager: Mounting plugin NUTUnrealEngine4
LogPluginManager: Mounting plugin OnlineSubsystemGooglePlay
LogPluginManager: Mounting plugin OnlineSubsystemIOS
LogPluginManager: Mounting plugin OnlineSubsystem
LogPluginManager: Mounting plugin OnlineSubsystemNull
LogPluginManager: Mounting plugin OnlineSubsystemOculus
LogPluginManager: Mounting plugin OnlineSubsystemUtils
LogPluginManager: Mounting plugin LauncherChunkInstaller
LogPluginManager: Mounting plugin AndroidDeviceProfileSelector
LogPluginManager: Mounting plugin AndroidMoviePlayer
LogPluginManager: Mounting plugin AndroidPermission
LogPluginManager: Mounting plugin AppleImageUtils
LogPluginManager: Mounting plugin AppleMoviePlayer
LogPluginManager: Mounting plugin ArchVisCharacter
LogPluginManager: Mounting plugin AssetTags
LogPluginManager: Mounting plugin AudioCapture
LogPluginManager: Mounting plugin CableComponent
LogPluginManager: Mounting plugin CustomMeshComponent
LogPluginManager: Mounting plugin EditableMesh
LogPluginManager: Mounting plugin ExampleDeviceProfileSelector
LogPluginManager: Mounting plugin GoogleCloudMessaging
LogPluginManager: Mounting plugin GooglePAD
LogPluginManager: Mounting plugin IOSDeviceProfileSelector
LogPluginManager: Mounting plugin LinuxDeviceProfileSelector
LogPluginManager: Mounting plugin LocationServicesBPLibrary
LogPluginManager: Mounting plugin MobilePatchingUtils
LogPluginManager: Mounting plugin OculusAudio
LogPluginManager: Mounting plugin OculusAvatar
LogPluginManager: Mounting plugin OculusVR
LogPluginManager: Mounting plugin PhysXVehicles
LogPluginManager: Mounting plugin PostSplashScreen
LogPluginManager: Mounting plugin ProceduralMeshComponent
LogPluginManager: Mounting plugin RuntimePhysXCooking
LogPluginManager: Mounting plugin SignificanceManager
LogPluginManager: Mounting plugin SoundFields
LogPluginManager: Mounting plugin SteamVR
LogPluginManager: Mounting plugin Synthesis
LogPluginManager: Mounting plugin WebMMoviePlayer
LogPluginManager: Mounting plugin WindowsMoviePlayer
LogPluginManager: Mounting plugin ScreenshotTools
LogInit: Using libcurl 7.55.1-DEV
LogInit:  - built for x86_64-pc-win32
LogInit:  - supports SSL with OpenSSL/1.1.1
LogInit:  - supports HTTP deflate (compression) using libz 1.2.8
LogInit:  - other features:
LogInit:      CURL_VERSION_SSL
LogInit:      CURL_VERSION_LIBZ
LogInit:      CURL_VERSION_IPV6
LogInit:      CURL_VERSION_ASYNCHDNS
LogInit:      CURL_VERSION_LARGEFILE
LogInit:      CURL_VERSION_IDN
LogInit:  CurlRequestOptions (configurable via config and command line):
LogInit:  - bVerifyPeer = true  - Libcurl will verify peer certificate
LogInit:  - bUseHttpProxy = false  - Libcurl will NOT use HTTP proxy
LogInit:  - bDontReuseConnections = false  - Libcurl will reuse connections
LogInit:  - MaxHostConnections = 16  - Libcurl will limit the number of connections to a host
LogInit:  - LocalHostAddr = Default
LogInit:  - BufferSize = 65536
LogOnline: OSS: Creating online subsystem instance for: NULL
LogInit: WinSock: version 1.1 (2.2), MaxSocks=32767, MaxUdp=65467
LogOnline: OSS: TryLoadSubsystemAndSetDefault: Loaded subsystem for module [NULL]
LogAudio: Display: Oculus Audio: Middleware plugins not found, assuming native UE4 AudioMixer
LogAudio: Display: Oculus Audio: Attempting to load Oculus Spatializer DLL: ../../../Engine/Binaries/ThirdParty/Oculus/Audio/Win64/ (from ovraudio64)
LogInit: Build: ++UE4+Release-4.25-CL-13908680
LogInit: Engine Version: 4.25.2-13908680+++UE4+Release-4.25
LogInit: Compatible Engine Version: 4.25.0-13144385+++UE4+Release-4.25
LogInit: Net CL: 13144385
LogInit: OS: Windows 10 (Release 1909) (), CPU: AMD Ryzen 5 2600 Six-Core Processor            , GPU: NVIDIA GeForce GTX 1650
LogInit: Compiled (64-bit): Jul 22 2020 02:11:51
LogInit: Compiled with Visual C++: 19.24.28315.00
LogInit: Build Configuration: Development
LogInit: Branch Name: ++UE4+Release-4.25
LogInit: Command Line: 
LogInit: Base Directory: C:/Program Files/Epic Games/UE_4.25/Engine/Binaries/Win64/
LogInit: Allocator: TBB
LogInit: Installed Engine Build: 1
LogDevObjectVersion: Number of dev versions registered: 26
LogDevObjectVersion:   Dev-Blueprints (B0D832E4-1F89-4F0D-ACCF-7EB736FD4AA2): 10
LogDevObjectVersion:   Dev-Build (E1C64328-A22C-4D53-A36C-8E866417BD8C): 0
LogDevObjectVersion:   Dev-Core (375EC13C-06E4-48FB-B500-84F0262A717E): 4
LogDevObjectVersion:   Dev-Editor (E4B068ED-F494-42E9-A231-DA0B2E46BB41): 38
LogDevObjectVersion:   Dev-Framework (CFFC743F-43B0-4480-9391-14DF171D2073): 37
LogDevObjectVersion:   Dev-Mobile (B02B49B5-BB20-44E9-A304-32B752E40360): 2
LogDevObjectVersion:   Dev-Networking (A4E4105C-59A1-49B5-A7C5-40C4547EDFEE): 0
LogDevObjectVersion:   Dev-Online (39C831C9-5AE6-47DC-9A44-9C173E1C8E7C): 0
LogDevObjectVersion:   Dev-Physics (78F01B33-EBEA-4F98-B9B4-84EACCB95AA2): 4
LogDevObjectVersion:   Dev-Platform (6631380F-2D4D-43E0-8009-CF276956A95A): 0
LogDevObjectVersion:   Dev-Rendering (12F88B9F-8875-4AFC-A67C-D90C383ABD29): 43
LogDevObjectVersion:   Dev-Sequencer (7B5AE74C-D270-4C10-A958-57980B212A5A): 12
LogDevObjectVersion:   Dev-VR (D7296918-1DD6-4BDD-9DE2-64A83CC13884): 3
LogDevObjectVersion:   Dev-LoadTimes (C2A15278-BFE7-4AFE-6C17-90FF531DF755): 1
LogDevObjectVersion:   Private-Geometry (6EACA3D4-40EC-4CC1-B786-8BED09428FC5): 3
LogDevObjectVersion:   Dev-AnimPhys (29E575DD-E0A3-4627-9D10-D276232CDCEA): 17
LogDevObjectVersion:   Dev-Anim (AF43A65D-7FD3-4947-9873-3E8ED9C1BB05): 7
LogDevObjectVersion:   Dev-ReflectionCapture (6B266CEC-1EC7-4B8F-A30B-E4D90942FC07): 1
LogDevObjectVersion:   Dev-Automation (0DF73D61-A23F-47EA-B727-89E90C41499A): 1
LogDevObjectVersion:   FortniteMain (601D1886-AC64-4F84-AA16-D3DE0DEAC7D6): 31
LogDevObjectVersion:   Dev-Enterprise (9DFFBCD6-494F-0158-E221-12823C92A888): 10
LogDevObjectVersion:   Dev-Niagara (F2AED0AC-9AFE-416F-8664-AA7FFA26D6FC): 1
LogDevObjectVersion:   Dev-Destruction (174F1F0B-B4C6-45A5-B13F-2EE8D0FB917D): 10
LogDevObjectVersion:   Dev-Physics-Ext (35F94A83-E258-406C-A318-09F59610247C): 37
LogDevObjectVersion:   Dev-PhysicsMaterial-Chaos (B68FC16E-8B1B-42E2-B453-215C058844FE): 1
LogDevObjectVersion:   Dev-CineCamera (B2E18506-4273-CFC2-A54E-F4BB758BBA07): 1
LogInit: Presizing for max 25165824 objects, including 0 objects not considered by GC, pre-allocating 0 bytes for permanent pool.
LogConfig: Applying CVar settings from Section [/Script/Engine.StreamingSettings] File [D:/eNVISION/Envision/VREnvision/Saved/Config/Windows/Engine.ini]
LogConfig: Setting CVar [[s.MinBulkDataSizeForAsyncLoading:131072]]
LogConfig: Setting CVar [[s.AsyncLoadingThreadEnabled:0]]
LogConfig: Setting CVar [[s.EventDrivenLoaderEnabled:1]]
LogConfig: Setting CVar [[s.WarnIfTimeLimitExceeded:0]]
LogConfig: Setting CVar [[s.TimeLimitExceededMultiplier:1.5]]
LogConfig: Setting CVar [[s.TimeLimitExceededMinTime:0.005]]
LogConfig: Setting CVar [[s.UseBackgroundLevelStreaming:1]]
LogConfig: Setting CVar [[s.PriorityAsyncLoadingExtraTime:15.0]]
LogConfig: Setting CVar [[s.LevelStreamingActorsUpdateTimeLimit:5.0]]
LogConfig: Setting CVar [[s.PriorityLevelStreamingActorsUpdateExtraTime:5.0]]
LogConfig: Setting CVar [[s.LevelStreamingComponentsRegistrationGranularity:10]]
LogConfig: Setting CVar [[s.UnregisterComponentsTimeLimit:1.0]]
LogConfig: Setting CVar [[s.LevelStreamingComponentsUnregistrationGranularity:5]]
LogConfig: Setting CVar [[s.FlushStreamingOnExit:1]]
LogInit: Object subsystem initialized
LogConfig: Setting CVar [[con.DebugEarlyDefault:1]]
LogConfig: Setting CVar [[r.setres:1280x720]]
[2021.01.21-22.24.42:823][  0]LogConfig: Setting CVar [[r.VSync:0]]
[2021.01.21-22.24.42:823][  0]LogConfig: Setting CVar [[r.RHICmdBypass:0]]
[2021.01.21-22.24.42:824][  0]LogConfig: Applying CVar settings from Section [/Script/Engine.RendererSettings] File [D:/eNVISION/Envision/VREnvision/Saved/Config/Windows/Engine.ini]
[2021.01.21-22.24.42:824][  0]LogConfig: Setting CVar [[r.GPUCrashDebugging:0]]
[2021.01.21-22.24.42:824][  0]LogConfig: Setting CVar [[r.DefaultFeature.AmbientOcclusion:0]]
[2021.01.21-22.24.42:824][  0]LogConfig: Setting CVar [[r.DefaultFeature.AmbientOcclusionStaticFraction:0]]
[2021.01.21-22.24.42:824][  0]LogConfig: Setting CVar [[vr.InstancedStereo:1]]
[2021.01.21-22.24.42:824][  0]LogConfig: Setting CVar [[r.SeparateTranslucency:0]]
[2021.01.21-22.24.42:824][  0]LogConfig: Setting CVar [[r.HZBOcclusion:0]]
[2021.01.21-22.24.42:824][  0]LogConfig: Setting CVar [[r.SSR.MaxRoughness:0]]
[2021.01.21-22.24.42:824][  0]LogConfig: Setting CVar [[r.rhicmdbypass:0]]
[2021.01.21-22.24.42:825][  0]LogConfig: Setting CVar [[r.ForwardShading:1]]
[2021.01.21-22.24.42:825][  0]LogConfig: Applying CVar settings from Section [/Script/Engine.RendererOverrideSettings] File [D:/eNVISION/Envision/VREnvision/Saved/Config/Windows/Engine.ini]
[2021.01.21-22.24.42:825][  0]LogConfig: Applying CVar settings from Section [/Script/Engine.StreamingSettings] File [D:/eNVISION/Envision/VREnvision/Saved/Config/Windows/Engine.ini]
[2021.01.21-22.24.42:825][  0]LogConfig: Setting CVar [[s.MinBulkDataSizeForAsyncLoading:131072]]
[2021.01.21-22.24.42:825][  0]LogConfig: Setting CVar [[s.AsyncLoadingThreadEnabled:0]]
[2021.01.21-22.24.42:825][  0]LogConfig: Setting CVar [[s.EventDrivenLoaderEnabled:1]]
[2021.01.21-22.24.42:825][  0]LogConfig: Setting CVar [[s.WarnIfTimeLimitExceeded:0]]
[2021.01.21-22.24.42:825][  0]LogConfig: Setting CVar [[s.TimeLimitExceededMultiplier:1.5]]
[2021.01.21-22.24.42:825][  0]LogConfig: Setting CVar [[s.TimeLimitExceededMinTime:0.005]]
[2021.01.21-22.24.42:825][  0]LogConfig: Setting CVar [[s.UseBackgroundLevelStreaming:1]]
[2021.01.21-22.24.42:825][  0]LogConfig: Setting CVar [[s.PriorityAsyncLoadingExtraTime:15.0]]
[2021.01.21-22.24.42:825][  0]LogConfig: Setting CVar [[s.LevelStreamingActorsUpdateTimeLimit:5.0]]
[2021.01.21-22.24.42:825][  0]LogConfig: Setting CVar [[s.PriorityLevelStreamingActorsUpdateExtraTime:5.0]]
[2021.01.21-22.24.42:825][  0]LogConfig: Setting CVar [[s.LevelStreamingComponentsRegistrationGranularity:10]]
[2021.01.21-22.24.42:825][  0]LogConfig: Setting CVar [[s.UnregisterComponentsTimeLimit:1.0]]
[2021.01.21-22.24.42:825][  0]LogConfig: Setting CVar [[s.LevelStreamingComponentsUnregistrationGranularity:5]]
[2021.01.21-22.24.42:825][  0]LogConfig: Setting CVar [[s.FlushStreamingOnExit:1]]
[2021.01.21-22.24.42:825][  0]LogConfig: Applying CVar settings from Section [/Script/Engine.GarbageCollectionSettings] File [D:/eNVISION/Envision/VREnvision/Saved/Config/Windows/Engine.ini]
[2021.01.21-22.24.42:825][  0]LogConfig: Setting CVar [[gc.MaxObjectsNotConsideredByGC:1]]
[2021.01.21-22.24.42:825][  0]LogConfig: Setting CVar [[gc.SizeOfPermanentObjectPool:0]]
[2021.01.21-22.24.42:825][  0]LogConfig: Setting CVar [[gc.FlushStreamingOnGC:0]]
[2021.01.21-22.24.42:825][  0]LogConfig: Setting CVar [[gc.NumRetriesBeforeForcingGC:10]]
[2021.01.21-22.24.42:825][  0]LogConfig: Setting CVar [[gc.AllowParallelGC:1]]
[2021.01.21-22.24.42:825][  0]LogConfig: Setting CVar [[gc.TimeBetweenPurgingPendingKillObjects:61.1]]
[2021.01.21-22.24.42:825][  0]LogConfig: Setting CVar [[gc.MaxObjectsInEditor:25165824]]
[2021.01.21-22.24.42:825][  0]LogConfig: Setting CVar [[gc.IncrementalBeginDestroyEnabled:1]]
[2021.01.21-22.24.42:825][  0]LogConfig: Setting CVar [[gc.CreateGCClusters:1]]
[2021.01.21-22.24.42:825][  0]LogConfig: Setting CVar [[gc.MinGCClusterSize:5]]
[2021.01.21-22.24.42:825][  0]LogConfig: Setting CVar [[gc.ActorClusteringEnabled:0]]
[2021.01.21-22.24.42:825][  0]LogConfig: Setting CVar [[gc.BlueprintClusteringEnabled:0]]
[2021.01.21-22.24.42:825][  0]LogConfig: Setting CVar [[gc.UseDisregardForGCOnDedicatedServers:0]]
[2021.01.21-22.24.42:825][  0]LogConfig: Applying CVar settings from Section [/Script/Engine.NetworkSettings] File [D:/eNVISION/Envision/VREnvision/Saved/Config/Windows/Engine.ini]
[2021.01.21-22.24.42:825][  0]LogConfig: Applying CVar settings from Section [/Script/UnrealEd.CookerSettings] File [D:/eNVISION/Envision/VREnvision/Saved/Config/Windows/Engine.ini]
[2021.01.21-22.24.42:832][  0]LogConfig: Applying CVar settings from Section [ViewDistanceQuality@3] File [D:/eNVISION/Envision/VREnvision/Saved/Config/Windows/Scalability.ini]
[2021.01.21-22.24.42:832][  0]LogConfig: Setting CVar [[r.SkeletalMeshLODBias:0]]
[2021.01.21-22.24.42:832][  0]LogConfig: Setting CVar [[r.ViewDistanceScale:1.0]]
[2021.01.21-22.24.42:832][  0]LogConfig: Applying CVar settings from Section [AntiAliasingQuality@3] File [D:/eNVISION/Envision/VREnvision/Saved/Config/Windows/Scalability.ini]
[2021.01.21-22.24.42:832][  0]LogConfig: Setting CVar [[r.PostProcessAAQuality:3]]
[2021.01.21-22.24.42:832][  0]LogConfig: Applying CVar settings from Section [ShadowQuality@3] File [D:/eNVISION/Envision/VREnvision/Saved/Config/Windows/Scalability.ini]
[2021.01.21-22.24.42:832][  0]LogConfig: Setting CVar [[r.LightFunctionQuality:1]]
[2021.01.21-22.24.42:832][  0]LogConfig: Setting CVar [[r.ShadowQuality:5]]
[2021.01.21-22.24.42:832][  0]LogConfig: Setting CVar [[r.Shadow.CSM.MaxCascades:10]]
[2021.01.21-22.24.42:832][  0]LogConfig: Setting CVar [[r.Shadow.MaxResolution:2048]]
[2021.01.21-22.24.42:832][  0]LogConfig: Setting CVar [[r.Shadow.MaxCSMResolution:2048]]
[2021.01.21-22.24.42:832][  0]LogConfig: Setting CVar [[r.Shadow.RadiusThreshold:0.01]]
[2021.01.21-22.24.42:832][  0]LogConfig: Setting CVar [[r.Shadow.DistanceScale:1.0]]
[2021.01.21-22.24.42:832][  0]LogConfig: Setting CVar [[r.Shadow.CSM.TransitionScale:1.0]]
[2021.01.21-22.24.42:832][  0]LogConfig: Setting CVar [[r.Shadow.PreShadowResolutionFactor:1.0]]
[2021.01.21-22.24.42:832][  0]LogConfig: Setting CVar [[r.DistanceFieldShadowing:1]]
[2021.01.21-22.24.42:832][  0]LogConfig: Setting CVar [[r.DistanceFieldAO:1]]
[2021.01.21-22.24.42:832][  0]LogConfig: Setting CVar [[r.AOQuality:2]]
[2021.01.21-22.24.42:832][  0]LogConfig: Setting CVar [[r.VolumetricFog:1]]
[2021.01.21-22.24.42:832][  0]LogConfig: Setting CVar [[r.VolumetricFog.GridPixelSize:8]]
[2021.01.21-22.24.42:832][  0]LogConfig: Setting CVar [[r.VolumetricFog.GridSizeZ:128]]
[2021.01.21-22.24.42:832][  0]LogConfig: Setting CVar [[r.VolumetricFog.HistoryMissSupersampleCount:4]]
[2021.01.21-22.24.42:832][  0]LogConfig: Setting CVar [[r.LightMaxDrawDistanceScale:1]]
[2021.01.21-22.24.42:832][  0]LogConfig: Setting CVar [[r.CapsuleShadows:1]]
[2021.01.21-22.24.42:832][  0]LogConfig: Applying CVar settings from Section [PostProcessQuality@3] File [D:/eNVISION/Envision/VREnvision/Saved/Config/Windows/Scalability.ini]
[2021.01.21-22.24.42:832][  0]LogConfig: Setting CVar [[r.MotionBlurQuality:0]]
[2021.01.21-22.24.42:832][  0]LogConfig: Setting CVar [[r.AmbientOcclusionMipLevelFactor:0.4]]
[2021.01.21-22.24.42:832][  0]LogConfig: Setting CVar [[r.AmbientOcclusionMaxQuality:100]]
[2021.01.21-22.24.42:832][  0]LogConfig: Setting CVar [[r.AmbientOcclusionLevels:0]]
[2021.01.21-22.24.42:832][  0]LogConfig: Setting CVar [[r.AmbientOcclusionRadiusScale:1.0]]
[2021.01.21-22.24.42:832][  0]LogConfig: Setting CVar [[r.DepthOfFieldQuality:0]]
[2021.01.21-22.24.42:832][  0]LogConfig: Setting CVar [[r.RenderTargetPoolMin:400]]
[2021.01.21-22.24.42:832][  0]LogConfig: Setting CVar [[r.LensFlareQuality:0]]
[2021.01.21-22.24.42:832][  0]LogConfig: Setting CVar [[r.SceneColorFringeQuality:0]]
[2021.01.21-22.24.42:832][  0]LogConfig: Setting CVar [[r.EyeAdaptationQuality:2]]
[2021.01.21-22.24.42:832][  0]LogConfig: Setting CVar [[r.BloomQuality:1]]
[2021.01.21-22.24.42:832][  0]LogConfig: Setting CVar [[r.FastBlurThreshold:0]]
[2021.01.21-22.24.42:832][  0]LogConfig: Setting CVar [[r.Upscale.Quality:3]]
[2021.01.21-22.24.42:832][  0]LogConfig: Setting CVar [[r.Tonemapper.GrainQuantization:1]]
[2021.01.21-22.24.42:832][  0]LogConfig: Setting CVar [[r.LightShaftQuality:1]]
[2021.01.21-22.24.42:832][  0]LogConfig: Setting CVar [[r.Filter.SizeScale:1]]
[2021.01.21-22.24.42:832][  0]LogConfig: Setting CVar [[r.Tonemapper.Quality:5]]
[2021.01.21-22.24.42:832][  0]LogConfig: Setting CVar [[r.DOF.Gather.AccumulatorQuality:1        ; higher gathering accumulator quality]]
[2021.01.21-22.24.42:832][  0]LogConfig: Setting CVar [[r.DOF.Gather.PostfilterMethod:1          ; Median3x3 postfilering method]]
[2021.01.21-22.24.42:832][  0]LogConfig: Setting CVar [[r.DOF.Gather.EnableBokehSettings:0       ; no bokeh simulation when gathering]]
[2021.01.21-22.24.42:832][  0]LogConfig: Setting CVar [[r.DOF.Gather.RingCount:4                 ; medium number of samples when gathering]]
[2021.01.21-22.24.42:832][  0]LogConfig: Setting CVar [[r.DOF.Scatter.ForegroundCompositing:1    ; additive foreground scattering]]
[2021.01.21-22.24.42:832][  0]LogConfig: Setting CVar [[r.DOF.Scatter.BackgroundCompositing:2    ; additive background scattering]]
[2021.01.21-22.24.42:832][  0]LogConfig: Setting CVar [[r.DOF.Scatter.EnableBokehSettings:1      ; bokeh simulation when scattering]]
[2021.01.21-22.24.42:832][  0]LogConfig: Setting CVar [[r.DOF.Scatter.MaxSpriteRatio:0.1         ; only a maximum of 10% of scattered bokeh]]
[2021.01.21-22.24.42:832][  0]LogConfig: Setting CVar [[r.DOF.Recombine.Quality:1                ; cheap slight out of focus]]
[2021.01.21-22.24.42:832][  0]LogConfig: Setting CVar [[r.DOF.Recombine.EnableBokehSettings:0    ; no bokeh simulation on slight out of focus]]
[2021.01.21-22.24.42:832][  0]LogConfig: Setting CVar [[r.DOF.TemporalAAQuality:1                ; more stable temporal accumulation]]
[2021.01.21-22.24.42:833][  0]LogConfig: Setting CVar [[r.DOF.Kernel.MaxForegroundRadius:0.025]]
[2021.01.21-22.24.42:833][  0]LogConfig: Setting CVar [[r.DOF.Kernel.MaxBackgroundRadius:0.025]]
[2021.01.21-22.24.42:833][  0]LogConfig: Applying CVar settings from Section [TextureQuality@3] File [D:/eNVISION/Envision/VREnvision/Saved/Config/Windows/Scalability.ini]
[2021.01.21-22.24.42:833][  0]LogConfig: Setting CVar [[r.Streaming.MipBias:0]]
[2021.01.21-22.24.42:833][  0]LogConfig: Setting CVar [[r.Streaming.AmortizeCPUToGPUCopy:0]]
[2021.01.21-22.24.42:833][  0]LogConfig: Setting CVar [[r.Streaming.MaxNumTexturesToStreamPerFrame:0]]
[2021.01.21-22.24.42:833][  0]LogConfig: Setting CVar [[r.Streaming.Boost:1]]
[2021.01.21-22.24.42:833][  0]LogConfig: Setting CVar [[r.MaxAnisotropy:8]]
[2021.01.21-22.24.42:833][  0]LogConfig: Setting CVar [[r.VT.MaxAnisotropy:8]]
[2021.01.21-22.24.42:833][  0]LogConfig: Setting CVar [[r.Streaming.LimitPoolSizeToVRAM:0]]
[2021.01.21-22.24.42:833][  0]LogConfig: Setting CVar [[r.Streaming.PoolSize:1000]]
[2021.01.21-22.24.42:833][  0]LogConfig: Setting CVar [[r.Streaming.MaxEffectiveScreenSize:0]]
[2021.01.21-22.24.42:833][  0]LogConfig: Applying CVar settings from Section [EffectsQuality@3] File [D:/eNVISION/Envision/VREnvision/Saved/Config/Windows/Scalability.ini]
[2021.01.21-22.24.42:833][  0]LogConfig: Setting CVar [[r.TranslucencyLightingVolumeDim:4]]
[2021.01.21-22.24.42:833][  0]LogConfig: Setting CVar [[r.RefractionQuality:2]]
[2021.01.21-22.24.42:833][  0]LogConfig: Setting CVar [[r.SSR.Quality:0]]
[2021.01.21-22.24.42:833][  0]LogConfig: Setting CVar [[r.SSR.HalfResSceneColor:0]]
[2021.01.21-22.24.42:833][  0]LogConfig: Setting CVar [[r.SceneColorFormat:2]]
[2021.01.21-22.24.42:833][  0]LogConfig: Setting CVar [[r.DetailMode:2]]
[2021.01.21-22.24.42:833][  0]LogConfig: Setting CVar [[r.TranslucencyVolumeBlur:0]]
[2021.01.21-22.24.42:833][  0]LogConfig: Setting CVar [[r.MaterialQualityLevel:1 ; High quality]]
[2021.01.21-22.24.42:833][  0]LogConfig: Setting CVar [[r.SSS.Scale:1]]
[2021.01.21-22.24.42:833][  0]LogConfig: Setting CVar [[r.SSS.SampleSet:2]]
[2021.01.21-22.24.42:833][  0]LogConfig: Setting CVar [[r.SSS.Quality:1]]
[2021.01.21-22.24.42:833][  0]LogConfig: Setting CVar [[r.SSS.HalfRes:0]]
[2021.01.21-22.24.42:833][  0]LogConfig: Setting CVar [[r.SSGI.Quality:3]]
[2021.01.21-22.24.42:833][  0]LogConfig: Setting CVar [[r.EmitterSpawnRateScale:1.0]]
[2021.01.21-22.24.42:833][  0]LogConfig: Setting CVar [[r.ParticleLightQuality:2]]
[2021.01.21-22.24.42:833][  0]LogConfig: Setting CVar [[r.SkyAtmosphere.AerialPerspectiveLUT.FastApplyOnOpaque:1 ; Always have FastSkyLUT 1 in this case to avoid wrong sky]]
[2021.01.21-22.24.42:833][  0]LogConfig: Setting CVar [[r.SkyAtmosphere.AerialPerspectiveLUT.SampleCountPerSlice:1]]
[2021.01.21-22.24.42:833][  0]LogConfig: Setting CVar [[r.SkyAtmosphere.AerialPerspectiveLUT.DepthResolution:16.0]]
[2021.01.21-22.24.42:833][  0]LogConfig: Setting CVar [[r.SkyAtmosphere.FastSkyLUT:1]]
[2021.01.21-22.24.42:833][  0]LogConfig: Setting CVar [[r.SkyAtmosphere.FastSkyLUT.SampleCountMin:4.0]]
[2021.01.21-22.24.42:833][  0]LogConfig: Setting CVar [[r.SkyAtmosphere.FastSkyLUT.SampleCountMax:32.0]]
[2021.01.21-22.24.42:833][  0]LogConfig: Setting CVar [[r.SkyAtmosphere.SampleCountMin:4.0]]
[2021.01.21-22.24.42:833][  0]LogConfig: Setting CVar [[r.SkyAtmosphere.SampleCountMax:32.0]]
[2021.01.21-22.24.42:833][  0]LogConfig: Setting CVar [[r.SkyAtmosphere.TransmittanceLUT.UseSmallFormat:0]]
[2021.01.21-22.24.42:833][  0]LogConfig: Setting CVar [[r.SkyAtmosphere.TransmittanceLUT.SampleCount:10.0]]
[2021.01.21-22.24.42:833][  0]LogConfig: Setting CVar [[r.SkyAtmosphere.MultiScatteringLUT.SampleCount:15.0]]
[2021.01.21-22.24.42:833][  0]LogConfig: Applying CVar settings from Section [FoliageQuality@3] File [D:/eNVISION/Envision/VREnvision/Saved/Config/Windows/Scalability.ini]
[2021.01.21-22.24.42:833][  0]LogConfig: Setting CVar [[foliage.DensityScale:1.0]]
[2021.01.21-22.24.42:833][  0]LogConfig: Setting CVar [[grass.DensityScale:1.0]]
[2021.01.21-22.24.42:833][  0]LogConfig: Applying CVar settings from Section [ShadingQuality@3] File [D:/eNVISION/Envision/VREnvision/Saved/Config/Windows/Scalability.ini]
[2021.01.21-22.24.42:833][  0]LogConfig: Setting CVar [[r.HairStrands.SkyLighting.SampleCount:16]]
[2021.01.21-22.24.42:833][  0]LogConfig: Setting CVar [[r.HairStrands.SkyLighting.JitterIntegration:0]]
[2021.01.21-22.24.42:833][  0]LogConfig: Setting CVar [[r.HairStrands.SkyAO.SampleCount:16]]
[2021.01.21-22.24.42:833][  0]LogConfig: Setting CVar [[r.HairStrands.DeepShadow.SuperSampling:0]]
[2021.01.21-22.24.42:833][  0]LogConfig: Setting CVar [[r.HairStrands.VisibilityPPLL:0]]
[2021.01.21-22.24.42:833][  0]LogConfig: Setting CVar [[r.HairStrands.RasterizationScale:0.5]]
[2021.01.21-22.24.42:833][  0]LogConfig: Setting CVar [[r.HairStrands.VelocityRasterizationScale:1]]
[2021.01.21-22.24.42:834][  0]LogInit: Selected Device Profile: [Windows]
[2021.01.21-22.24.42:835][  0]LogInit: Applying CVar settings loaded from the selected device profile: [Windows]
[2021.01.21-22.24.42:836][  0]LogHAL: Display: Platform has ~ 8 GB [8518356992 / 8589934592 / 8], which maps to Default [LargestMinGB=32, LargerMinGB=12, DefaultMinGB=8, SmallerMinGB=6, SmallestMinGB=0)
[2021.01.21-22.24.42:836][  0]LogInit: Going up to parent DeviceProfile []
[2021.01.21-22.24.42:837][  0]LogConfig: Applying CVar settings from Section [ViewDistanceQuality@3] File [D:/eNVISION/Envision/VREnvision/Saved/Config/Windows/Scalability.ini]
[2021.01.21-22.24.42:837][  0]LogConfig: Setting CVar [[r.SkeletalMeshLODBias:0]]
[2021.01.21-22.24.42:837][  0]LogConfig: Setting CVar [[r.ViewDistanceScale:1.0]]
[2021.01.21-22.24.42:837][  0]LogConfig: Applying CVar settings from Section [AntiAliasingQuality@3] File [D:/eNVISION/Envision/VREnvision/Saved/Config/Windows/Scalability.ini]
[2021.01.21-22.24.42:837][  0]LogConfig: Setting CVar [[r.PostProcessAAQuality:3]]
[2021.01.21-22.24.42:837][  0]LogConfig: Applying CVar settings from Section [ShadowQuality@3] File [D:/eNVISION/Envision/VREnvision/Saved/Config/Windows/Scalability.ini]
[2021.01.21-22.24.42:837][  0]LogConfig: Setting CVar [[r.LightFunctionQuality:1]]
[2021.01.21-22.24.42:837][  0]LogConfig: Setting CVar [[r.ShadowQuality:5]]
[2021.01.21-22.24.42:837][  0]LogConfig: Setting CVar [[r.Shadow.CSM.MaxCascades:10]]
[2021.01.21-22.24.42:837][  0]LogConfig: Setting CVar [[r.Shadow.MaxResolution:2048]]
[2021.01.21-22.24.42:837][  0]LogConfig: Setting CVar [[r.Shadow.MaxCSMResolution:2048]]
[2021.01.21-22.24.42:837][  0]LogConfig: Setting CVar [[r.Shadow.RadiusThreshold:0.01]]
[2021.01.21-22.24.42:837][  0]LogConfig: Setting CVar [[r.Shadow.DistanceScale:1.0]]
[2021.01.21-22.24.42:837][  0]LogConfig: Setting CVar [[r.Shadow.CSM.TransitionScale:1.0]]
[2021.01.21-22.24.42:837][  0]LogConfig: Setting CVar [[r.Shadow.PreShadowResolutionFactor:1.0]]
[2021.01.21-22.24.42:837][  0]LogConfig: Setting CVar [[r.DistanceFieldShadowing:1]]
[2021.01.21-22.24.42:837][  0]LogConfig: Setting CVar [[r.DistanceFieldAO:1]]
[2021.01.21-22.24.42:837][  0]LogConfig: Setting CVar [[r.AOQuality:2]]
[2021.01.21-22.24.42:837][  0]LogConfig: Setting CVar [[r.VolumetricFog:1]]
[2021.01.21-22.24.42:837][  0]LogConfig: Setting CVar [[r.VolumetricFog.GridPixelSize:8]]
[2021.01.21-22.24.42:837][  0]LogConfig: Setting CVar [[r.VolumetricFog.GridSizeZ:128]]
[2021.01.21-22.24.42:837][  0]LogConfig: Setting CVar [[r.VolumetricFog.HistoryMissSupersampleCount:4]]
[2021.01.21-22.24.42:837][  0]LogConfig: Setting CVar [[r.LightMaxDrawDistanceScale:1]]
[2021.01.21-22.24.42:837][  0]LogConfig: Setting CVar [[r.CapsuleShadows:1]]
[2021.01.21-22.24.42:837][  0]LogConfig: Applying CVar settings from Section [PostProcessQuality@3] File [D:/eNVISION/Envision/VREnvision/Saved/Config/Windows/Scalability.ini]
[2021.01.21-22.24.42:837][  0]LogConfig: Setting CVar [[r.MotionBlurQuality:0]]
[2021.01.21-22.24.42:837][  0]LogConfig: Setting CVar [[r.AmbientOcclusionMipLevelFactor:0.4]]
[2021.01.21-22.24.42:837][  0]LogConfig: Setting CVar [[r.AmbientOcclusionMaxQuality:100]]
[2021.01.21-22.24.42:837][  0]LogConfig: Setting CVar [[r.AmbientOcclusionLevels:0]]
[2021.01.21-22.24.42:837][  0]LogConfig: Setting CVar [[r.AmbientOcclusionRadiusScale:1.0]]
[2021.01.21-22.24.42:837][  0]LogConfig: Setting CVar [[r.DepthOfFieldQuality:0]]
[2021.01.21-22.24.42:837][  0]LogConfig: Setting CVar [[r.RenderTargetPoolMin:400]]
[2021.01.21-22.24.42:837][  0]LogConfig: Setting CVar [[r.LensFlareQuality:0]]
[2021.01.21-22.24.42:837][  0]LogConfig: Setting CVar [[r.SceneColorFringeQuality:0]]
[2021.01.21-22.24.42:837][  0]LogConfig: Setting CVar [[r.EyeAdaptationQuality:2]]
[2021.01.21-22.24.42:837][  0]LogConfig: Setting CVar [[r.BloomQuality:1]]
[2021.01.21-22.24.42:837][  0]LogConfig: Setting CVar [[r.FastBlurThreshold:0]]
[2021.01.21-22.24.42:837][  0]LogConfig: Setting CVar [[r.Upscale.Quality:3]]
[2021.01.21-22.24.42:837][  0]LogConfig: Setting CVar [[r.Tonemapper.GrainQuantization:1]]
[2021.01.21-22.24.42:837][  0]LogConfig: Setting CVar [[r.LightShaftQuality:1]]
[2021.01.21-22.24.42:837][  0]LogConfig: Setting CVar [[r.Filter.SizeScale:1]]
[2021.01.21-22.24.42:837][  0]LogConfig: Setting CVar [[r.Tonemapper.Quality:5]]
[2021.01.21-22.24.42:837][  0]LogConfig: Setting CVar [[r.DOF.Gather.AccumulatorQuality:1        ; higher gathering accumulator quality]]
[2021.01.21-22.24.42:837][  0]LogConfig: Setting CVar [[r.DOF.Gather.PostfilterMethod:1          ; Median3x3 postfilering method]]
[2021.01.21-22.24.42:837][  0]LogConfig: Setting CVar [[r.DOF.Gather.EnableBokehSettings:0       ; no bokeh simulation when gathering]]
[2021.01.21-22.24.42:837][  0]LogConfig: Setting CVar [[r.DOF.Gather.RingCount:4                 ; medium number of samples when gathering]]
[2021.01.21-22.24.42:837][  0]LogConfig: Setting CVar [[r.DOF.Scatter.ForegroundCompositing:1    ; additive foreground scattering]]
[2021.01.21-22.24.42:837][  0]LogConfig: Setting CVar [[r.DOF.Scatter.BackgroundCompositing:2    ; additive background scattering]]
[2021.01.21-22.24.42:837][  0]LogConfig: Setting CVar [[r.DOF.Scatter.EnableBokehSettings:1      ; bokeh simulation when scattering]]
[2021.01.21-22.24.42:837][  0]LogConfig: Setting CVar [[r.DOF.Scatter.MaxSpriteRatio:0.1         ; only a maximum of 10% of scattered bokeh]]
[2021.01.21-22.24.42:837][  0]LogConfig: Setting CVar [[r.DOF.Recombine.Quality:1                ; cheap slight out of focus]]
[2021.01.21-22.24.42:837][  0]LogConfig: Setting CVar [[r.DOF.Recombine.EnableBokehSettings:0    ; no bokeh simulation on slight out of focus]]
[2021.01.21-22.24.42:838][  0]LogConfig: Setting CVar [[r.DOF.TemporalAAQuality:1                ; more stable temporal accumulation]]
[2021.01.21-22.24.42:838][  0]LogConfig: Setting CVar [[r.DOF.Kernel.MaxForegroundRadius:0.025]]
[2021.01.21-22.24.42:838][  0]LogConfig: Setting CVar [[r.DOF.Kernel.MaxBackgroundRadius:0.025]]
[2021.01.21-22.24.42:838][  0]LogConfig: Applying CVar settings from Section [TextureQuality@3] File [D:/eNVISION/Envision/VREnvision/Saved/Config/Windows/Scalability.ini]
[2021.01.21-22.24.42:838][  0]LogConfig: Setting CVar [[r.Streaming.MipBias:0]]
[2021.01.21-22.24.42:838][  0]LogConfig: Setting CVar [[r.Streaming.AmortizeCPUToGPUCopy:0]]
[2021.01.21-22.24.42:838][  0]LogConfig: Setting CVar [[r.Streaming.MaxNumTexturesToStreamPerFrame:0]]
[2021.01.21-22.24.42:838][  0]LogConfig: Setting CVar [[r.Streaming.Boost:1]]
[2021.01.21-22.24.42:838][  0]LogConfig: Setting CVar [[r.MaxAnisotropy:8]]
[2021.01.21-22.24.42:838][  0]LogConfig: Setting CVar [[r.VT.MaxAnisotropy:8]]
[2021.01.21-22.24.42:838][  0]LogConfig: Setting CVar [[r.Streaming.LimitPoolSizeToVRAM:0]]
[2021.01.21-22.24.42:838][  0]LogConfig: Setting CVar [[r.Streaming.PoolSize:1000]]
[2021.01.21-22.24.42:838][  0]LogConfig: Setting CVar [[r.Streaming.MaxEffectiveScreenSize:0]]
[2021.01.21-22.24.42:838][  0]LogConfig: Applying CVar settings from Section [EffectsQuality@3] File [D:/eNVISION/Envision/VREnvision/Saved/Config/Windows/Scalability.ini]
[2021.01.21-22.24.42:838][  0]LogConfig: Setting CVar [[r.TranslucencyLightingVolumeDim:4]]
[2021.01.21-22.24.42:838][  0]LogConfig: Setting CVar [[r.RefractionQuality:2]]
[2021.01.21-22.24.42:838][  0]LogConfig: Setting CVar [[r.SSR.Quality:0]]
[2021.01.21-22.24.42:838][  0]LogConfig: Setting CVar [[r.SSR.HalfResSceneColor:0]]
[2021.01.21-22.24.42:838][  0]LogConfig: Setting CVar [[r.SceneColorFormat:2]]
[2021.01.21-22.24.42:838][  0]LogConfig: Setting CVar [[r.DetailMode:2]]
[2021.01.21-22.24.42:838][  0]LogConfig: Setting CVar [[r.TranslucencyVolumeBlur:0]]
[2021.01.21-22.24.42:838][  0]LogConfig: Setting CVar [[r.MaterialQualityLevel:1 ; High quality]]
[2021.01.21-22.24.42:838][  0]LogConfig: Setting CVar [[r.SSS.Scale:1]]
[2021.01.21-22.24.42:838][  0]LogConfig: Setting CVar [[r.SSS.SampleSet:2]]
[2021.01.21-22.24.42:838][  0]LogConfig: Setting CVar [[r.SSS.Quality:1]]
[2021.01.21-22.24.42:838][  0]LogConfig: Setting CVar [[r.SSS.HalfRes:0]]
[2021.01.21-22.24.42:838][  0]LogConfig: Setting CVar [[r.SSGI.Quality:3]]
[2021.01.21-22.24.42:838][  0]LogConfig: Setting CVar [[r.EmitterSpawnRateScale:1.0]]
[2021.01.21-22.24.42:838][  0]LogConfig: Setting CVar [[r.ParticleLightQuality:2]]
[2021.01.21-22.24.42:838][  0]LogConfig: Setting CVar [[r.SkyAtmosphere.AerialPerspectiveLUT.FastApplyOnOpaque:1 ; Always have FastSkyLUT 1 in this case to avoid wrong sky]]
[2021.01.21-22.24.42:838][  0]LogConfig: Setting CVar [[r.SkyAtmosphere.AerialPerspectiveLUT.SampleCountPerSlice:1]]
[2021.01.21-22.24.42:838][  0]LogConfig: Setting CVar [[r.SkyAtmosphere.AerialPerspectiveLUT.DepthResolution:16.0]]
[2021.01.21-22.24.42:838][  0]LogConfig: Setting CVar [[r.SkyAtmosphere.FastSkyLUT:1]]
[2021.01.21-22.24.42:838][  0]LogConfig: Setting CVar [[r.SkyAtmosphere.FastSkyLUT.SampleCountMin:4.0]]
[2021.01.21-22.24.42:838][  0]LogConfig: Setting CVar [[r.SkyAtmosphere.FastSkyLUT.SampleCountMax:32.0]]
[2021.01.21-22.24.42:838][  0]LogConfig: Setting CVar [[r.SkyAtmosphere.SampleCountMin:4.0]]
[2021.01.21-22.24.42:838][  0]LogConfig: Setting CVar [[r.SkyAtmosphere.SampleCountMax:32.0]]
[2021.01.21-22.24.42:838][  0]LogConfig: Setting CVar [[r.SkyAtmosphere.TransmittanceLUT.UseSmallFormat:0]]
[2021.01.21-22.24.42:838][  0]LogConfig: Setting CVar [[r.SkyAtmosphere.TransmittanceLUT.SampleCount:10.0]]
[2021.01.21-22.24.42:838][  0]LogConfig: Setting CVar [[r.SkyAtmosphere.MultiScatteringLUT.SampleCount:15.0]]
[2021.01.21-22.24.42:838][  0]LogConfig: Applying CVar settings from Section [FoliageQuality@3] File [D:/eNVISION/Envision/VREnvision/Saved/Config/Windows/Scalability.ini]
[2021.01.21-22.24.42:838][  0]LogConfig: Setting CVar [[foliage.DensityScale:1.0]]
[2021.01.21-22.24.42:838][  0]LogConfig: Setting CVar [[grass.DensityScale:1.0]]
[2021.01.21-22.24.42:838][  0]LogConfig: Applying CVar settings from Section [ShadingQuality@3] File [D:/eNVISION/Envision/VREnvision/Saved/Config/Windows/Scalability.ini]
[2021.01.21-22.24.42:838][  0]LogConfig: Setting CVar [[r.HairStrands.SkyLighting.SampleCount:16]]
[2021.01.21-22.24.42:838][  0]LogConfig: Setting CVar [[r.HairStrands.SkyLighting.JitterIntegration:0]]
[2021.01.21-22.24.42:838][  0]LogConfig: Setting CVar [[r.HairStrands.SkyAO.SampleCount:16]]
[2021.01.21-22.24.42:838][  0]LogConfig: Setting CVar [[r.HairStrands.DeepShadow.SuperSampling:0]]
[2021.01.21-22.24.42:838][  0]LogConfig: Setting CVar [[r.HairStrands.VisibilityPPLL:0]]
[2021.01.21-22.24.42:838][  0]LogConfig: Setting CVar [[r.HairStrands.RasterizationScale:0.5]]
[2021.01.21-22.24.42:838][  0]LogConfig: Setting CVar [[r.HairStrands.VelocityRasterizationScale:1]]
[2021.01.21-22.24.42:838][  0]LogConfig: Applying CVar settings from Section [Startup] File [../../../Engine/Config/ConsoleVariables.ini]
[2021.01.21-22.24.42:844][  0]LogConfig: Setting CVar [[net.UseAdaptiveNetUpdateFrequency:0]]
[2021.01.21-22.24.42:845][  0]LogConfig: Setting CVar [[p.chaos.AllowCreatePhysxBodies:1]]
[2021.01.21-22.24.42:845][  0]LogConfig: Setting CVar [[fx.SkipVectorVMBackendOptimizations:1]]
[2021.01.21-22.24.42:845][  0]LogConfig: Applying CVar settings from Section [ConsoleVariables] File [D:/eNVISION/Envision/VREnvision/Saved/Config/Windows/Engine.ini]
[2021.01.21-22.24.42:846][  0]LogInit: Computer: DESKTOP-TRT0IVH
[2021.01.21-22.24.42:846][  0]LogInit: User: jacob
[2021.01.21-22.24.42:846][  0]LogInit: CPU Page size=4096, Cores=6
[2021.01.21-22.24.42:846][  0]LogInit: High frequency timer resolution =10.000000 MHz
[2021.01.21-22.24.42:847][  0]LogMemory: Memory total: Physical=7.9GB (8GB approx)
[2021.01.21-22.24.42:847][  0]LogMemory: Platform Memory Stats for Windows
[2021.01.21-22.24.42:847][  0]LogMemory: Process Physical Memory: 115.29 MB used, 115.29 MB peak
[2021.01.21-22.24.42:847][  0]LogMemory: Process Virtual Memory: 98.29 MB used, 98.29 MB peak
[2021.01.21-22.24.42:847][  0]LogMemory: Physical Memory: 6824.39 MB used,  1299.35 MB free, 8123.74 MB total
[2021.01.21-22.24.42:847][  0]LogMemory: Virtual Memory: 5173.83 MB used,  134212552.00 MB free, 134217728.00 MB total
[2021.01.21-22.24.42:853][  0]LogWindows: WindowsPlatformFeatures enabled
[2021.01.21-22.24.43:159][  0]LogInit: Physics initialised using underlying interface: PhysX
[2021.01.21-22.24.43:173][  0]LogInit: Using OS detected language (en-US).
[2021.01.21-22.24.43:173][  0]LogInit: Using OS detected locale (en-US).
[2021.01.21-22.24.43:199][  0]LogTextLocalizationManager: No specific localization for 'en-US' exists, so the 'en' localization will be used.
[2021.01.21-22.24.43:539][  0]LogInit: Setting process to per monitor DPI aware
[2021.01.21-22.24.43:658][  0]LogSlate: New Slate User Created.  User Index 0, Is Virtual User: 0
[2021.01.21-22.24.43:658][  0]LogSlate: Slate User Registered.  User Index 0, Is Virtual User: 0
[2021.01.21-22.24.46:656][  0]LogHMD: Failed to initialize OpenVR with code 110
[2021.01.21-22.24.46:656][  0]LogD3D11RHI: D3D11 min allowed feature level: 11_0
[2021.01.21-22.24.46:656][  0]LogD3D11RHI: D3D11 max allowed feature level: 11_0
[2021.01.21-22.24.46:656][  0]LogD3D11RHI: D3D11 adapters:
[2021.01.21-22.24.46:756][  0]LogD3D11RHI:    0. 'NVIDIA GeForce GTX 1650' (Feature Level 11_0)
[2021.01.21-22.24.46:756][  0]LogD3D11RHI:       3962/0/4061 MB DedicatedVideo/DedicatedSystem/SharedSystem, Outputs:1, VendorId:0x10de
[2021.01.21-22.24.46:760][  0]LogD3D11RHI:    1. 'Microsoft Basic Render Driver' (Feature Level 11_0)
[2021.01.21-22.24.46:760][  0]LogD3D11RHI:       0/0/4061 MB DedicatedVideo/DedicatedSystem/SharedSystem, Outputs:0, VendorId:0x1414
[2021.01.21-22.24.46:760][  0]LogD3D11RHI: Chosen D3D11 Adapter: 0
[2021.01.21-22.24.46:771][  0]LogD3D11RHI: Creating new Direct3DDevice
[2021.01.21-22.24.46:771][  0]LogD3D11RHI:     GPU DeviceId: 0x1f82 (for the marketing name, search the web for "GPU Device Id")
[2021.01.21-22.24.46:771][  0]LogWindows: EnumDisplayDevices:
[2021.01.21-22.24.46:772][  0]LogWindows:    0. 'NVIDIA GeForce GTX 1650' (P:1 D:1)
[2021.01.21-22.24.46:772][  0]LogWindows:    1. 'NVIDIA GeForce GTX 1650' (P:0 D:0)
[2021.01.21-22.24.46:772][  0]LogWindows:    2. 'NVIDIA GeForce GTX 1650' (P:0 D:0)
[2021.01.21-22.24.46:772][  0]LogWindows:    3. 'NVIDIA GeForce GTX 1650' (P:0 D:0)
[2021.01.21-22.24.46:772][  0]LogWindows: DebugString: FoundDriverCount:4 
[2021.01.21-22.24.46:772][  0]LogD3D11RHI:     Adapter Name: NVIDIA GeForce GTX 1650
[2021.01.21-22.24.46:773][  0]LogD3D11RHI:   Driver Version: 456.71 (internal:27.21.14.5671, unified:456.71)
[2021.01.21-22.24.46:773][  0]LogD3D11RHI:      Driver Date: 9-30-2020
[2021.01.21-22.24.46:773][  0]LogRHI: Texture pool is 2773 MB (70% of 3962 MB)
[2021.01.21-22.24.46:832][  0]LogD3D11RHI: RHI has support for 64 bit atomics
[2021.01.21-22.24.46:838][  0]LogD3D11RHI: [Aftermath] Enabled and primed
[2021.01.21-22.24.46:838][  0]LogD3D11RHI: Async texture creation enabled
[2021.01.21-22.24.46:838][  0]LogD3D11RHI: Array index from any shader is supported
[2021.01.21-22.24.46:840][  0]LogD3D11RHI: HDR output is supported on display 0 (NvId: 0x80061082).
[2021.01.21-22.24.46:902][  0]LogD3D11RHI: GPU Timing Frequency: 1000.000000 (Debug: 2 1)
[2021.01.21-22.24.47:318][  0]LogTargetPlatformManager: Display: Loaded TargetPlatform 'AllDesktop'
[2021.01.21-22.24.47:345][  0]LogTargetPlatformManager: Display: Loaded TargetPlatform 'Android'
[2021.01.21-22.24.47:345][  0]LogTargetPlatformManager: Display: Loaded TargetPlatform 'Android_ASTC'
[2021.01.21-22.24.47:345][  0]LogTargetPlatformManager: Display: Loaded TargetPlatform 'Android_DXT'
[2021.01.21-22.24.47:345][  0]LogTargetPlatformManager: Display: Loaded TargetPlatform 'Android_ETC2'
[2021.01.21-22.24.47:345][  0]LogTargetPlatformManager: Display: Loaded TargetPlatform 'AndroidClient'
[2021.01.21-22.24.47:345][  0]LogTargetPlatformManager: Display: Loaded TargetPlatform 'Android_ASTCClient'
[2021.01.21-22.24.47:345][  0]LogTargetPlatformManager: Display: Loaded TargetPlatform 'Android_DXTClient'
[2021.01.21-22.24.47:345][  0]LogTargetPlatformManager: Display: Loaded TargetPlatform 'Android_ETC2Client'
[2021.01.21-22.24.47:345][  0]LogTargetPlatformManager: Display: Loaded TargetPlatform 'Android_Multi'
[2021.01.21-22.24.47:345][  0]LogTargetPlatformManager: Display: Loaded TargetPlatform 'Android_MultiClient'
[2021.01.21-22.24.47:389][  0]LogTargetPlatformManager: Display: Loaded TargetPlatform 'IOSClient'
[2021.01.21-22.24.47:389][  0]LogTargetPlatformManager: Display: Loaded TargetPlatform 'IOS'
[2021.01.21-22.24.47:412][  0]LogTargetPlatformManager: Display: Loaded TargetPlatform 'Linux'
[2021.01.21-22.24.47:425][  0]LogTargetPlatformManager: Display: Loaded TargetPlatform 'LinuxNoEditor'
[2021.01.21-22.24.47:438][  0]LogTargetPlatformManager: Display: Loaded TargetPlatform 'LinuxClient'
[2021.01.21-22.24.47:450][  0]LogTargetPlatformManager: Display: Loaded TargetPlatform 'LinuxServer'
[2021.01.21-22.24.47:462][  0]LogTargetPlatformManager: Display: Loaded TargetPlatform 'LinuxAArch64NoEditor'
[2021.01.21-22.24.47:475][  0]LogTargetPlatformManager: Display: Loaded TargetPlatform 'LinuxAArch64Client'
[2021.01.21-22.24.47:488][  0]LogTargetPlatformManager: Display: Loaded TargetPlatform 'LinuxAArch64Server'
[2021.01.21-22.24.47:524][  0]LogTargetPlatformManager: Display: Loaded TargetPlatform 'Lumin'
[2021.01.21-22.24.47:524][  0]LogTargetPlatformManager: Display: Loaded TargetPlatform 'LuminClient'
[2021.01.21-22.24.47:543][  0]LogTargetPlatformManager: Display: Loaded TargetPlatform 'TVOSClient'
[2021.01.21-22.24.47:543][  0]LogTargetPlatformManager: Display: Loaded TargetPlatform 'TVOS'
[2021.01.21-22.24.47:556][  0]LogTargetPlatformManager: Display: Loaded TargetPlatform 'WindowsNoEditor'
[2021.01.21-22.24.47:568][  0]LogTargetPlatformManager: Display: Loaded TargetPlatform 'Windows'
[2021.01.21-22.24.47:581][  0]LogTargetPlatformManager: Display: Loaded TargetPlatform 'WindowsClient'
[2021.01.21-22.24.47:593][  0]LogTargetPlatformManager: Display: Loaded TargetPlatform 'WindowsServer'
[2021.01.21-22.24.47:593][  0]LogTargetPlatformManager: Display: Building Assets For Windows
[2021.01.21-22.24.47:646][  0]LogAudioDebug: Display: Lib vorbis DLL was dynamically loaded.
[2021.01.21-22.24.47:804][  0]LogShaderCompilers: Guid format shader working directory is 14 characters bigger than the processId version (D:/eNVISION/Envision/VREnvision/Intermediate/Shaders/WorkingDirectory/15432/).
[2021.01.21-22.24.47:804][  0]LogShaderCompilers: Cleaned the shader compiler working directory 'C:/Users/jacob/AppData/Local/Temp/UnrealShaderWorkingDir/87158F29498764950D08DE92D080FC0C/'.
[2021.01.21-22.24.47:807][  0]LogXGEController: Cleaning working directory: C:/Users/jacob/AppData/Local/Temp/UnrealXGEWorkingDir/
[2021.01.21-22.24.47:807][  0]LogXGEController: Cannot use XGE Controller as Incredibuild is not installed on this machine.
[2021.01.21-22.24.47:807][  0]LogShaderCompilers: Cannot use XGE Shader Compiler as Incredibuild is not installed on this machine.
[2021.01.21-22.24.47:807][  0]LogShaderCompilers: Display: Using Local Shader Compiler.
[2021.01.21-22.24.51:303][  0]LogDerivedDataCache: Display: Max Cache Size: 512 MB
[2021.01.21-22.24.51:547][  0]LogDerivedDataCache: Loaded boot cache 0.24s 84MB C:/Users/jacob/AppData/Local/UnrealEngine/4.25/DerivedDataCache/Boot.ddc.
[2021.01.21-22.24.51:547][  0]LogDerivedDataCache: Display: Loaded Boot cache: C:/Users/jacob/AppData/Local/UnrealEngine/4.25/DerivedDataCache/Boot.ddc
[2021.01.21-22.24.51:547][  0]LogDerivedDataCache: FDerivedDataBackendGraph:  Pak pak cache file D:/eNVISION/Envision/VREnvision/DerivedDataCache/DDC.ddp not found, will not use a pak cache.
[2021.01.21-22.24.51:547][  0]LogDerivedDataCache: Unable to find inner node Pak for hierarchical cache Hierarchy.
[2021.01.21-22.24.51:547][  0]LogDerivedDataCache: FDerivedDataBackendGraph:  CompressedPak pak cache file D:/eNVISION/Envision/VREnvision/DerivedDataCache/Compressed.ddp not found, will not use a pak cache.
[2021.01.21-22.24.51:547][  0]LogDerivedDataCache: Unable to find inner node CompressedPak for hierarchical cache Hierarchy.
[2021.01.21-22.24.51:573][  0]LogDerivedDataCache: Display: Pak cache opened for reading ../../../Engine/DerivedDataCache/Compressed.ddp.
[2021.01.21-22.24.51:574][  0]LogDerivedDataCache: FDerivedDataBackendGraph:  EnterprisePak pak cache file ../../../Enterprise/DerivedDataCache/Compressed.ddp not found, will not use a pak cache.
[2021.01.21-22.24.51:574][  0]LogDerivedDataCache: Unable to find inner node EnterprisePak for hierarchical cache Hierarchy.
[2021.01.21-22.24.51:576][  0]LogDerivedDataCache: Using Local data cache path C:/Users/jacob/AppData/Local/UnrealEngine/Common/DerivedDataCache: Writable
[2021.01.21-22.24.51:576][  0]LogDerivedDataCache: Shared data cache path not found in *engine.ini, will not use an Shared cache.
[2021.01.21-22.24.51:576][  0]LogDerivedDataCache: Unable to find inner node Shared for hierarchical cache Hierarchy.
[2021.01.21-22.24.52:004][  0]LogSlate: Using FreeType 2.10.0
[2021.01.21-22.24.52:029][  0]LogSlate: SlateFontServices - WITH_FREETYPE: 1, WITH_HARFBUZZ: 1
[2021.01.21-22.24.52:084][  0]LogAssetRegistry: FAssetRegistry took 0.0068 seconds to start up
[2021.01.21-22.24.52:672][  0]LogInit: Selected Device Profile: [Windows]
[2021.01.21-22.24.53:101][  0]LogMeshReduction: Using QuadricMeshReduction for automatic static mesh reduction
[2021.01.21-22.24.53:101][  0]LogMeshReduction: Using SimplygonMeshReduction for automatic skeletal mesh reduction
[2021.01.21-22.24.53:101][  0]LogMeshReduction: Using ProxyLODMeshReduction for automatic mesh merging
[2021.01.21-22.24.53:101][  0]LogMeshReduction: No distributed automatic mesh merging module available
[2021.01.21-22.24.53:102][  0]LogMeshMerging: No distributed automatic mesh merging module available
[2021.01.21-22.24.53:192][  0]LogNetVersion: VREnvision 1.0.0, NetCL: 13144385, EngineNetVer: 14, GameNetVer: 0 (Checksum: 1551130514)
[2021.01.21-22.24.55:342][  0]LogAISub: UAISubsystem::UAISubsystem AISubsystem (0000018EFD83A980), frame # 0
[2021.01.21-22.24.55:342][  0]LogAISub: UAISubsystem::UAISubsystem AIPerceptionSystem (0000018EFD6CD1C0), frame # 0
[2021.01.21-22.24.55:353][  0]LogAISub: UAISubsystem::UAISubsystem EnvQueryManager (0000018EFD729E00), frame # 0
[2021.01.21-22.24.55:470][  0]LogPackageLocalizationCache: Processed 21 localized package path(s) for 1 prioritized culture(s) in 0.068584 seconds
[2021.01.21-22.24.55:476][  0]LogUObjectArray: 15940 objects as part of root set at end of initial load.
[2021.01.21-22.24.55:476][  0]LogUObjectAllocator: 3973552 out of 0 bytes used by permanent object pool.
[2021.01.21-22.24.55:476][  0]LogUObjectArray: CloseDisregardForGC: 0/0 objects in disregard for GC pool
[2021.01.21-22.24.56:653][  0]LogTcpMessaging: Initializing TcpMessaging bridge
[2021.01.21-22.24.56:663][  0]LogUdpMessaging: Initializing bridge on interface 0.0.0.0:0 to multicast group 230.0.0.1:6666.
[2021.01.21-22.24.56:861][  0]SourceControl: Source control is disabled
[2021.01.21-22.24.56:863][  0]SourceControl: Source control is disabled
[2021.01.21-22.24.56:879][  0]SourceControl: Source control is disabled
[2021.01.21-22.24.56:888][  0]SourceControl: Source control is disabled
[2021.01.21-22.24.56:903][  0]SourceControl: Source control is disabled
[2021.01.21-22.24.56:920][  0]LogVSAccessor: Display: Unable to create Visual Studio setup instance: 80040154
[2021.01.21-22.24.56:920][  0]LogVSAccessor: Display: Unable to create Visual Studio setup instance: 80040154
[2021.01.21-22.24.57:504][  0]LogOnline: Oculus: Oculus Startup!
[2021.01.21-22.24.57:509][  0]LogAndroidPermission: UAndroidPermissionCallbackProxy::GetInstance
[2021.01.21-22.24.57:544][  0]LogAudioCaptureCore: Display: No Audio Capture implementations found. Audio input will be silent.
[2021.01.21-22.24.57:544][  0]LogAudioCaptureCore: Display: No Audio Capture implementations found. Audio input will be silent.
[2021.01.21-22.24.57:600][  0]LogAvatars: Display: UOvrAvatarManager::InitializeSDK()
[2021.01.21-22.24.57:607][  0]LogLinker: Warning: Asset '../../Plugins/Runtime/Oculus/OculusAvatar/Content/Materials/AvatarsPBR_2/OculusAvatars_PBRV2_Mobile.uasset' has been saved with empty engine version. The asset will be loaded but may be incompatible.
[2021.01.21-22.24.57:621][  0]LogLinker: Warning: Asset '../../Plugins/Runtime/Oculus/OculusAvatar/Content/Materials/AvatarsPBR_2/AvatarLighting.uasset' has been saved with empty engine version. The asset will be loaded but may be incompatible.
[2021.01.21-22.24.57:630][  0]LogLinker: Warning: Asset '../../Plugins/Runtime/Oculus/OculusAvatar/Content/Materials/AvatarsPBR_2/Functions/DistributionGGX.uasset' has been saved with empty engine version. The asset will be loaded but may be incompatible.
[2021.01.21-22.24.57:638][  0]LogLinker: Warning: Asset '../../Plugins/Runtime/Oculus/OculusAvatar/Content/Materials/AvatarsPBR_2/Functions/GeometryGGXPartial.uasset' has been saved with empty engine version. The asset will be loaded but may be incompatible.
[2021.01.21-22.24.57:645][  0]LogLinker: Warning: Asset '../../Plugins/Runtime/Oculus/OculusAvatar/Content/Materials/AvatarsPBR_2/Functions/SchlickFresnel.uasset' has been saved with empty engine version. The asset will be loaded but may be incompatible.
[2021.01.21-22.24.57:654][  0]LogLinker: Warning: Asset '../../Plugins/Runtime/Oculus/OculusAvatar/Content/Materials/AvatarsPBR_2/Assets/fallbackAlbedo.uasset' has been saved with empty engine version. The asset will be loaded but may be incompatible.
[2021.01.21-22.24.57:661][  0]LogLinker: Warning: Asset '../../Plugins/Runtime/Oculus/OculusAvatar/Content/Materials/AvatarsPBR_2/Assets/fallbackNormal.uasset' has been saved with empty engine version. The asset will be loaded but may be incompatible.
[2021.01.21-22.24.57:668][  0]LogLinker: Warning: Asset '../../Plugins/Runtime/Oculus/OculusAvatar/Content/Materials/AvatarsPBR_2/Assets/fallbackRoughness.uasset' has been saved with empty engine version. The asset will be loaded but may be incompatible.
[2021.01.21-22.24.57:690][  0]LogLinker: Warning: Asset '../../Plugins/Runtime/Oculus/OculusAvatar/Content/Materials/AvatarsPBR_2/OculusAvatars_PBRV2_Mobile_Combined.uasset' has been saved with empty engine version. The asset will be loaded but may be incompatible.
[2021.01.21-22.24.57:698][  0]LogLinker: Warning: Asset '../../Plugins/Runtime/Oculus/OculusAvatar/Content/Materials/AvatarsPBR_2/Functions/ComputeCombinedMeshColor.uasset' has been saved with empty engine version. The asset will be loaded but may be incompatible.
[2021.01.21-22.24.57:736][  0]LogLinker: Warning: Asset '../../Plugins/Runtime/Oculus/OculusAvatar/Content/Materials/AvatarsPBR_2/OculusAvatars_PBRV2_Exp_Opaque_Body_Mobile.uasset' has been saved with empty engine version. The asset will be loaded but may be incompatible.
[2021.01.21-22.24.57:744][  0]LogLinker: Warning: Asset '../../Plugins/Runtime/Oculus/OculusAvatar/Content/Materials/AvatarsPBR_2/Functions/CombineMasks.uasset' has been saved with empty engine version. The asset will be loaded but may be incompatible.
[2021.01.21-22.24.57:750][  0]LogLinker: Warning: Asset '../../Plugins/Runtime/Oculus/OculusAvatar/Content/Materials/AvatarsPBR_2/Functions/ComputeMask.uasset' has been saved with empty engine version. The asset will be loaded but may be incompatible.
[2021.01.21-22.24.57:771][  0]LogLinker: Warning: Asset '../../Plugins/Runtime/Oculus/OculusAvatar/Content/Materials/AvatarsPBR_2/OculusAvatars_PBRV2_Exp_Opaque_Simple_Mobile.uasset' has been saved with empty engine version. The asset will be loaded but may be incompatible.
[2021.01.21-22.24.57:789][  0]LogLinker: Warning: Asset '../../Plugins/Runtime/Oculus/OculusAvatar/Content/Materials/AvatarsPBR_2/OculusAvatars_PBRV2_Combined_Exp_Opaque_Mobile.uasset' has been saved with empty engine version. The asset will be loaded but may be incompatible.
[2021.01.21-22.24.57:813][  0]LogLinker: Warning: Asset '../../Plugins/Runtime/Oculus/OculusAvatar/Content/Materials/AvatarsPBR_2/OculusAvatars_PBRV2.uasset' has been saved with empty engine version. The asset will be loaded but may be incompatible.
[2021.01.21-22.24.57:835][  0]LogLinker: Warning: Asset '../../Plugins/Runtime/Oculus/OculusAvatar/Content/Materials/AvatarsPBR_2/OculusAvatars_PBRV2_Combined.uasset' has been saved with empty engine version. The asset will be loaded but may be incompatible.
[2021.01.21-22.24.57:860][  0]LogLinker: Warning: Asset '../../Plugins/Runtime/Oculus/OculusAvatar/Content/Materials/AvatarsPBR_2/OculusAvatars_PBRV2_Exp_Masked_Body.uasset' has been saved with empty engine version. The asset will be loaded but may be incompatible.
[2021.01.21-22.24.57:874][  0]LogLinker: Warning: Asset '../../Plugins/Runtime/Oculus/OculusAvatar/Content/Materials/AvatarsPBR_2/Functions/DitherAlphaToOpacityMask.uasset' has been saved with empty engine version. The asset will be loaded but may be incompatible.
[2021.01.21-22.24.57:881][  0]LogLinker: Warning: Asset '../../Plugins/Runtime/Oculus/OculusAvatar/Content/Materials/AvatarsPBR_2/Functions/LDR_LLL1_0.uasset' has been saved with empty engine version. The asset will be loaded but may be incompatible.
[2021.01.21-22.24.57:906][  0]LogLinker: Warning: Asset '../../Plugins/Runtime/Oculus/OculusAvatar/Content/Materials/AvatarsPBR_2/OculusAvatars_PBRV2_Exp_Alpha_Body.uasset' has been saved with empty engine version. The asset will be loaded but may be incompatible.
[2021.01.21-22.24.57:930][  0]LogLinker: Warning: Asset '../../Plugins/Runtime/Oculus/OculusAvatar/Content/Materials/AvatarsPBR_2/OculusAvatars_PBRV2_Exp_Opaque_Body.uasset' has been saved with empty engine version. The asset will be loaded but may be incompatible.
[2021.01.21-22.24.57:952][  0]LogLinker: Warning: Asset '../../Plugins/Runtime/Oculus/OculusAvatar/Content/Materials/AvatarsPBR_2/OculusAvatars_PBRV2_Exp_Alpha_Simple.uasset' has been saved with empty engine version. The asset will be loaded but may be incompatible.
[2021.01.21-22.24.57:974][  0]LogLinker: Warning: Asset '../../Plugins/Runtime/Oculus/OculusAvatar/Content/Materials/AvatarsPBR_2/OculusAvatars_PBRV2_Exp_Masked_Simple.uasset' has been saved with empty engine version. The asset will be loaded but may be incompatible.
[2021.01.21-22.24.57:994][  0]LogLinker: Warning: Asset '../../Plugins/Runtime/Oculus/OculusAvatar/Content/Materials/AvatarsPBR_2/OculusAvatars_PBRV2_Exp_Opaque_Simple.uasset' has been saved with empty engine version. The asset will be loaded but may be incompatible.
[2021.01.21-22.24.58:014][  0]LogLinker: Warning: Asset '../../Plugins/Runtime/Oculus/OculusAvatar/Content/Materials/AvatarsPBR_2/OculusAvatars_PBRV2_Combined_Exp_Masked.uasset' has been saved with empty engine version. The asset will be loaded but may be incompatible.
[2021.01.21-22.24.58:043][  0]LogLinker: Warning: Asset '../../Plugins/Runtime/Oculus/OculusAvatar/Content/Materials/AvatarsPBR_2/OculusAvatars_PBRV2_Combined_Exp_Opaque.uasset' has been saved with empty engine version. The asset will be loaded but may be incompatible.
[2021.01.21-22.24.58:068][  0]LogLinker: Warning: Asset '../../Plugins/Runtime/Oculus/OculusAvatar/Content/Materials/AvatarsPBR_2/OculusAvatars_PBRV2_Combined_Exp_Alpha.uasset' has been saved with empty engine version. The asset will be loaded but may be incompatible.
[2021.01.21-22.24.58:096][  0]LogLinker: Warning: Asset '../../Plugins/Runtime/Oculus/OculusAvatar/Content/Materials/AvatarsPBR_2/OculusAvatars_PBRV2_EyeShell.uasset' has been saved with empty engine version. The asset will be loaded but may be incompatible.
[2021.01.21-22.24.58:114][  0]LogLinker: Warning: Asset '../../Plugins/Runtime/Oculus/OculusAvatar/Content/Materials/AvatarsPBR_2/OculusAvatars_PBRV2_ExpressiveController.uasset' has been saved with empty engine version. The asset will be loaded but may be incompatible.
[2021.01.21-22.24.59:351][  0]LogAvatars: Display: Oculus Avatars No App Id Found: SHUTTING DOWN Oculus Avatars No App Id Found: SHUTTING DOWN %s
[2021.01.21-22.24.59:446][  0]LogOcInput: OculusInput pre-init called
[2021.01.21-22.25.00:026][  0]LogEngine: Initializing Engine...
[2021.01.21-22.25.00:035][  0]LogHMD: Failed to initialize OpenVR with code 110
[2021.01.21-22.25.00:036][  0]LogMagicLeap: Warning: VR disabled because ZI is not enabled.  To enable, in the editor, Edit -> Project Settings -> Plugins -> Magic Leap Plugin -> Enable Zero Iteration
[2021.01.21-22.25.00:043][  0]LogStats: UGameplayTagsManager::InitializeManager -  0.003 s
[2021.01.21-22.25.00:411][  0]LogInit: Initializing FReadOnlyCVARCache
[2021.01.21-22.25.00:505][  0]LogAIModule: Creating AISystem for world Untitled
[2021.01.21-22.25.00:505][  0]LogAISub: UAISubsystem::UAISubsystem EnvQueryManager (0000018E84910C00), frame # 0
[2021.01.21-22.25.00:505][  0]LogAISub: UAISubsystem::UAISubsystem AIPerceptionSystem (0000018E84931800), frame # 0
[2021.01.21-22.25.00:542][  0]LogAudioMixer: Display: Audio Mixer Platform Settings:
[2021.01.21-22.25.00:542][  0]LogAudioMixer: Display: 	Sample Rate:						  48000
[2021.01.21-22.25.00:542][  0]LogAudioMixer: Display: 	Callback Buffer Frame Size Requested: 1024
[2021.01.21-22.25.00:542][  0]LogAudioMixer: Display: 	Callback Buffer Frame Size To Use:	  1024
[2021.01.21-22.25.00:542][  0]LogAudioMixer: Display: 	Number of buffers to queue:			  2
[2021.01.21-22.25.00:542][  0]LogAudioMixer: Display: 	Max Channels (voices):				  32
[2021.01.21-22.25.00:542][  0]LogAudioMixer: Display: 	Number of Async Source Workers:		  0
[2021.01.21-22.25.00:543][  0]LogAudio: Display: AudioDevice MaxSources: 32
[2021.01.21-22.25.00:547][  0]LogAudio: Display: Using built-in audio occlusion.
[2021.01.21-22.25.00:547][  0]LogAudioMixer: Display: Initializing audio mixer.
[2021.01.21-22.25.00:574][  0]LogAudioMixer: Display: 0: FrontLeft
[2021.01.21-22.25.00:574][  0]LogAudioMixer: Display: 1: FrontRight
[2021.01.21-22.25.00:627][  0]LogAudioMixer: Display: Using Audio Device Speakers (USB Audio Device)
[2021.01.21-22.25.00:629][  0]LogAudioMixer: Display: Initializing Sound Submixes...
[2021.01.21-22.25.00:631][  0]LogAudioMixer: Display: Creating Master Submix 'MasterSubmixDefault'
[2021.01.21-22.25.00:631][  0]LogAudioMixer: Display: Creating Master Submix 'MasterReverbSubmixDefault'
[2021.01.21-22.25.00:634][  0]LogAudioMixer: Display: Creating Master Submix 'MasterEQSubmixDefault'
[2021.01.21-22.25.00:636][  0]LogInit: FAudioDevice initialized.
[2021.01.21-22.25.00:637][  0]LogNetVersion: Set ProjectVersion to 1.0.0.0. Version Checksum will be recalculated on next use.
[2021.01.21-22.25.00:762][  0]LogDerivedDataCache: Saved boot cache 0.12s 111MB C:/Users/jacob/AppData/Local/UnrealEngine/4.25/DerivedDataCache/Boot.ddc.
[2021.01.21-22.25.00:769][  0]LogInit: Texture streaming: Enabled
[2021.01.21-22.25.00:805][  0]LogEngineSessionManager: EngineSessionManager initialized
[2021.01.21-22.25.00:805][  0]LogEditorSessionSummary: Verbose: Initializing EditorSessionSummaryWriter for editor session tracking
[2021.01.21-22.25.00:809][  0]LogEditorSessionSummary: EditorSessionSummaryWriter initialized
[2021.01.21-22.25.01:075][  0]LogInit: Transaction tracking system initialized
[2021.01.21-22.25.01:140][  0]BlueprintLog: New page: Editor Load
[2021.01.21-22.25.01:598][  0]LocalizationService: Localization service is disabled
[2021.01.21-22.25.01:877][  0]LogVSAccessor: Display: Unable to create Visual Studio setup instance: 80040154
[2021.01.21-22.25.01:877][  0]LogVSAccessor: Display: Unable to create Visual Studio setup instance: 80040154
[2021.01.21-22.25.02:119][  0]LogFileCache: Scanning file cache for directory 'D:/eNVISION/Envision/VREnvision/Content/' took 0.01s
[2021.01.21-22.25.02:119][  0]LogCook: Display: Max memory allowance for cook 16384mb min free memory 0mb
[2021.01.21-22.25.02:120][  0]LogCook: Display: Mobile HDR setting 1
[2021.01.21-22.25.02:763][  0]SourceControl: Source control is disabled
[2021.01.21-22.25.02:764][  0]LogUnrealEdMisc: Loading editor; pre map load, took 28.346
[2021.01.21-22.25.02:769][  0]Cmd: MAP LOAD FILE="D:/eNVISION/Envision/VREnvision/Content/VirtualRealityBP/Maps/StartupMap.umap" TEMPLATE=0 SHOWPROGRESS=1 FEATURELEVEL=3
[2021.01.21-22.25.02:845][  0]LightingResults: New page: Lighting Build
[2021.01.21-22.25.02:862][  0]LogWorld: UWorld::CleanupWorld for Untitled, bSessionEnded=true, bCleanupResources=true
[2021.01.21-22.25.02:866][  0]LogSlate: InvalidateAllWidgets triggered.  All widgets were invalidated
[2021.01.21-22.25.02:870][  0]MapCheck: New page: Map Check
[2021.01.21-22.25.02:870][  0]LightingResults: New page: Lighting Build
[2021.01.21-22.25.02:943][  0]LogAISub: UAISubsystem::~UAISubsystem EnvQueryManager (0000018E84910C00), frame # 0
[2021.01.21-22.25.02:944][  0]LogAISub: UAISubsystem::~UAISubsystem AIPerceptionSystem (0000018E84931800), frame # 0
[2021.01.21-22.25.02:946][  0]LogUObjectHash: Compacting FUObjectHashTables data took   0.83ms
[2021.01.21-22.25.02:978][  0]LogLinker: Warning: While loading 'D:/eNVISION/Envision/VREnvision/Content/VirtualRealityBP/Maps/StartupMap.umap' failed to load '/Game/VirtualRealityBP/Maps/StartupMap_BuiltData': Can't find file.
[2021.01.21-22.25.02:978][  0]LogLinker: Warning: While loading 'D:/eNVISION/Envision/VREnvision/Content/VirtualRealityBP/Maps/StartupMap.umap' failed to load '/Game/VirtualRealityBP/Maps/StartupMap_BuiltData': Can't find file.
[2021.01.21-22.25.03:550][  0]LogLinker: Warning: While loading 'D:/eNVISION/Envision/VREnvision/Content/VirtualRealityBP/Maps/StartupMap.umap' failed to load '/Game/VirtualRealityBP/Maps/StartupMap_BuiltData': Can't find file.
[2021.01.21-22.25.03:550][  0]LogLinker: Warning: While loading 'D:/eNVISION/Envision/VREnvision/Content/VirtualRealityBP/Maps/StartupMap.umap' failed to load '/Game/VirtualRealityBP/Maps/StartupMap_BuiltData': Can't find file.
[2021.01.21-22.25.03:582][  0]LogLinker: Warning: While loading 'D:/eNVISION/Envision/VREnvision/Content/VirtualRealityBP/Maps/StartupMap.umap' failed to load '/Game/VirtualRealityBP/Maps/StartupMap_BuiltData': Can't find file.
[2021.01.21-22.25.03:582][  0]LoadErrors: Failed to load /Game/VirtualRealityBP/Maps/StartupMap_BuiltData.StartupMap_BuiltData Referenced by PersistentLevel
[2021.01.21-22.25.03:582][  0]LogLinker: Warning: While loading 'D:/eNVISION/Envision/VREnvision/Content/VirtualRealityBP/Maps/StartupMap.umap' failed to load '/Game/VirtualRealityBP/Maps/StartupMap_BuiltData': Can't find file.
[2021.01.21-22.25.03:582][  0]LoadErrors: Failed to load /Game/VirtualRealityBP/Maps/StartupMap_BuiltData.StartupMap_BuiltData Referenced by PersistentLevel
[2021.01.21-22.25.03:839][  0]LogAIModule: Creating AISystem for world StartupMap
[2021.01.21-22.25.03:839][  0]LogAISub: UAISubsystem::UAISubsystem EnvQueryManager (0000018E8DE6CA00), frame # 0
[2021.01.21-22.25.03:840][  0]LogAISub: UAISubsystem::UAISubsystem AIPerceptionSystem (0000018E8DD5FB00), frame # 0
[2021.01.21-22.25.03:899][  0]LogEditorServer: Finished looking for orphan Actors (0.000 secs)
[2021.01.21-22.25.03:925][  0]LogUObjectHash: Compacting FUObjectHashTables data took   0.64ms
[2021.01.21-22.25.03:927][  0]Cmd: MAP CHECKDEP NOCLEARLOG
[2021.01.21-22.25.03:929][  0]MapCheck: Map check complete: 0 Error(s), 0 Warning(s), took 1.009ms to complete.
[2021.01.21-22.25.03:929][  0]LogFileHelpers: Loading map 'StartupMap' took 1.164
[2021.01.21-22.25.04:003][  0]LogUnrealEdMisc: Total Editor Startup Time, took 29.586
[2021.01.21-22.25.04:330][  0]LogSlate: Updating window title bar state: overlay mode, drag disabled, window buttons hidden, title bar hidden
[2021.01.21-22.25.04:341][  0]LogSlate: Updating window title bar state: overlay mode, drag disabled, window buttons hidden, title bar hidden
[2021.01.21-22.25.04:349][  0]LogSlate: Updating window title bar state: overlay mode, drag disabled, window buttons hidden, title bar hidden
[2021.01.21-22.25.04:356][  0]LogSlate: Updating window title bar state: overlay mode, drag disabled, window buttons hidden, title bar hidden
[2021.01.21-22.25.04:389][  0]LogCollectionManager: Loaded 0 collections in 0.004121 seconds
[2021.01.21-22.25.04:477][  0]LogFileCache: Scanning file cache for directory 'D:/eNVISION/Envision/VREnvision/Saved/Collections/' took 0.00s
[2021.01.21-22.25.04:477][  0]LogFileCache: Scanning file cache for directory 'D:/eNVISION/Envision/VREnvision/Content/Developers/jacob/Collections/' took 0.00s
[2021.01.21-22.25.04:477][  0]LogFileCache: Scanning file cache for directory 'D:/eNVISION/Envision/VREnvision/Content/Collections/' took 0.00s
[2021.01.21-22.25.04:477][  0]LogContentBrowser: Native class hierarchy populated in 0.0147 seconds. Added 3447 classes and 833 folders.
[2021.01.21-22.25.04:512][  0]LogContentBrowser: Native class hierarchy updated for 'WidgetCarousel' in 0.0003 seconds. Added 0 classes and 0 folders.
[2021.01.21-22.25.04:979][  0]LogContentBrowser: Native class hierarchy updated for 'AddContentDialog' in 0.0003 seconds. Added 0 classes and 0 folders.
[2021.01.21-22.25.04:993][  0]LogContentBrowser: Native class hierarchy updated for 'SceneOutliner' in 0.0014 seconds. Added 2 classes and 0 folders.
[2021.01.21-22.25.05:190][  0]LogSlate: Took 0.007925 seconds to synchronously load lazily loaded font '../../../Engine/Content/Slate/Fonts/Roboto-Regular.ttf' (155K)
[2021.01.21-22.25.05:201][  0]LogSlate: Took 0.007219 seconds to synchronously load lazily loaded font '../../../Engine/Content/Slate/Fonts/Roboto-Bold.ttf' (160K)
[2021.01.21-22.25.05:221][  0]LogSlate: Took 0.007312 seconds to synchronously load lazily loaded font '../../../Engine/Content/Editor/Slate/Fonts/FontAwesome.ttf' (139K)
[2021.01.21-22.25.05:365][  0]LogRenderer: Reallocating scene render targets to support 1932x616 Format 26 NumSamples 1 (Frame:1).
[2021.01.21-22.25.05:598][  0]LogContentBrowser: Native class hierarchy updated for 'HierarchicalLODOutliner' in 0.0003 seconds. Added 0 classes and 0 folders.
[2021.01.21-22.25.05:598][  0]LogLoad: (Engine Initialization) Total time: 31.18 seconds
[2021.01.21-22.25.05:598][  0]LogLoad: (Engine Initialization) Total Blueprint compile time: 0.00 seconds
[2021.01.21-22.25.05:676][  0]LogContentStreaming: Texture pool size now 1000 MB
[2021.01.21-22.25.05:801][  0]LogSlate: Took 0.009780 seconds to synchronously load lazily loaded font '../../../Engine/Content/Slate/Fonts/DroidSansMono.ttf' (77K)
[2021.01.21-22.25.08:908][349]LogSlate: Window 'Message Log' being destroyed
[2021.01.21-22.25.08:913][349]LogSlate: Window 'Message Log' being destroyed
[2021.01.21-22.25.11:111][601]LogAssetRegistry: Asset discovery search completed in 19.0302 seconds
[2021.01.21-22.25.11:118][601]LogCollectionManager: Fixed up redirectors for 0 collections in 0.000001 seconds (updated 0 objects)
[2021.01.21-22.25.11:233][613]LogFileManager: Warning: MoveFile was unable to move 'D:/eNVISION/Envision/VREnvision/Intermediate/CachedAssetRegistry.bin.tmp' to 'D:/eNVISION/Envision/VREnvision/Intermediate/CachedAssetRegistry.bin' (Error Code 32), retrying in .5s...
[2021.01.21-22.25.11:734][670]LogFileManager: Warning: MoveFile recovered during retry!
[2021.01.21-22.25.39:457][959]LogSlate: Took 0.007217 seconds to synchronously load lazily loaded font '../../../Engine/Content/Slate/Fonts/Roboto-Light.ttf' (167K)
[2021.01.21-22.25.42:648][959]LogAssetEditorSubsystem: Opening Asset editor for World /Game/VirtualRealityBP/Testing/Maps/GrayBox002.GrayBox002
[2021.01.21-22.25.42:671][959]LogUObjectHash: Compacting FUObjectHashTables data took   1.29ms
[2021.01.21-22.25.42:674][959]Cmd: MAP LOAD FILE="D:/eNVISION/Envision/VREnvision/Content/VirtualRealityBP/Testing/Maps/GrayBox002.umap" TEMPLATE=0 SHOWPROGRESS=1 FEATURELEVEL=3
[2021.01.21-22.25.42:674][959]LightingResults: New page: Lighting Build
[2021.01.21-22.25.42:674][959]LoadErrors: New page: Loading map: GrayBox002.umap
[2021.01.21-22.25.42:706][959]LogWorld: UWorld::CleanupWorld for StartupMap, bSessionEnded=true, bCleanupResources=true
[2021.01.21-22.25.42:708][959]LogSlate: InvalidateAllWidgets triggered.  All widgets were invalidated
[2021.01.21-22.25.42:708][959]MapCheck: New page: Map Check
[2021.01.21-22.25.42:708][959]LightingResults: New page: Lighting Build
[2021.01.21-22.25.42:728][959]LogAISub: UAISubsystem::~UAISubsystem EnvQueryManager (0000018E8DE6CA00), frame # 3959
[2021.01.21-22.25.42:728][959]LogAISub: UAISubsystem::~UAISubsystem AIPerceptionSystem (0000018E8DD5FB00), frame # 3959
[2021.01.21-22.25.42:729][959]LogUObjectHash: Compacting FUObjectHashTables data took   0.87ms
[2021.01.21-22.25.55:958][959]LogEditorServer: Finished looking for orphan Actors (0.000 secs)
[2021.01.21-22.25.55:958][959]LogAIModule: Creating AISystem for world GrayBox002
[2021.01.21-22.25.55:958][959]LogAISub: UAISubsystem::UAISubsystem EnvQueryManager (0000018E84910200), frame # 3959
[2021.01.21-22.25.55:958][959]LogAISub: UAISubsystem::UAISubsystem AIPerceptionSystem (0000018EB7A4CA40), frame # 3959
[2021.01.21-22.25.56:035][959]LogUObjectHash: Compacting FUObjectHashTables data took   0.92ms
[2021.01.21-22.25.56:075][959]Cmd: MAP CHECKDEP NOCLEARLOG
[2021.01.21-22.25.56:082][959]MapCheck: Map check complete: 0 Error(s), 0 Warning(s), took 6.518ms to complete.
[2021.01.21-22.25.56:082][959]LogFileHelpers: Loading map 'GrayBox002' took 13.408
[2021.01.21-22.28.09:301][204]LogSlate: Took 0.008652 seconds to synchronously load lazily loaded font '../../../Engine/Content/Slate/Fonts/Roboto-Italic.ttf' (157K)
[2021.01.21-22.28.16:979][ 24]LogGeometryMode: Warning: Unable to find Wall19 Brush(s) in new BSP
[2021.01.21-22.28.16:979][ 24]LogGeometryMode: Warning: Unable to find all previously selected geometry data, resetting selection
[2021.01.21-22.28.19:760][310]LogGeometryMode: Warning: Unable to find Wall001 Brush(s) in new BSP
[2021.01.21-22.28.19:760][310]LogGeometryMode: Warning: Unable to find all previously selected geometry data, resetting selection
[2021.01.21-22.28.22:523][625]LogGeometryMode: Warning: Unable to find Wall19 Brush(s) in new BSP
[2021.01.21-22.28.22:523][625]LogGeometryMode: Warning: Unable to find all previously selected geometry data, resetting selection
[2021.01.21-22.28.28:922][355]Cmd: TRANSACTION UNDO
[2021.01.21-22.28.28:922][355]LogEditorTransaction: Undo Move Actors
[2021.01.21-22.28.28:956][355]LogGeometryMode: Warning: Unable to find 1 Poly(s) in new BSP
[2021.01.21-22.28.28:956][355]LogGeometryMode: Warning: Unable to resolve Wall001 Brush in new BSP, see above
[2021.01.21-22.28.28:956][355]LogGeometryMode: Warning: Unable to find all previously selected geometry data, resetting selection
[2021.01.21-22.28.31:144][561]LogGeometryMode: Warning: Unable to find Wall19 Brush(s) in new BSP
[2021.01.21-22.28.31:144][561]LogGeometryMode: Warning: Unable to find all previously selected geometry data, resetting selection
[2021.01.21-22.28.41:275][691]Cmd: TRANSACTION UNDO
[2021.01.21-22.28.41:275][691]LogEditorTransaction: Undo Select Brush Surface
[2021.01.21-22.28.42:973][845]Cmd: TRANSACTION UNDO
[2021.01.21-22.28.42:973][845]LogEditorTransaction: Undo Select Brush Surface
[2021.01.21-22.28.43:368][887]Cmd: TRANSACTION UNDO
[2021.01.21-22.28.43:368][887]LogEditorTransaction: Undo Select Brush Surface
[2021.01.21-22.28.43:688][919]Cmd: TRANSACTION UNDO
[2021.01.21-22.28.43:688][919]LogEditorTransaction: Undo Select Brush Surface
[2021.01.21-22.28.44:176][972]Cmd: TRANSACTION UNDO
[2021.01.21-22.28.44:176][972]LogEditorTransaction: Undo Move Actors
[2021.01.21-22.28.51:080][708]LogGeometryMode: Warning: Unable to find filler003 Brush(s) in new BSP
[2021.01.21-22.28.51:080][708]LogGeometryMode: Warning: Unable to find all previously selected geometry data, resetting selection
[2021.01.21-22.29.28:301][839]Cmd: BRUSH ADD SELECTNEWBRUSH
[2021.01.21-22.29.28:901][839]LogGeometryMode: Warning: Unable to find BoxBrush Brush(s) in new BSP
[2021.01.21-22.29.28:901][839]LogGeometryMode: Warning: Unable to find all previously selected geometry data, resetting selection
[2021.01.21-22.32.20:012][184]Cmd: TRANSACTION UNDO
[2021.01.21-22.32.20:012][184]LogEditorTransaction: Undo Move Actors
[2021.01.21-22.32.20:671][199]Cmd: TRANSACTION UNDO
[2021.01.21-22.32.20:671][199]LogEditorTransaction: Undo Move Actors
[2021.01.21-22.32.21:044][222]Cmd: TRANSACTION UNDO
[2021.01.21-22.32.21:044][222]LogEditorTransaction: Undo Move Actors
[2021.01.21-22.32.24:137][557]Cmd: TRANSACTION UNDO
[2021.01.21-22.32.24:137][557]LogEditorTransaction: Undo Move Actors
[2021.01.21-22.32.38:246][ 72]Cmd: TRANSACTION UNDO
[2021.01.21-22.32.38:246][ 72]LogEditorTransaction: Undo Move Actors
[2021.01.21-22.32.44:572][755]Cmd: TRANSACTION UNDO
[2021.01.21-22.32.44:572][755]LogEditorTransaction: Undo Move Actors
[2021.01.21-22.33.01:591][678]Cmd: TRANSACTION UNDO
[2021.01.21-22.33.01:591][678]LogEditorTransaction: Undo Move Actors
[2021.01.21-22.34.05:457][934]LogUObjectHash: Compacting FUObjectHashTables data took   0.99ms
[2021.01.21-22.34.05:813][934]LogUObjectHash: Compacting FUObjectHashTables data took   0.32ms
[2021.01.21-22.34.08:591][934]LogSavePackage: Moving 'D:/eNVISION/Envision/VREnvision/Saved/GrayBox002E5AC88C54CD5B023F7B7F2982E242D46.tmp' to 'D:/eNVISION/Envision/VREnvision/Content/VirtualRealityBP/Testing/Maps/GrayBox002.umap'
[2021.01.21-22.34.08:679][934]LogFileHelpers: Saving map 'GrayBox002' took 3.190
[2021.01.21-22.34.08:705][934]AssetCheck: New page: Asset Save: GrayBox002
[2021.01.21-22.34.08:705][934]LogContentValidation: Display: Validating World /Game/VirtualRealityBP/Testing/Maps/GrayBox002.GrayBox002
[2021.01.21-22.45.11:880][898]Cmd: EDIT CUT
[2021.01.21-22.45.29:110][939]Cmd: TRANSACTION UNDO
[2021.01.21-22.45.29:110][939]LogEditorTransaction: Undo Move Actors
[2021.01.21-22.45.33:682][423]Cmd: TRANSACTION UNDO
[2021.01.21-22.45.33:683][423]LogEditorTransaction: Undo Move Actors
[2021.01.21-22.47.38:877][759]Cmd: DELETE
[2021.01.21-22.47.38:877][759]Cmd: ACTOR DELETE
[2021.01.21-22.47.38:909][759]LogEditorActor: Deleted Actor: Brush
[2021.01.21-22.47.38:931][759]LogUObjectHash: Compacting FUObjectHashTables data took   1.03ms
[2021.01.21-22.47.38:954][759]LogEditorActor: Deleted 1 Actors (0.074 secs)
[2021.01.21-22.49.31:695][379]LogUObjectHash: Compacting FUObjectHashTables data took   0.87ms
[2021.01.21-22.49.32:033][379]LogUObjectHash: Compacting FUObjectHashTables data took   0.33ms
[2021.01.21-22.49.35:116][379]LogSavePackage: Moving 'D:/eNVISION/Envision/VREnvision/Saved/GrayBox002EFC3775443743A6A96F4038ECF0E37B7.tmp' to 'D:/eNVISION/Envision/VREnvision/Content/VirtualRealityBP/Testing/Maps/GrayBox002.umap'
[2021.01.21-22.49.35:178][379]LogFileHelpers: Saving map 'GrayBox002' took 3.467
[2021.01.21-22.49.35:195][379]AssetCheck: New page: Asset Save: GrayBox002
[2021.01.21-22.49.35:195][379]LogContentValidation: Display: Validating World /Game/VirtualRealityBP/Testing/Maps/GrayBox002.GrayBox002
