Log file open, 02/27/21 18:18:46
LogInit: Display: Running engine for game: VREnvision
LogPlatformFile: Not using cached read wrapper
LogTaskGraph: Started task graph with 5 named threads and 35 total threads with 3 sets of task threads.
LogStats: Stats thread started at 0.352420
LogD3D11RHI: Loaded GFSDK_Aftermath_Lib.x64.dll
LogICUInternationalization: ICU TimeZone Detection - Raw Offset: -5:00, Platform Override: ''
LogPluginManager: Mounting plugin Paper2D
LogPluginManager: Mounting plugin AISupport
LogPluginManager: Mounting plugin LightPropagationVolume
LogPluginManager: Mounting plugin CameraShakePreviewer
LogPluginManager: Mounting plugin ActorLayerUtilities
LogPluginManager: Mounting plugin AnimationSharing
LogPluginManager: Mounting plugin CLionSourceCodeAccess
LogPluginManager: Mounting plugin CodeLiteSourceCodeAccess
LogPluginManager: Mounting plugin GitSourceControl
LogPluginManager: Mounting plugin KDevelopSourceCodeAccess
LogPluginManager: Mounting plugin NullSourceCodeAccess
LogPluginManager: Mounting plugin PerforceSourceControl
LogPluginManager: Mounting plugin PlasticSourceControl
LogPluginManager: Mounting plugin RiderSourceCodeAccess
LogPluginManager: Mounting plugin SubversionSourceControl
LogPluginManager: Mounting plugin UObjectPlugin
LogPluginManager: Mounting plugin VisualStudioCodeSourceCodeAccess
LogPluginManager: Mounting plugin VisualStudioSourceCodeAccess
LogPluginManager: Mounting plugin XCodeSourceCodeAccess
LogPluginManager: Mounting plugin AssetManagerEditor
LogPluginManager: Mounting plugin CryptoKeys
LogPluginManager: Mounting plugin CurveEditorTools
LogPluginManager: Mounting plugin DataValidation
LogPluginManager: Mounting plugin EditorScriptingUtilities
LogPluginManager: Mounting plugin FacialAnimation
LogPluginManager: Mounting plugin GameplayTagsEditor
LogPluginManager: Mounting plugin GeometryMode
LogPluginManager: Mounting plugin MacGraphicsSwitching
LogPluginManager: Mounting plugin MaterialAnalyzer
LogPluginManager: Mounting plugin MobileLauncherProfileWizard
LogPluginManager: Mounting plugin PluginBrowser
LogPluginManager: Mounting plugin SpeedTreeImporter
LogPluginManager: Mounting plugin DatasmithContent
LogPluginManager: Mounting plugin VariantManagerContent
LogPluginManager: Mounting plugin AlembicImporter
LogPluginManager: Mounting plugin AutomationUtils
LogPluginManager: Mounting plugin BackChannel
LogPluginManager: Mounting plugin ChaosCloth
LogPluginManager: Mounting plugin ChaosClothEditor
LogPluginManager: Mounting plugin ChaosEditor
LogPluginManager: Mounting plugin ChaosNiagara
LogPluginManager: Mounting plugin ChaosSolverPlugin
LogPluginManager: Mounting plugin CharacterAI
LogPluginManager: Mounting plugin GeometryCache
LogPluginManager: Mounting plugin GeometryCollectionPlugin
LogPluginManager: Mounting plugin GeometryProcessing
LogPluginManager: Mounting plugin PlanarCut
LogPluginManager: Mounting plugin PlatformCrypto
LogPluginManager: Mounting plugin ProxyLODPlugin
LogPluginManager: Mounting plugin SkeletalReduction
LogPluginManager: Mounting plugin Niagara
LogPluginManager: Mounting plugin MagicLeap
LogPluginManager: Mounting plugin MagicLeapLightEstimation
LogPluginManager: Mounting plugin MagicLeapMedia
LogPluginManager: Mounting plugin MagicLeapPassableWorld
LogPluginManager: Mounting plugin MLSDK
LogPluginManager: Mounting plugin AndroidMedia
LogPluginManager: Mounting plugin AvfMedia
LogPluginManager: Mounting plugin ImgMedia
LogPluginManager: Mounting plugin MediaCompositing
LogPluginManager: Mounting plugin MediaPlayerEditor
LogPluginManager: Mounting plugin WebMMedia
LogPluginManager: Mounting plugin WmfMedia
LogPluginManager: Mounting plugin MeshPainting
LogPluginManager: Mounting plugin TcpMessaging
LogPluginManager: Mounting plugin UdpMessaging
LogPluginManager: Mounting plugin ActorSequence
LogPluginManager: Mounting plugin LevelSequenceEditor
LogPluginManager: Mounting plugin MatineeToLevelSequence
LogPluginManager: Mounting plugin MovieRenderPipeline
LogPluginManager: Mounting plugin TemplateSequence
LogPluginManager: Mounting plugin NetcodeUnitTest
LogPluginManager: Mounting plugin NUTUnrealEngine4
LogPluginManager: Mounting plugin OnlineSubsystemGooglePlay
LogPluginManager: Mounting plugin OnlineSubsystemIOS
LogPluginManager: Mounting plugin OnlineSubsystem
LogPluginManager: Mounting plugin OnlineSubsystemNull
LogPluginManager: Mounting plugin OnlineSubsystemOculus
LogPluginManager: Mounting plugin OnlineSubsystemUtils
LogPluginManager: Mounting plugin LauncherChunkInstaller
LogPluginManager: Mounting plugin AndroidDeviceProfileSelector
LogPluginManager: Mounting plugin AndroidMoviePlayer
LogPluginManager: Mounting plugin AndroidPermission
LogPluginManager: Mounting plugin AppleImageUtils
LogPluginManager: Mounting plugin AppleMoviePlayer
LogPluginManager: Mounting plugin ArchVisCharacter
LogPluginManager: Mounting plugin AssetTags
LogPluginManager: Mounting plugin AudioCapture
LogPluginManager: Mounting plugin CableComponent
LogPluginManager: Mounting plugin CustomMeshComponent
LogPluginManager: Mounting plugin EditableMesh
LogPluginManager: Mounting plugin ExampleDeviceProfileSelector
LogPluginManager: Mounting plugin GoogleCloudMessaging
LogPluginManager: Mounting plugin GooglePAD
LogPluginManager: Mounting plugin IOSDeviceProfileSelector
LogPluginManager: Mounting plugin LinuxDeviceProfileSelector
LogPluginManager: Mounting plugin LocationServicesBPLibrary
LogPluginManager: Mounting plugin MobilePatchingUtils
LogPluginManager: Mounting plugin OculusAudio
LogPluginManager: Mounting plugin OculusAvatar
LogPluginManager: Mounting plugin OculusVR
LogPluginManager: Mounting plugin PhysXVehicles
LogPluginManager: Mounting plugin PostSplashScreen
LogPluginManager: Mounting plugin ProceduralMeshComponent
LogPluginManager: Mounting plugin RuntimePhysXCooking
LogPluginManager: Mounting plugin SignificanceManager
LogPluginManager: Mounting plugin SoundFields
LogPluginManager: Mounting plugin SteamVR
LogPluginManager: Mounting plugin Synthesis
LogPluginManager: Mounting plugin WebMMoviePlayer
LogPluginManager: Mounting plugin WindowsMoviePlayer
LogPluginManager: Mounting plugin ScreenshotTools
LogInit: Using libcurl 7.55.1-DEV
LogInit:  - built for x86_64-pc-win32
LogInit:  - supports SSL with OpenSSL/1.1.1
LogInit:  - supports HTTP deflate (compression) using libz 1.2.8
LogInit:  - other features:
LogInit:      CURL_VERSION_SSL
LogInit:      CURL_VERSION_LIBZ
LogInit:      CURL_VERSION_IPV6
LogInit:      CURL_VERSION_ASYNCHDNS
LogInit:      CURL_VERSION_LARGEFILE
LogInit:      CURL_VERSION_IDN
LogInit:  CurlRequestOptions (configurable via config and command line):
LogInit:  - bVerifyPeer = true  - Libcurl will verify peer certificate
LogInit:  - bUseHttpProxy = false  - Libcurl will NOT use HTTP proxy
LogInit:  - bDontReuseConnections = false  - Libcurl will reuse connections
LogInit:  - MaxHostConnections = 16  - Libcurl will limit the number of connections to a host
LogInit:  - LocalHostAddr = Default
LogInit:  - BufferSize = 65536
LogOnline: OSS: Creating online subsystem instance for: NULL
LogInit: WinSock: version 1.1 (2.2), MaxSocks=32767, MaxUdp=65467
LogOnline: OSS: TryLoadSubsystemAndSetDefault: Loaded subsystem for module [NULL]
LogAudio: Display: Oculus Audio: Middleware plugins not found, assuming native UE4 AudioMixer
LogAudio: Display: Oculus Audio: Attempting to load Oculus Spatializer DLL: ../../../Engine/Binaries/ThirdParty/Oculus/Audio/Win64/ (from ovraudio64)
LogInit: Build: ++UE4+Release-4.25-CL-14469661
LogInit: Engine Version: 4.25.4-14469661+++UE4+Release-4.25
LogInit: Compatible Engine Version: 4.25.0-13144385+++UE4+Release-4.25
LogInit: Net CL: 13144385
LogInit: OS: Windows 10 (Release 1909) (), CPU: AMD Ryzen 5 2600 Six-Core Processor            , GPU: NVIDIA GeForce GTX 1660
LogInit: Compiled (64-bit): Oct 11 2020 08:10:49
LogInit: Compiled with Visual C++: 19.24.28315.00
LogInit: Build Configuration: Development
LogInit: Branch Name: ++UE4+Release-4.25
LogInit: Command Line: 
LogInit: Base Directory: C:/Unreal Engine/UE_4.25/Engine/Binaries/Win64/
LogInit: Allocator: TBB
LogInit: Installed Engine Build: 1
LogDevObjectVersion: Number of dev versions registered: 26
LogDevObjectVersion:   Dev-Blueprints (B0D832E4-1F89-4F0D-ACCF-7EB736FD4AA2): 10
LogDevObjectVersion:   Dev-Build (E1C64328-A22C-4D53-A36C-8E866417BD8C): 0
LogDevObjectVersion:   Dev-Core (375EC13C-06E4-48FB-B500-84F0262A717E): 4
LogDevObjectVersion:   Dev-Editor (E4B068ED-F494-42E9-A231-DA0B2E46BB41): 38
LogDevObjectVersion:   Dev-Framework (CFFC743F-43B0-4480-9391-14DF171D2073): 37
LogDevObjectVersion:   Dev-Mobile (B02B49B5-BB20-44E9-A304-32B752E40360): 2
LogDevObjectVersion:   Dev-Networking (A4E4105C-59A1-49B5-A7C5-40C4547EDFEE): 0
LogDevObjectVersion:   Dev-Online (39C831C9-5AE6-47DC-9A44-9C173E1C8E7C): 0
LogDevObjectVersion:   Dev-Physics (78F01B33-EBEA-4F98-B9B4-84EACCB95AA2): 4
LogDevObjectVersion:   Dev-Platform (6631380F-2D4D-43E0-8009-CF276956A95A): 0
LogDevObjectVersion:   Dev-Rendering (12F88B9F-8875-4AFC-A67C-D90C383ABD29): 43
LogDevObjectVersion:   Dev-Sequencer (7B5AE74C-D270-4C10-A958-57980B212A5A): 12
LogDevObjectVersion:   Dev-VR (D7296918-1DD6-4BDD-9DE2-64A83CC13884): 3
LogDevObjectVersion:   Dev-LoadTimes (C2A15278-BFE7-4AFE-6C17-90FF531DF755): 1
LogDevObjectVersion:   Private-Geometry (6EACA3D4-40EC-4CC1-B786-8BED09428FC5): 3
LogDevObjectVersion:   Dev-AnimPhys (29E575DD-E0A3-4627-9D10-D276232CDCEA): 17
LogDevObjectVersion:   Dev-Anim (AF43A65D-7FD3-4947-9873-3E8ED9C1BB05): 7
LogDevObjectVersion:   Dev-ReflectionCapture (6B266CEC-1EC7-4B8F-A30B-E4D90942FC07): 1
LogDevObjectVersion:   Dev-Automation (0DF73D61-A23F-47EA-B727-89E90C41499A): 1
LogDevObjectVersion:   FortniteMain (601D1886-AC64-4F84-AA16-D3DE0DEAC7D6): 31
LogDevObjectVersion:   Dev-Enterprise (9DFFBCD6-494F-0158-E221-12823C92A888): 10
LogDevObjectVersion:   Dev-Niagara (F2AED0AC-9AFE-416F-8664-AA7FFA26D6FC): 1
LogDevObjectVersion:   Dev-Destruction (174F1F0B-B4C6-45A5-B13F-2EE8D0FB917D): 10
LogDevObjectVersion:   Dev-Physics-Ext (35F94A83-E258-406C-A318-09F59610247C): 37
LogDevObjectVersion:   Dev-PhysicsMaterial-Chaos (B68FC16E-8B1B-42E2-B453-215C058844FE): 1
LogDevObjectVersion:   Dev-CineCamera (B2E18506-4273-CFC2-A54E-F4BB758BBA07): 1
LogInit: Presizing for max 25165824 objects, including 0 objects not considered by GC, pre-allocating 0 bytes for permanent pool.
LogConfig: Applying CVar settings from Section [/Script/Engine.StreamingSettings] File [C:/Envision_Repo/Envision/VREnvision/Saved/Config/Windows/Engine.ini]
LogConfig: Setting CVar [[s.MinBulkDataSizeForAsyncLoading:131072]]
LogConfig: Setting CVar [[s.AsyncLoadingThreadEnabled:0]]
LogConfig: Setting CVar [[s.EventDrivenLoaderEnabled:1]]
LogConfig: Setting CVar [[s.WarnIfTimeLimitExceeded:0]]
LogConfig: Setting CVar [[s.TimeLimitExceededMultiplier:1.5]]
LogConfig: Setting CVar [[s.TimeLimitExceededMinTime:0.005]]
LogConfig: Setting CVar [[s.UseBackgroundLevelStreaming:1]]
LogConfig: Setting CVar [[s.PriorityAsyncLoadingExtraTime:15.0]]
LogConfig: Setting CVar [[s.LevelStreamingActorsUpdateTimeLimit:5.0]]
LogConfig: Setting CVar [[s.PriorityLevelStreamingActorsUpdateExtraTime:5.0]]
LogConfig: Setting CVar [[s.LevelStreamingComponentsRegistrationGranularity:10]]
LogConfig: Setting CVar [[s.UnregisterComponentsTimeLimit:1.0]]
LogConfig: Setting CVar [[s.LevelStreamingComponentsUnregistrationGranularity:5]]
LogConfig: Setting CVar [[s.FlushStreamingOnExit:1]]
LogInit: Object subsystem initialized
LogConfig: Setting CVar [[con.DebugEarlyDefault:1]]
LogConfig: Setting CVar [[r.setres:1280x720]]
[2021.02.27-23.18.47:329][  0]LogConfig: Setting CVar [[r.VSync:0]]
[2021.02.27-23.18.47:330][  0]LogConfig: Setting CVar [[r.RHICmdBypass:0]]
[2021.02.27-23.18.47:330][  0]LogConfig: Applying CVar settings from Section [/Script/Engine.RendererSettings] File [C:/Envision_Repo/Envision/VREnvision/Saved/Config/Windows/Engine.ini]
[2021.02.27-23.18.47:330][  0]LogConfig: Setting CVar [[r.GPUCrashDebugging:0]]
[2021.02.27-23.18.47:330][  0]LogConfig: Setting CVar [[r.DefaultFeature.AmbientOcclusion:0]]
[2021.02.27-23.18.47:330][  0]LogConfig: Setting CVar [[r.DefaultFeature.AmbientOcclusionStaticFraction:0]]
[2021.02.27-23.18.47:330][  0]LogConfig: Setting CVar [[vr.InstancedStereo:1]]
[2021.02.27-23.18.47:330][  0]LogConfig: Setting CVar [[r.SeparateTranslucency:0]]
[2021.02.27-23.18.47:330][  0]LogConfig: Setting CVar [[r.HZBOcclusion:0]]
[2021.02.27-23.18.47:330][  0]LogConfig: Setting CVar [[r.SSR.MaxRoughness:0]]
[2021.02.27-23.18.47:330][  0]LogConfig: Setting CVar [[r.rhicmdbypass:0]]
[2021.02.27-23.18.47:330][  0]LogConfig: Setting CVar [[r.ForwardShading:1]]
[2021.02.27-23.18.47:330][  0]LogConfig: Applying CVar settings from Section [/Script/Engine.RendererOverrideSettings] File [C:/Envision_Repo/Envision/VREnvision/Saved/Config/Windows/Engine.ini]
[2021.02.27-23.18.47:330][  0]LogConfig: Applying CVar settings from Section [/Script/Engine.StreamingSettings] File [C:/Envision_Repo/Envision/VREnvision/Saved/Config/Windows/Engine.ini]
[2021.02.27-23.18.47:330][  0]LogConfig: Setting CVar [[s.MinBulkDataSizeForAsyncLoading:131072]]
[2021.02.27-23.18.47:330][  0]LogConfig: Setting CVar [[s.AsyncLoadingThreadEnabled:0]]
[2021.02.27-23.18.47:330][  0]LogConfig: Setting CVar [[s.EventDrivenLoaderEnabled:1]]
[2021.02.27-23.18.47:330][  0]LogConfig: Setting CVar [[s.WarnIfTimeLimitExceeded:0]]
[2021.02.27-23.18.47:330][  0]LogConfig: Setting CVar [[s.TimeLimitExceededMultiplier:1.5]]
[2021.02.27-23.18.47:330][  0]LogConfig: Setting CVar [[s.TimeLimitExceededMinTime:0.005]]
[2021.02.27-23.18.47:330][  0]LogConfig: Setting CVar [[s.UseBackgroundLevelStreaming:1]]
[2021.02.27-23.18.47:330][  0]LogConfig: Setting CVar [[s.PriorityAsyncLoadingExtraTime:15.0]]
[2021.02.27-23.18.47:330][  0]LogConfig: Setting CVar [[s.LevelStreamingActorsUpdateTimeLimit:5.0]]
[2021.02.27-23.18.47:330][  0]LogConfig: Setting CVar [[s.PriorityLevelStreamingActorsUpdateExtraTime:5.0]]
[2021.02.27-23.18.47:330][  0]LogConfig: Setting CVar [[s.LevelStreamingComponentsRegistrationGranularity:10]]
[2021.02.27-23.18.47:330][  0]LogConfig: Setting CVar [[s.UnregisterComponentsTimeLimit:1.0]]
[2021.02.27-23.18.47:330][  0]LogConfig: Setting CVar [[s.LevelStreamingComponentsUnregistrationGranularity:5]]
[2021.02.27-23.18.47:330][  0]LogConfig: Setting CVar [[s.FlushStreamingOnExit:1]]
[2021.02.27-23.18.47:330][  0]LogConfig: Applying CVar settings from Section [/Script/Engine.GarbageCollectionSettings] File [C:/Envision_Repo/Envision/VREnvision/Saved/Config/Windows/Engine.ini]
[2021.02.27-23.18.47:330][  0]LogConfig: Setting CVar [[gc.MaxObjectsNotConsideredByGC:1]]
[2021.02.27-23.18.47:330][  0]LogConfig: Setting CVar [[gc.SizeOfPermanentObjectPool:0]]
[2021.02.27-23.18.47:330][  0]LogConfig: Setting CVar [[gc.FlushStreamingOnGC:0]]
[2021.02.27-23.18.47:330][  0]LogConfig: Setting CVar [[gc.NumRetriesBeforeForcingGC:10]]
[2021.02.27-23.18.47:330][  0]LogConfig: Setting CVar [[gc.AllowParallelGC:1]]
[2021.02.27-23.18.47:330][  0]LogConfig: Setting CVar [[gc.TimeBetweenPurgingPendingKillObjects:61.1]]
[2021.02.27-23.18.47:330][  0]LogConfig: Setting CVar [[gc.MaxObjectsInEditor:25165824]]
[2021.02.27-23.18.47:330][  0]LogConfig: Setting CVar [[gc.IncrementalBeginDestroyEnabled:1]]
[2021.02.27-23.18.47:330][  0]LogConfig: Setting CVar [[gc.CreateGCClusters:1]]
[2021.02.27-23.18.47:330][  0]LogConfig: Setting CVar [[gc.MinGCClusterSize:5]]
[2021.02.27-23.18.47:330][  0]LogConfig: Setting CVar [[gc.ActorClusteringEnabled:0]]
[2021.02.27-23.18.47:330][  0]LogConfig: Setting CVar [[gc.BlueprintClusteringEnabled:0]]
[2021.02.27-23.18.47:330][  0]LogConfig: Setting CVar [[gc.UseDisregardForGCOnDedicatedServers:0]]
[2021.02.27-23.18.47:330][  0]LogConfig: Applying CVar settings from Section [/Script/Engine.NetworkSettings] File [C:/Envision_Repo/Envision/VREnvision/Saved/Config/Windows/Engine.ini]
[2021.02.27-23.18.47:330][  0]LogConfig: Applying CVar settings from Section [/Script/UnrealEd.CookerSettings] File [C:/Envision_Repo/Envision/VREnvision/Saved/Config/Windows/Engine.ini]
[2021.02.27-23.18.47:336][  0]LogConfig: Applying CVar settings from Section [ViewDistanceQuality@3] File [C:/Envision_Repo/Envision/VREnvision/Saved/Config/Windows/Scalability.ini]
[2021.02.27-23.18.47:336][  0]LogConfig: Setting CVar [[r.SkeletalMeshLODBias:0]]
[2021.02.27-23.18.47:336][  0]LogConfig: Setting CVar [[r.ViewDistanceScale:1.0]]
[2021.02.27-23.18.47:336][  0]LogConfig: Applying CVar settings from Section [AntiAliasingQuality@3] File [C:/Envision_Repo/Envision/VREnvision/Saved/Config/Windows/Scalability.ini]
[2021.02.27-23.18.47:336][  0]LogConfig: Setting CVar [[r.PostProcessAAQuality:3]]
[2021.02.27-23.18.47:336][  0]LogConfig: Applying CVar settings from Section [ShadowQuality@3] File [C:/Envision_Repo/Envision/VREnvision/Saved/Config/Windows/Scalability.ini]
[2021.02.27-23.18.47:336][  0]LogConfig: Setting CVar [[r.LightFunctionQuality:1]]
[2021.02.27-23.18.47:336][  0]LogConfig: Setting CVar [[r.ShadowQuality:5]]
[2021.02.27-23.18.47:336][  0]LogConfig: Setting CVar [[r.Shadow.CSM.MaxCascades:10]]
[2021.02.27-23.18.47:336][  0]LogConfig: Setting CVar [[r.Shadow.MaxResolution:2048]]
[2021.02.27-23.18.47:336][  0]LogConfig: Setting CVar [[r.Shadow.MaxCSMResolution:2048]]
[2021.02.27-23.18.47:336][  0]LogConfig: Setting CVar [[r.Shadow.RadiusThreshold:0.01]]
[2021.02.27-23.18.47:336][  0]LogConfig: Setting CVar [[r.Shadow.DistanceScale:1.0]]
[2021.02.27-23.18.47:336][  0]LogConfig: Setting CVar [[r.Shadow.CSM.TransitionScale:1.0]]
[2021.02.27-23.18.47:336][  0]LogConfig: Setting CVar [[r.Shadow.PreShadowResolutionFactor:1.0]]
[2021.02.27-23.18.47:336][  0]LogConfig: Setting CVar [[r.DistanceFieldShadowing:1]]
[2021.02.27-23.18.47:336][  0]LogConfig: Setting CVar [[r.DistanceFieldAO:1]]
[2021.02.27-23.18.47:336][  0]LogConfig: Setting CVar [[r.AOQuality:2]]
[2021.02.27-23.18.47:336][  0]LogConfig: Setting CVar [[r.VolumetricFog:1]]
[2021.02.27-23.18.47:336][  0]LogConfig: Setting CVar [[r.VolumetricFog.GridPixelSize:8]]
[2021.02.27-23.18.47:336][  0]LogConfig: Setting CVar [[r.VolumetricFog.GridSizeZ:128]]
[2021.02.27-23.18.47:336][  0]LogConfig: Setting CVar [[r.VolumetricFog.HistoryMissSupersampleCount:4]]
[2021.02.27-23.18.47:336][  0]LogConfig: Setting CVar [[r.LightMaxDrawDistanceScale:1]]
[2021.02.27-23.18.47:336][  0]LogConfig: Setting CVar [[r.CapsuleShadows:1]]
[2021.02.27-23.18.47:336][  0]LogConfig: Applying CVar settings from Section [PostProcessQuality@3] File [C:/Envision_Repo/Envision/VREnvision/Saved/Config/Windows/Scalability.ini]
[2021.02.27-23.18.47:336][  0]LogConfig: Setting CVar [[r.MotionBlurQuality:0]]
[2021.02.27-23.18.47:336][  0]LogConfig: Setting CVar [[r.AmbientOcclusionMipLevelFactor:0.4]]
[2021.02.27-23.18.47:336][  0]LogConfig: Setting CVar [[r.AmbientOcclusionMaxQuality:100]]
[2021.02.27-23.18.47:336][  0]LogConfig: Setting CVar [[r.AmbientOcclusionLevels:0]]
[2021.02.27-23.18.47:336][  0]LogConfig: Setting CVar [[r.AmbientOcclusionRadiusScale:1.0]]
[2021.02.27-23.18.47:336][  0]LogConfig: Setting CVar [[r.DepthOfFieldQuality:0]]
[2021.02.27-23.18.47:336][  0]LogConfig: Setting CVar [[r.RenderTargetPoolMin:400]]
[2021.02.27-23.18.47:336][  0]LogConfig: Setting CVar [[r.LensFlareQuality:0]]
[2021.02.27-23.18.47:336][  0]LogConfig: Setting CVar [[r.SceneColorFringeQuality:0]]
[2021.02.27-23.18.47:336][  0]LogConfig: Setting CVar [[r.EyeAdaptationQuality:2]]
[2021.02.27-23.18.47:336][  0]LogConfig: Setting CVar [[r.BloomQuality:1]]
[2021.02.27-23.18.47:336][  0]LogConfig: Setting CVar [[r.FastBlurThreshold:0]]
[2021.02.27-23.18.47:336][  0]LogConfig: Setting CVar [[r.Upscale.Quality:3]]
[2021.02.27-23.18.47:337][  0]LogConfig: Setting CVar [[r.Tonemapper.GrainQuantization:1]]
[2021.02.27-23.18.47:337][  0]LogConfig: Setting CVar [[r.LightShaftQuality:1]]
[2021.02.27-23.18.47:337][  0]LogConfig: Setting CVar [[r.Filter.SizeScale:1]]
[2021.02.27-23.18.47:337][  0]LogConfig: Setting CVar [[r.Tonemapper.Quality:5]]
[2021.02.27-23.18.47:337][  0]LogConfig: Setting CVar [[r.DOF.Gather.AccumulatorQuality:1        ; higher gathering accumulator quality]]
[2021.02.27-23.18.47:337][  0]LogConfig: Setting CVar [[r.DOF.Gather.PostfilterMethod:1          ; Median3x3 postfilering method]]
[2021.02.27-23.18.47:337][  0]LogConfig: Setting CVar [[r.DOF.Gather.EnableBokehSettings:0       ; no bokeh simulation when gathering]]
[2021.02.27-23.18.47:337][  0]LogConfig: Setting CVar [[r.DOF.Gather.RingCount:4                 ; medium number of samples when gathering]]
[2021.02.27-23.18.47:337][  0]LogConfig: Setting CVar [[r.DOF.Scatter.ForegroundCompositing:1    ; additive foreground scattering]]
[2021.02.27-23.18.47:337][  0]LogConfig: Setting CVar [[r.DOF.Scatter.BackgroundCompositing:2    ; additive background scattering]]
[2021.02.27-23.18.47:337][  0]LogConfig: Setting CVar [[r.DOF.Scatter.EnableBokehSettings:1      ; bokeh simulation when scattering]]
[2021.02.27-23.18.47:337][  0]LogConfig: Setting CVar [[r.DOF.Scatter.MaxSpriteRatio:0.1         ; only a maximum of 10% of scattered bokeh]]
[2021.02.27-23.18.47:337][  0]LogConfig: Setting CVar [[r.DOF.Recombine.Quality:1                ; cheap slight out of focus]]
[2021.02.27-23.18.47:337][  0]LogConfig: Setting CVar [[r.DOF.Recombine.EnableBokehSettings:0    ; no bokeh simulation on slight out of focus]]
[2021.02.27-23.18.47:337][  0]LogConfig: Setting CVar [[r.DOF.TemporalAAQuality:1                ; more stable temporal accumulation]]
[2021.02.27-23.18.47:337][  0]LogConfig: Setting CVar [[r.DOF.Kernel.MaxForegroundRadius:0.025]]
[2021.02.27-23.18.47:337][  0]LogConfig: Setting CVar [[r.DOF.Kernel.MaxBackgroundRadius:0.025]]
[2021.02.27-23.18.47:337][  0]LogConfig: Applying CVar settings from Section [TextureQuality@3] File [C:/Envision_Repo/Envision/VREnvision/Saved/Config/Windows/Scalability.ini]
[2021.02.27-23.18.47:337][  0]LogConfig: Setting CVar [[r.Streaming.MipBias:0]]
[2021.02.27-23.18.47:337][  0]LogConfig: Setting CVar [[r.Streaming.AmortizeCPUToGPUCopy:0]]
[2021.02.27-23.18.47:337][  0]LogConfig: Setting CVar [[r.Streaming.MaxNumTexturesToStreamPerFrame:0]]
[2021.02.27-23.18.47:337][  0]LogConfig: Setting CVar [[r.Streaming.Boost:1]]
[2021.02.27-23.18.47:337][  0]LogConfig: Setting CVar [[r.MaxAnisotropy:8]]
[2021.02.27-23.18.47:337][  0]LogConfig: Setting CVar [[r.VT.MaxAnisotropy:8]]
[2021.02.27-23.18.47:337][  0]LogConfig: Setting CVar [[r.Streaming.LimitPoolSizeToVRAM:0]]
[2021.02.27-23.18.47:337][  0]LogConfig: Setting CVar [[r.Streaming.PoolSize:1000]]
[2021.02.27-23.18.47:337][  0]LogConfig: Setting CVar [[r.Streaming.MaxEffectiveScreenSize:0]]
[2021.02.27-23.18.47:337][  0]LogConfig: Applying CVar settings from Section [EffectsQuality@3] File [C:/Envision_Repo/Envision/VREnvision/Saved/Config/Windows/Scalability.ini]
[2021.02.27-23.18.47:337][  0]LogConfig: Setting CVar [[r.TranslucencyLightingVolumeDim:4]]
[2021.02.27-23.18.47:337][  0]LogConfig: Setting CVar [[r.RefractionQuality:2]]
[2021.02.27-23.18.47:337][  0]LogConfig: Setting CVar [[r.SSR.Quality:0]]
[2021.02.27-23.18.47:337][  0]LogConfig: Setting CVar [[r.SSR.HalfResSceneColor:0]]
[2021.02.27-23.18.47:337][  0]LogConfig: Setting CVar [[r.SceneColorFormat:2]]
[2021.02.27-23.18.47:337][  0]LogConfig: Setting CVar [[r.DetailMode:2]]
[2021.02.27-23.18.47:337][  0]LogConfig: Setting CVar [[r.TranslucencyVolumeBlur:0]]
[2021.02.27-23.18.47:337][  0]LogConfig: Setting CVar [[r.MaterialQualityLevel:1 ; High quality]]
[2021.02.27-23.18.47:337][  0]LogConfig: Setting CVar [[r.SSS.Scale:1]]
[2021.02.27-23.18.47:337][  0]LogConfig: Setting CVar [[r.SSS.SampleSet:2]]
[2021.02.27-23.18.47:337][  0]LogConfig: Setting CVar [[r.SSS.Quality:1]]
[2021.02.27-23.18.47:337][  0]LogConfig: Setting CVar [[r.SSS.HalfRes:0]]
[2021.02.27-23.18.47:337][  0]LogConfig: Setting CVar [[r.SSGI.Quality:3]]
[2021.02.27-23.18.47:337][  0]LogConfig: Setting CVar [[r.EmitterSpawnRateScale:1.0]]
[2021.02.27-23.18.47:337][  0]LogConfig: Setting CVar [[r.ParticleLightQuality:2]]
[2021.02.27-23.18.47:337][  0]LogConfig: Setting CVar [[r.SkyAtmosphere.AerialPerspectiveLUT.FastApplyOnOpaque:1 ; Always have FastSkyLUT 1 in this case to avoid wrong sky]]
[2021.02.27-23.18.47:337][  0]LogConfig: Setting CVar [[r.SkyAtmosphere.AerialPerspectiveLUT.SampleCountPerSlice:1]]
[2021.02.27-23.18.47:337][  0]LogConfig: Setting CVar [[r.SkyAtmosphere.AerialPerspectiveLUT.DepthResolution:16.0]]
[2021.02.27-23.18.47:337][  0]LogConfig: Setting CVar [[r.SkyAtmosphere.FastSkyLUT:1]]
[2021.02.27-23.18.47:337][  0]LogConfig: Setting CVar [[r.SkyAtmosphere.FastSkyLUT.SampleCountMin:4.0]]
[2021.02.27-23.18.47:337][  0]LogConfig: Setting CVar [[r.SkyAtmosphere.FastSkyLUT.SampleCountMax:32.0]]
[2021.02.27-23.18.47:337][  0]LogConfig: Setting CVar [[r.SkyAtmosphere.SampleCountMin:4.0]]
[2021.02.27-23.18.47:337][  0]LogConfig: Setting CVar [[r.SkyAtmosphere.SampleCountMax:32.0]]
[2021.02.27-23.18.47:337][  0]LogConfig: Setting CVar [[r.SkyAtmosphere.TransmittanceLUT.UseSmallFormat:0]]
[2021.02.27-23.18.47:337][  0]LogConfig: Setting CVar [[r.SkyAtmosphere.TransmittanceLUT.SampleCount:10.0]]
[2021.02.27-23.18.47:337][  0]LogConfig: Setting CVar [[r.SkyAtmosphere.MultiScatteringLUT.SampleCount:15.0]]
[2021.02.27-23.18.47:337][  0]LogConfig: Applying CVar settings from Section [FoliageQuality@3] File [C:/Envision_Repo/Envision/VREnvision/Saved/Config/Windows/Scalability.ini]
[2021.02.27-23.18.47:337][  0]LogConfig: Setting CVar [[foliage.DensityScale:1.0]]
[2021.02.27-23.18.47:337][  0]LogConfig: Setting CVar [[grass.DensityScale:1.0]]
[2021.02.27-23.18.47:337][  0]LogConfig: Applying CVar settings from Section [ShadingQuality@3] File [C:/Envision_Repo/Envision/VREnvision/Saved/Config/Windows/Scalability.ini]
[2021.02.27-23.18.47:337][  0]LogConfig: Setting CVar [[r.HairStrands.SkyLighting.SampleCount:16]]
[2021.02.27-23.18.47:337][  0]LogConfig: Setting CVar [[r.HairStrands.SkyLighting.JitterIntegration:0]]
[2021.02.27-23.18.47:337][  0]LogConfig: Setting CVar [[r.HairStrands.SkyAO.SampleCount:16]]
[2021.02.27-23.18.47:337][  0]LogConfig: Setting CVar [[r.HairStrands.DeepShadow.SuperSampling:0]]
[2021.02.27-23.18.47:337][  0]LogConfig: Setting CVar [[r.HairStrands.VisibilityPPLL:0]]
[2021.02.27-23.18.47:337][  0]LogConfig: Setting CVar [[r.HairStrands.RasterizationScale:0.5]]
[2021.02.27-23.18.47:337][  0]LogConfig: Setting CVar [[r.HairStrands.VelocityRasterizationScale:1]]
[2021.02.27-23.18.47:337][  0]LogInit: Selected Device Profile: [Windows]
[2021.02.27-23.18.47:337][  0]LogInit: Applying CVar settings loaded from the selected device profile: [Windows]
[2021.02.27-23.18.47:338][  0]LogHAL: Display: Platform has ~ 16 GB [17106616320 / 17179869184 / 16], which maps to Larger [LargestMinGB=32, LargerMinGB=12, DefaultMinGB=8, SmallerMinGB=6, SmallestMinGB=0)
[2021.02.27-23.18.47:338][  0]LogInit: Going up to parent DeviceProfile []
[2021.02.27-23.18.47:338][  0]LogConfig: Applying CVar settings from Section [ViewDistanceQuality@3] File [C:/Envision_Repo/Envision/VREnvision/Saved/Config/Windows/Scalability.ini]
[2021.02.27-23.18.47:338][  0]LogConfig: Setting CVar [[r.SkeletalMeshLODBias:0]]
[2021.02.27-23.18.47:338][  0]LogConfig: Setting CVar [[r.ViewDistanceScale:1.0]]
[2021.02.27-23.18.47:338][  0]LogConfig: Applying CVar settings from Section [AntiAliasingQuality@3] File [C:/Envision_Repo/Envision/VREnvision/Saved/Config/Windows/Scalability.ini]
[2021.02.27-23.18.47:338][  0]LogConfig: Setting CVar [[r.PostProcessAAQuality:3]]
[2021.02.27-23.18.47:338][  0]LogConfig: Applying CVar settings from Section [ShadowQuality@3] File [C:/Envision_Repo/Envision/VREnvision/Saved/Config/Windows/Scalability.ini]
[2021.02.27-23.18.47:338][  0]LogConfig: Setting CVar [[r.LightFunctionQuality:1]]
[2021.02.27-23.18.47:338][  0]LogConfig: Setting CVar [[r.ShadowQuality:5]]
[2021.02.27-23.18.47:338][  0]LogConfig: Setting CVar [[r.Shadow.CSM.MaxCascades:10]]
[2021.02.27-23.18.47:338][  0]LogConfig: Setting CVar [[r.Shadow.MaxResolution:2048]]
[2021.02.27-23.18.47:338][  0]LogConfig: Setting CVar [[r.Shadow.MaxCSMResolution:2048]]
[2021.02.27-23.18.47:338][  0]LogConfig: Setting CVar [[r.Shadow.RadiusThreshold:0.01]]
[2021.02.27-23.18.47:338][  0]LogConfig: Setting CVar [[r.Shadow.DistanceScale:1.0]]
[2021.02.27-23.18.47:338][  0]LogConfig: Setting CVar [[r.Shadow.CSM.TransitionScale:1.0]]
[2021.02.27-23.18.47:338][  0]LogConfig: Setting CVar [[r.Shadow.PreShadowResolutionFactor:1.0]]
[2021.02.27-23.18.47:338][  0]LogConfig: Setting CVar [[r.DistanceFieldShadowing:1]]
[2021.02.27-23.18.47:338][  0]LogConfig: Setting CVar [[r.DistanceFieldAO:1]]
[2021.02.27-23.18.47:338][  0]LogConfig: Setting CVar [[r.AOQuality:2]]
[2021.02.27-23.18.47:338][  0]LogConfig: Setting CVar [[r.VolumetricFog:1]]
[2021.02.27-23.18.47:338][  0]LogConfig: Setting CVar [[r.VolumetricFog.GridPixelSize:8]]
[2021.02.27-23.18.47:338][  0]LogConfig: Setting CVar [[r.VolumetricFog.GridSizeZ:128]]
[2021.02.27-23.18.47:338][  0]LogConfig: Setting CVar [[r.VolumetricFog.HistoryMissSupersampleCount:4]]
[2021.02.27-23.18.47:338][  0]LogConfig: Setting CVar [[r.LightMaxDrawDistanceScale:1]]
[2021.02.27-23.18.47:338][  0]LogConfig: Setting CVar [[r.CapsuleShadows:1]]
[2021.02.27-23.18.47:338][  0]LogConfig: Applying CVar settings from Section [PostProcessQuality@3] File [C:/Envision_Repo/Envision/VREnvision/Saved/Config/Windows/Scalability.ini]
[2021.02.27-23.18.47:338][  0]LogConfig: Setting CVar [[r.MotionBlurQuality:0]]
[2021.02.27-23.18.47:338][  0]LogConfig: Setting CVar [[r.AmbientOcclusionMipLevelFactor:0.4]]
[2021.02.27-23.18.47:338][  0]LogConfig: Setting CVar [[r.AmbientOcclusionMaxQuality:100]]
[2021.02.27-23.18.47:338][  0]LogConfig: Setting CVar [[r.AmbientOcclusionLevels:0]]
[2021.02.27-23.18.47:338][  0]LogConfig: Setting CVar [[r.AmbientOcclusionRadiusScale:1.0]]
[2021.02.27-23.18.47:338][  0]LogConfig: Setting CVar [[r.DepthOfFieldQuality:0]]
[2021.02.27-23.18.47:338][  0]LogConfig: Setting CVar [[r.RenderTargetPoolMin:400]]
[2021.02.27-23.18.47:338][  0]LogConfig: Setting CVar [[r.LensFlareQuality:0]]
[2021.02.27-23.18.47:338][  0]LogConfig: Setting CVar [[r.SceneColorFringeQuality:0]]
[2021.02.27-23.18.47:338][  0]LogConfig: Setting CVar [[r.EyeAdaptationQuality:2]]
[2021.02.27-23.18.47:338][  0]LogConfig: Setting CVar [[r.BloomQuality:1]]
[2021.02.27-23.18.47:338][  0]LogConfig: Setting CVar [[r.FastBlurThreshold:0]]
[2021.02.27-23.18.47:338][  0]LogConfig: Setting CVar [[r.Upscale.Quality:3]]
[2021.02.27-23.18.47:338][  0]LogConfig: Setting CVar [[r.Tonemapper.GrainQuantization:1]]
[2021.02.27-23.18.47:338][  0]LogConfig: Setting CVar [[r.LightShaftQuality:1]]
[2021.02.27-23.18.47:338][  0]LogConfig: Setting CVar [[r.Filter.SizeScale:1]]
[2021.02.27-23.18.47:338][  0]LogConfig: Setting CVar [[r.Tonemapper.Quality:5]]
[2021.02.27-23.18.47:338][  0]LogConfig: Setting CVar [[r.DOF.Gather.AccumulatorQuality:1        ; higher gathering accumulator quality]]
[2021.02.27-23.18.47:338][  0]LogConfig: Setting CVar [[r.DOF.Gather.PostfilterMethod:1          ; Median3x3 postfilering method]]
[2021.02.27-23.18.47:338][  0]LogConfig: Setting CVar [[r.DOF.Gather.EnableBokehSettings:0       ; no bokeh simulation when gathering]]
[2021.02.27-23.18.47:338][  0]LogConfig: Setting CVar [[r.DOF.Gather.RingCount:4                 ; medium number of samples when gathering]]
[2021.02.27-23.18.47:338][  0]LogConfig: Setting CVar [[r.DOF.Scatter.ForegroundCompositing:1    ; additive foreground scattering]]
[2021.02.27-23.18.47:338][  0]LogConfig: Setting CVar [[r.DOF.Scatter.BackgroundCompositing:2    ; additive background scattering]]
[2021.02.27-23.18.47:338][  0]LogConfig: Setting CVar [[r.DOF.Scatter.EnableBokehSettings:1      ; bokeh simulation when scattering]]
[2021.02.27-23.18.47:338][  0]LogConfig: Setting CVar [[r.DOF.Scatter.MaxSpriteRatio:0.1         ; only a maximum of 10% of scattered bokeh]]
[2021.02.27-23.18.47:338][  0]LogConfig: Setting CVar [[r.DOF.Recombine.Quality:1                ; cheap slight out of focus]]
[2021.02.27-23.18.47:338][  0]LogConfig: Setting CVar [[r.DOF.Recombine.EnableBokehSettings:0    ; no bokeh simulation on slight out of focus]]
[2021.02.27-23.18.47:338][  0]LogConfig: Setting CVar [[r.DOF.TemporalAAQuality:1                ; more stable temporal accumulation]]
[2021.02.27-23.18.47:338][  0]LogConfig: Setting CVar [[r.DOF.Kernel.MaxForegroundRadius:0.025]]
[2021.02.27-23.18.47:338][  0]LogConfig: Setting CVar [[r.DOF.Kernel.MaxBackgroundRadius:0.025]]
[2021.02.27-23.18.47:338][  0]LogConfig: Applying CVar settings from Section [TextureQuality@3] File [C:/Envision_Repo/Envision/VREnvision/Saved/Config/Windows/Scalability.ini]
[2021.02.27-23.18.47:339][  0]LogConfig: Setting CVar [[r.Streaming.MipBias:0]]
[2021.02.27-23.18.47:339][  0]LogConfig: Setting CVar [[r.Streaming.AmortizeCPUToGPUCopy:0]]
[2021.02.27-23.18.47:339][  0]LogConfig: Setting CVar [[r.Streaming.MaxNumTexturesToStreamPerFrame:0]]
[2021.02.27-23.18.47:339][  0]LogConfig: Setting CVar [[r.Streaming.Boost:1]]
[2021.02.27-23.18.47:339][  0]LogConfig: Setting CVar [[r.MaxAnisotropy:8]]
[2021.02.27-23.18.47:339][  0]LogConfig: Setting CVar [[r.VT.MaxAnisotropy:8]]
[2021.02.27-23.18.47:339][  0]LogConfig: Setting CVar [[r.Streaming.LimitPoolSizeToVRAM:0]]
[2021.02.27-23.18.47:339][  0]LogConfig: Setting CVar [[r.Streaming.PoolSize:1000]]
[2021.02.27-23.18.47:339][  0]LogConfig: Setting CVar [[r.Streaming.MaxEffectiveScreenSize:0]]
[2021.02.27-23.18.47:339][  0]LogConfig: Applying CVar settings from Section [EffectsQuality@3] File [C:/Envision_Repo/Envision/VREnvision/Saved/Config/Windows/Scalability.ini]
[2021.02.27-23.18.47:339][  0]LogConfig: Setting CVar [[r.TranslucencyLightingVolumeDim:4]]
[2021.02.27-23.18.47:339][  0]LogConfig: Setting CVar [[r.RefractionQuality:2]]
[2021.02.27-23.18.47:339][  0]LogConfig: Setting CVar [[r.SSR.Quality:0]]
[2021.02.27-23.18.47:339][  0]LogConfig: Setting CVar [[r.SSR.HalfResSceneColor:0]]
[2021.02.27-23.18.47:339][  0]LogConfig: Setting CVar [[r.SceneColorFormat:2]]
[2021.02.27-23.18.47:339][  0]LogConfig: Setting CVar [[r.DetailMode:2]]
[2021.02.27-23.18.47:339][  0]LogConfig: Setting CVar [[r.TranslucencyVolumeBlur:0]]
[2021.02.27-23.18.47:339][  0]LogConfig: Setting CVar [[r.MaterialQualityLevel:1 ; High quality]]
[2021.02.27-23.18.47:339][  0]LogConfig: Setting CVar [[r.SSS.Scale:1]]
[2021.02.27-23.18.47:339][  0]LogConfig: Setting CVar [[r.SSS.SampleSet:2]]
[2021.02.27-23.18.47:339][  0]LogConfig: Setting CVar [[r.SSS.Quality:1]]
[2021.02.27-23.18.47:339][  0]LogConfig: Setting CVar [[r.SSS.HalfRes:0]]
[2021.02.27-23.18.47:339][  0]LogConfig: Setting CVar [[r.SSGI.Quality:3]]
[2021.02.27-23.18.47:339][  0]LogConfig: Setting CVar [[r.EmitterSpawnRateScale:1.0]]
[2021.02.27-23.18.47:339][  0]LogConfig: Setting CVar [[r.ParticleLightQuality:2]]
[2021.02.27-23.18.47:339][  0]LogConfig: Setting CVar [[r.SkyAtmosphere.AerialPerspectiveLUT.FastApplyOnOpaque:1 ; Always have FastSkyLUT 1 in this case to avoid wrong sky]]
[2021.02.27-23.18.47:339][  0]LogConfig: Setting CVar [[r.SkyAtmosphere.AerialPerspectiveLUT.SampleCountPerSlice:1]]
[2021.02.27-23.18.47:339][  0]LogConfig: Setting CVar [[r.SkyAtmosphere.AerialPerspectiveLUT.DepthResolution:16.0]]
[2021.02.27-23.18.47:339][  0]LogConfig: Setting CVar [[r.SkyAtmosphere.FastSkyLUT:1]]
[2021.02.27-23.18.47:339][  0]LogConfig: Setting CVar [[r.SkyAtmosphere.FastSkyLUT.SampleCountMin:4.0]]
[2021.02.27-23.18.47:339][  0]LogConfig: Setting CVar [[r.SkyAtmosphere.FastSkyLUT.SampleCountMax:32.0]]
[2021.02.27-23.18.47:339][  0]LogConfig: Setting CVar [[r.SkyAtmosphere.SampleCountMin:4.0]]
[2021.02.27-23.18.47:339][  0]LogConfig: Setting CVar [[r.SkyAtmosphere.SampleCountMax:32.0]]
[2021.02.27-23.18.47:339][  0]LogConfig: Setting CVar [[r.SkyAtmosphere.TransmittanceLUT.UseSmallFormat:0]]
[2021.02.27-23.18.47:339][  0]LogConfig: Setting CVar [[r.SkyAtmosphere.TransmittanceLUT.SampleCount:10.0]]
[2021.02.27-23.18.47:339][  0]LogConfig: Setting CVar [[r.SkyAtmosphere.MultiScatteringLUT.SampleCount:15.0]]
[2021.02.27-23.18.47:339][  0]LogConfig: Applying CVar settings from Section [FoliageQuality@3] File [C:/Envision_Repo/Envision/VREnvision/Saved/Config/Windows/Scalability.ini]
[2021.02.27-23.18.47:339][  0]LogConfig: Setting CVar [[foliage.DensityScale:1.0]]
[2021.02.27-23.18.47:339][  0]LogConfig: Setting CVar [[grass.DensityScale:1.0]]
[2021.02.27-23.18.47:339][  0]LogConfig: Applying CVar settings from Section [ShadingQuality@3] File [C:/Envision_Repo/Envision/VREnvision/Saved/Config/Windows/Scalability.ini]
[2021.02.27-23.18.47:339][  0]LogConfig: Setting CVar [[r.HairStrands.SkyLighting.SampleCount:16]]
[2021.02.27-23.18.47:339][  0]LogConfig: Setting CVar [[r.HairStrands.SkyLighting.JitterIntegration:0]]
[2021.02.27-23.18.47:339][  0]LogConfig: Setting CVar [[r.HairStrands.SkyAO.SampleCount:16]]
[2021.02.27-23.18.47:339][  0]LogConfig: Setting CVar [[r.HairStrands.DeepShadow.SuperSampling:0]]
[2021.02.27-23.18.47:339][  0]LogConfig: Setting CVar [[r.HairStrands.VisibilityPPLL:0]]
[2021.02.27-23.18.47:339][  0]LogConfig: Setting CVar [[r.HairStrands.RasterizationScale:0.5]]
[2021.02.27-23.18.47:339][  0]LogConfig: Setting CVar [[r.HairStrands.VelocityRasterizationScale:1]]
[2021.02.27-23.18.47:339][  0]LogConfig: Applying CVar settings from Section [Startup] File [../../../Engine/Config/ConsoleVariables.ini]
[2021.02.27-23.18.47:340][  0]LogConfig: Setting CVar [[net.UseAdaptiveNetUpdateFrequency:0]]
[2021.02.27-23.18.47:340][  0]LogConfig: Setting CVar [[p.chaos.AllowCreatePhysxBodies:1]]
[2021.02.27-23.18.47:340][  0]LogConfig: Setting CVar [[fx.SkipVectorVMBackendOptimizations:1]]
[2021.02.27-23.18.47:340][  0]LogConfig: Applying CVar settings from Section [ConsoleVariables] File [C:/Envision_Repo/Envision/VREnvision/Saved/Config/Windows/Engine.ini]
[2021.02.27-23.18.47:340][  0]LogInit: Computer: DESKTOP-U0NE6T9
[2021.02.27-23.18.47:340][  0]LogInit: User: nconn
[2021.02.27-23.18.47:340][  0]LogInit: CPU Page size=4096, Cores=6
[2021.02.27-23.18.47:340][  0]LogInit: High frequency timer resolution =10.000000 MHz
[2021.02.27-23.18.47:340][  0]LogMemory: Memory total: Physical=15.9GB (16GB approx)
[2021.02.27-23.18.47:340][  0]LogMemory: Platform Memory Stats for Windows
[2021.02.27-23.18.47:340][  0]LogMemory: Process Physical Memory: 119.80 MB used, 119.81 MB peak
[2021.02.27-23.18.47:340][  0]LogMemory: Process Virtual Memory: 110.79 MB used, 110.79 MB peak
[2021.02.27-23.18.47:340][  0]LogMemory: Physical Memory: 9694.79 MB used,  6619.35 MB free, 16314.14 MB total
[2021.02.27-23.18.47:340][  0]LogMemory: Virtual Memory: 5186.61 MB used,  134212544.00 MB free, 134217728.00 MB total
[2021.02.27-23.18.47:347][  0]LogWindows: WindowsPlatformFeatures enabled
[2021.02.27-23.18.47:614][  0]LogInit: Physics initialised using underlying interface: PhysX
[2021.02.27-23.18.47:616][  0]LogInit: Using OS detected language (en-US).
[2021.02.27-23.18.47:616][  0]LogInit: Using OS detected locale (en-US).
[2021.02.27-23.18.47:629][  0]LogTextLocalizationManager: No specific localization for 'en-US' exists, so the 'en' localization will be used.
[2021.02.27-23.18.48:027][  0]LogInit: Setting process to per monitor DPI aware
[2021.02.27-23.18.48:121][  0]LogSlate: New Slate User Created.  User Index 0, Is Virtual User: 0
[2021.02.27-23.18.48:121][  0]LogSlate: Slate User Registered.  User Index 0, Is Virtual User: 0
[2021.02.27-23.18.52:537][  0]LogHMD: Failed to initialize OpenVR with code 110
[2021.02.27-23.18.52:537][  0]LogD3D11RHI: D3D11 min allowed feature level: 11_0
[2021.02.27-23.18.52:537][  0]LogD3D11RHI: D3D11 max allowed feature level: 11_0
[2021.02.27-23.18.52:537][  0]LogD3D11RHI: D3D11 adapters:
[2021.02.27-23.18.52:681][  0]LogD3D11RHI:    0. 'NVIDIA GeForce GTX 1660' (Feature Level 11_0)
[2021.02.27-23.18.52:681][  0]LogD3D11RHI:       5991/0/8157 MB DedicatedVideo/DedicatedSystem/SharedSystem, Outputs:2, VendorId:0x10de
[2021.02.27-23.18.52:689][  0]LogD3D11RHI:    1. 'Microsoft Basic Render Driver' (Feature Level 11_0)
[2021.02.27-23.18.52:689][  0]LogD3D11RHI:       0/0/8157 MB DedicatedVideo/DedicatedSystem/SharedSystem, Outputs:0, VendorId:0x1414
[2021.02.27-23.18.52:689][  0]LogD3D11RHI: Chosen D3D11 Adapter: 0
[2021.02.27-23.18.52:702][  0]LogD3D11RHI: Creating new Direct3DDevice
[2021.02.27-23.18.52:703][  0]LogD3D11RHI:     GPU DeviceId: 0x2184 (for the marketing name, search the web for "GPU Device Id")
[2021.02.27-23.18.52:703][  0]LogWindows: EnumDisplayDevices:
[2021.02.27-23.18.52:703][  0]LogWindows:    0. 'NVIDIA GeForce GTX 1660' (P:1 D:1)
[2021.02.27-23.18.52:703][  0]LogWindows:    1. 'NVIDIA GeForce GTX 1660' (P:0 D:1)
[2021.02.27-23.18.52:704][  0]LogWindows:    2. 'NVIDIA GeForce GTX 1660' (P:0 D:0)
[2021.02.27-23.18.52:704][  0]LogWindows:    3. 'NVIDIA GeForce GTX 1660' (P:0 D:0)
[2021.02.27-23.18.52:704][  0]LogWindows: DebugString: FoundDriverCount:4 
[2021.02.27-23.18.52:704][  0]LogD3D11RHI:     Adapter Name: NVIDIA GeForce GTX 1660
[2021.02.27-23.18.52:704][  0]LogD3D11RHI:   Driver Version: 461.09 (internal:27.21.14.6109, unified:461.09)
[2021.02.27-23.18.52:704][  0]LogD3D11RHI:      Driver Date: 12-31-2020
[2021.02.27-23.18.52:704][  0]LogRHI: Texture pool is 4193 MB (70% of 5991 MB)
[2021.02.27-23.18.52:824][  0]LogD3D11RHI: RHI has support for 64 bit atomics
[2021.02.27-23.18.52:824][  0]LogD3D11RHI: Async texture creation enabled
[2021.02.27-23.18.52:824][  0]LogD3D11RHI: Array index from any shader is supported
[2021.02.27-23.18.52:886][  0]LogD3D11RHI: GPU Timing Frequency: 1000.000000 (Debug: 2 1)
[2021.02.27-23.18.53:383][  0]LogTargetPlatformManager: Display: Loaded TargetPlatform 'AllDesktop'
[2021.02.27-23.18.53:416][  0]LogTargetPlatformManager: Display: Loaded TargetPlatform 'Android'
[2021.02.27-23.18.53:416][  0]LogTargetPlatformManager: Display: Loaded TargetPlatform 'Android_ASTC'
[2021.02.27-23.18.53:416][  0]LogTargetPlatformManager: Display: Loaded TargetPlatform 'Android_DXT'
[2021.02.27-23.18.53:416][  0]LogTargetPlatformManager: Display: Loaded TargetPlatform 'Android_ETC2'
[2021.02.27-23.18.53:416][  0]LogTargetPlatformManager: Display: Loaded TargetPlatform 'AndroidClient'
[2021.02.27-23.18.53:416][  0]LogTargetPlatformManager: Display: Loaded TargetPlatform 'Android_ASTCClient'
[2021.02.27-23.18.53:416][  0]LogTargetPlatformManager: Display: Loaded TargetPlatform 'Android_DXTClient'
[2021.02.27-23.18.53:416][  0]LogTargetPlatformManager: Display: Loaded TargetPlatform 'Android_ETC2Client'
[2021.02.27-23.18.53:416][  0]LogTargetPlatformManager: Display: Loaded TargetPlatform 'Android_Multi'
[2021.02.27-23.18.53:416][  0]LogTargetPlatformManager: Display: Loaded TargetPlatform 'Android_MultiClient'
[2021.02.27-23.18.53:466][  0]LogTargetPlatformManager: Display: Loaded TargetPlatform 'IOSClient'
[2021.02.27-23.18.53:466][  0]LogTargetPlatformManager: Display: Loaded TargetPlatform 'IOS'
[2021.02.27-23.18.53:491][  0]LogTargetPlatformManager: Display: Loaded TargetPlatform 'Linux'
[2021.02.27-23.18.53:503][  0]LogTargetPlatformManager: Display: Loaded TargetPlatform 'LinuxNoEditor'
[2021.02.27-23.18.53:516][  0]LogTargetPlatformManager: Display: Loaded TargetPlatform 'LinuxClient'
[2021.02.27-23.18.53:529][  0]LogTargetPlatformManager: Display: Loaded TargetPlatform 'LinuxServer'
[2021.02.27-23.18.53:545][  0]LogTargetPlatformManager: Display: Loaded TargetPlatform 'LinuxAArch64NoEditor'
[2021.02.27-23.18.53:557][  0]LogTargetPlatformManager: Display: Loaded TargetPlatform 'LinuxAArch64Client'
[2021.02.27-23.18.53:569][  0]LogTargetPlatformManager: Display: Loaded TargetPlatform 'LinuxAArch64Server'
[2021.02.27-23.18.53:607][  0]LogTargetPlatformManager: Display: Loaded TargetPlatform 'Lumin'
[2021.02.27-23.18.53:607][  0]LogTargetPlatformManager: Display: Loaded TargetPlatform 'LuminClient'
[2021.02.27-23.18.53:627][  0]LogTargetPlatformManager: Display: Loaded TargetPlatform 'TVOSClient'
[2021.02.27-23.18.53:627][  0]LogTargetPlatformManager: Display: Loaded TargetPlatform 'TVOS'
[2021.02.27-23.18.53:639][  0]LogTargetPlatformManager: Display: Loaded TargetPlatform 'WindowsNoEditor'
[2021.02.27-23.18.53:653][  0]LogTargetPlatformManager: Display: Loaded TargetPlatform 'Windows'
[2021.02.27-23.18.53:668][  0]LogTargetPlatformManager: Display: Loaded TargetPlatform 'WindowsClient'
[2021.02.27-23.18.53:682][  0]LogTargetPlatformManager: Display: Loaded TargetPlatform 'WindowsServer'
[2021.02.27-23.18.53:682][  0]LogTargetPlatformManager: Display: Building Assets For Windows
[2021.02.27-23.18.53:745][  0]LogAudioDebug: Display: Lib vorbis DLL was dynamically loaded.
[2021.02.27-23.18.53:876][  0]LogShaderCompilers: Guid format shader working directory is -2 characters bigger than the processId version (../../../../../Envision_Repo/Envision/VREnvision/Intermediate/Shaders/WorkingDirectory/4700/).
[2021.02.27-23.18.53:876][  0]LogShaderCompilers: Cleaned the shader compiler working directory 'C:/Users/nconn/AppData/Local/Temp/UnrealShaderWorkingDir/51B5DC9343AB2F39F357A8B95D3BF6AD/'.
[2021.02.27-23.18.53:878][  0]LogXGEController: Cannot use XGE Controller as Incredibuild is not installed on this machine.
[2021.02.27-23.18.53:878][  0]LogShaderCompilers: Cannot use XGE Shader Compiler as Incredibuild is not installed on this machine.
[2021.02.27-23.18.53:878][  0]LogShaderCompilers: Display: Using Local Shader Compiler.
[2021.02.27-23.18.57:484][  0]LogDerivedDataCache: Display: Max Cache Size: 512 MB
[2021.02.27-23.18.57:752][  0]LogDerivedDataCache: Loaded boot cache 0.27s 93MB C:/Users/nconn/AppData/Local/UnrealEngine/4.25/DerivedDataCache/Boot.ddc.
[2021.02.27-23.18.57:752][  0]LogDerivedDataCache: Display: Loaded Boot cache: C:/Users/nconn/AppData/Local/UnrealEngine/4.25/DerivedDataCache/Boot.ddc
[2021.02.27-23.18.57:752][  0]LogDerivedDataCache: FDerivedDataBackendGraph:  Pak pak cache file ../../../../../Envision_Repo/Envision/VREnvision/DerivedDataCache/DDC.ddp not found, will not use a pak cache.
[2021.02.27-23.18.57:752][  0]LogDerivedDataCache: Unable to find inner node Pak for hierarchical cache Hierarchy.
[2021.02.27-23.18.57:752][  0]LogDerivedDataCache: FDerivedDataBackendGraph:  CompressedPak pak cache file ../../../../../Envision_Repo/Envision/VREnvision/DerivedDataCache/Compressed.ddp not found, will not use a pak cache.
[2021.02.27-23.18.57:752][  0]LogDerivedDataCache: Unable to find inner node CompressedPak for hierarchical cache Hierarchy.
[2021.02.27-23.18.57:774][  0]LogDerivedDataCache: Display: Pak cache opened for reading ../../../Engine/DerivedDataCache/Compressed.ddp.
[2021.02.27-23.18.57:774][  0]LogDerivedDataCache: FDerivedDataBackendGraph:  EnterprisePak pak cache file ../../../Enterprise/DerivedDataCache/Compressed.ddp not found, will not use a pak cache.
[2021.02.27-23.18.57:774][  0]LogDerivedDataCache: Unable to find inner node EnterprisePak for hierarchical cache Hierarchy.
[2021.02.27-23.18.57:775][  0]LogDerivedDataCache: Using Local data cache path C:/Users/nconn/AppData/Local/UnrealEngine/Common/DerivedDataCache: Writable
[2021.02.27-23.18.57:775][  0]LogDerivedDataCache: Shared data cache path not found in *engine.ini, will not use an Shared cache.
[2021.02.27-23.18.57:775][  0]LogDerivedDataCache: Unable to find inner node Shared for hierarchical cache Hierarchy.
[2021.02.27-23.18.57:830][  0]LogSlate: Using FreeType 2.10.0
[2021.02.27-23.18.57:852][  0]LogSlate: SlateFontServices - WITH_FREETYPE: 1, WITH_HARFBUZZ: 1
[2021.02.27-23.18.57:900][  0]LogAssetRegistry: FAssetRegistry took 0.0038 seconds to start up
[2021.02.27-23.18.58:194][  0]LogInit: Selected Device Profile: [Windows]
[2021.02.27-23.18.58:463][  0]LogMeshReduction: Using QuadricMeshReduction for automatic static mesh reduction
[2021.02.27-23.18.58:463][  0]LogMeshReduction: Using SimplygonMeshReduction for automatic skeletal mesh reduction
[2021.02.27-23.18.58:463][  0]LogMeshReduction: Using ProxyLODMeshReduction for automatic mesh merging
[2021.02.27-23.18.58:463][  0]LogMeshReduction: No distributed automatic mesh merging module available
[2021.02.27-23.18.58:463][  0]LogMeshMerging: No distributed automatic mesh merging module available
[2021.02.27-23.18.58:521][  0]LogNetVersion: VREnvision 1.0.0, NetCL: 13144385, EngineNetVer: 14, GameNetVer: 0 (Checksum: 1551130514)
[2021.02.27-23.18.59:871][  0]LogAISub: UAISubsystem::UAISubsystem AISubsystem (0000029AE76E69C0), frame # 0
[2021.02.27-23.18.59:871][  0]LogAISub: UAISubsystem::UAISubsystem AIPerceptionSystem (0000029AE958EAC0), frame # 0
[2021.02.27-23.18.59:873][  0]LogAISub: UAISubsystem::UAISubsystem EnvQueryManager (0000029AE95DDE00), frame # 0
[2021.02.27-23.18.59:970][  0]LogPackageLocalizationCache: Processed 21 localized package path(s) for 1 prioritized culture(s) in 0.073934 seconds
[2021.02.27-23.18.59:976][  0]LogUObjectArray: 15940 objects as part of root set at end of initial load.
[2021.02.27-23.18.59:976][  0]LogUObjectAllocator: 3973552 out of 0 bytes used by permanent object pool.
[2021.02.27-23.18.59:976][  0]LogUObjectArray: CloseDisregardForGC: 0/0 objects in disregard for GC pool
[2021.02.27-23.19.00:870][  0]LogTcpMessaging: Initializing TcpMessaging bridge
[2021.02.27-23.19.00:876][  0]LogUdpMessaging: Initializing bridge on interface 0.0.0.0:0 to multicast group 230.0.0.1:6666.
[2021.02.27-23.19.01:090][  0]SourceControl: Source control is disabled
[2021.02.27-23.19.01:090][  0]SourceControl: Source control is disabled
[2021.02.27-23.19.01:094][  0]SourceControl: Source control is disabled
[2021.02.27-23.19.01:099][  0]SourceControl: Source control is disabled
[2021.02.27-23.19.01:109][  0]SourceControl: Source control is disabled
[2021.02.27-23.19.01:126][  0]LogVSAccessor: Display: Unable to create Visual Studio setup instance: 80040154
[2021.02.27-23.19.01:127][  0]LogVSAccessor: Display: Unable to create Visual Studio setup instance: 80040154
[2021.02.27-23.19.01:466][  0]LogOnline: Oculus: Oculus Startup!
[2021.02.27-23.19.01:471][  0]LogAndroidPermission: UAndroidPermissionCallbackProxy::GetInstance
[2021.02.27-23.19.01:500][  0]LogAudioCaptureCore: Display: No Audio Capture implementations found. Audio input will be silent.
[2021.02.27-23.19.01:500][  0]LogAudioCaptureCore: Display: No Audio Capture implementations found. Audio input will be silent.
[2021.02.27-23.19.01:540][  0]LogAvatars: Display: UOvrAvatarManager::InitializeSDK()
[2021.02.27-23.19.01:547][  0]LogLinker: Warning: Asset '../../Plugins/Runtime/Oculus/OculusAvatar/Content/Materials/AvatarsPBR_2/OculusAvatars_PBRV2_Mobile.uasset' has been saved with empty engine version. The asset will be loaded but may be incompatible.
[2021.02.27-23.19.01:561][  0]LogLinker: Warning: Asset '../../Plugins/Runtime/Oculus/OculusAvatar/Content/Materials/AvatarsPBR_2/AvatarLighting.uasset' has been saved with empty engine version. The asset will be loaded but may be incompatible.
[2021.02.27-23.19.01:570][  0]LogLinker: Warning: Asset '../../Plugins/Runtime/Oculus/OculusAvatar/Content/Materials/AvatarsPBR_2/Functions/DistributionGGX.uasset' has been saved with empty engine version. The asset will be loaded but may be incompatible.
[2021.02.27-23.19.01:577][  0]LogLinker: Warning: Asset '../../Plugins/Runtime/Oculus/OculusAvatar/Content/Materials/AvatarsPBR_2/Functions/GeometryGGXPartial.uasset' has been saved with empty engine version. The asset will be loaded but may be incompatible.
[2021.02.27-23.19.01:584][  0]LogLinker: Warning: Asset '../../Plugins/Runtime/Oculus/OculusAvatar/Content/Materials/AvatarsPBR_2/Functions/SchlickFresnel.uasset' has been saved with empty engine version. The asset will be loaded but may be incompatible.
[2021.02.27-23.19.01:591][  0]LogLinker: Warning: Asset '../../Plugins/Runtime/Oculus/OculusAvatar/Content/Materials/AvatarsPBR_2/Assets/fallbackAlbedo.uasset' has been saved with empty engine version. The asset will be loaded but may be incompatible.
[2021.02.27-23.19.01:597][  0]LogLinker: Warning: Asset '../../Plugins/Runtime/Oculus/OculusAvatar/Content/Materials/AvatarsPBR_2/Assets/fallbackNormal.uasset' has been saved with empty engine version. The asset will be loaded but may be incompatible.
[2021.02.27-23.19.01:603][  0]LogLinker: Warning: Asset '../../Plugins/Runtime/Oculus/OculusAvatar/Content/Materials/AvatarsPBR_2/Assets/fallbackRoughness.uasset' has been saved with empty engine version. The asset will be loaded but may be incompatible.
[2021.02.27-23.19.01:627][  0]LogLinker: Warning: Asset '../../Plugins/Runtime/Oculus/OculusAvatar/Content/Materials/AvatarsPBR_2/OculusAvatars_PBRV2_Mobile_Combined.uasset' has been saved with empty engine version. The asset will be loaded but may be incompatible.
[2021.02.27-23.19.01:634][  0]LogLinker: Warning: Asset '../../Plugins/Runtime/Oculus/OculusAvatar/Content/Materials/AvatarsPBR_2/Functions/ComputeCombinedMeshColor.uasset' has been saved with empty engine version. The asset will be loaded but may be incompatible.
[2021.02.27-23.19.01:661][  0]LogLinker: Warning: Asset '../../Plugins/Runtime/Oculus/OculusAvatar/Content/Materials/AvatarsPBR_2/OculusAvatars_PBRV2_Exp_Opaque_Body_Mobile.uasset' has been saved with empty engine version. The asset will be loaded but may be incompatible.
[2021.02.27-23.19.01:668][  0]LogLinker: Warning: Asset '../../Plugins/Runtime/Oculus/OculusAvatar/Content/Materials/AvatarsPBR_2/Functions/CombineMasks.uasset' has been saved with empty engine version. The asset will be loaded but may be incompatible.
[2021.02.27-23.19.01:675][  0]LogLinker: Warning: Asset '../../Plugins/Runtime/Oculus/OculusAvatar/Content/Materials/AvatarsPBR_2/Functions/ComputeMask.uasset' has been saved with empty engine version. The asset will be loaded but may be incompatible.
[2021.02.27-23.19.01:690][  0]LogLinker: Warning: Asset '../../Plugins/Runtime/Oculus/OculusAvatar/Content/Materials/AvatarsPBR_2/OculusAvatars_PBRV2_Exp_Opaque_Simple_Mobile.uasset' has been saved with empty engine version. The asset will be loaded but may be incompatible.
[2021.02.27-23.19.01:700][  0]LogLinker: Warning: Asset '../../Plugins/Runtime/Oculus/OculusAvatar/Content/Materials/AvatarsPBR_2/OculusAvatars_PBRV2_Combined_Exp_Opaque_Mobile.uasset' has been saved with empty engine version. The asset will be loaded but may be incompatible.
[2021.02.27-23.19.01:717][  0]LogLinker: Warning: Asset '../../Plugins/Runtime/Oculus/OculusAvatar/Content/Materials/AvatarsPBR_2/OculusAvatars_PBRV2.uasset' has been saved with empty engine version. The asset will be loaded but may be incompatible.
[2021.02.27-23.19.01:732][  0]LogLinker: Warning: Asset '../../Plugins/Runtime/Oculus/OculusAvatar/Content/Materials/AvatarsPBR_2/OculusAvatars_PBRV2_Combined.uasset' has been saved with empty engine version. The asset will be loaded but may be incompatible.
[2021.02.27-23.19.01:749][  0]LogLinker: Warning: Asset '../../Plugins/Runtime/Oculus/OculusAvatar/Content/Materials/AvatarsPBR_2/OculusAvatars_PBRV2_Exp_Masked_Body.uasset' has been saved with empty engine version. The asset will be loaded but may be incompatible.
[2021.02.27-23.19.01:764][  0]LogLinker: Warning: Asset '../../Plugins/Runtime/Oculus/OculusAvatar/Content/Materials/AvatarsPBR_2/Functions/DitherAlphaToOpacityMask.uasset' has been saved with empty engine version. The asset will be loaded but may be incompatible.
[2021.02.27-23.19.01:777][  0]LogLinker: Warning: Asset '../../Plugins/Runtime/Oculus/OculusAvatar/Content/Materials/AvatarsPBR_2/Functions/LDR_LLL1_0.uasset' has been saved with empty engine version. The asset will be loaded but may be incompatible.
[2021.02.27-23.19.01:794][  0]LogLinker: Warning: Asset '../../Plugins/Runtime/Oculus/OculusAvatar/Content/Materials/AvatarsPBR_2/OculusAvatars_PBRV2_Exp_Alpha_Body.uasset' has been saved with empty engine version. The asset will be loaded but may be incompatible.
[2021.02.27-23.19.01:811][  0]LogLinker: Warning: Asset '../../Plugins/Runtime/Oculus/OculusAvatar/Content/Materials/AvatarsPBR_2/OculusAvatars_PBRV2_Exp_Opaque_Body.uasset' has been saved with empty engine version. The asset will be loaded but may be incompatible.
[2021.02.27-23.19.01:825][  0]LogLinker: Warning: Asset '../../Plugins/Runtime/Oculus/OculusAvatar/Content/Materials/AvatarsPBR_2/OculusAvatars_PBRV2_Exp_Alpha_Simple.uasset' has been saved with empty engine version. The asset will be loaded but may be incompatible.
[2021.02.27-23.19.01:839][  0]LogLinker: Warning: Asset '../../Plugins/Runtime/Oculus/OculusAvatar/Content/Materials/AvatarsPBR_2/OculusAvatars_PBRV2_Exp_Masked_Simple.uasset' has been saved with empty engine version. The asset will be loaded but may be incompatible.
[2021.02.27-23.19.01:854][  0]LogLinker: Warning: Asset '../../Plugins/Runtime/Oculus/OculusAvatar/Content/Materials/AvatarsPBR_2/OculusAvatars_PBRV2_Exp_Opaque_Simple.uasset' has been saved with empty engine version. The asset will be loaded but may be incompatible.
[2021.02.27-23.19.01:865][  0]LogLinker: Warning: Asset '../../Plugins/Runtime/Oculus/OculusAvatar/Content/Materials/AvatarsPBR_2/OculusAvatars_PBRV2_Combined_Exp_Masked.uasset' has been saved with empty engine version. The asset will be loaded but may be incompatible.
[2021.02.27-23.19.01:885][  0]LogLinker: Warning: Asset '../../Plugins/Runtime/Oculus/OculusAvatar/Content/Materials/AvatarsPBR_2/OculusAvatars_PBRV2_Combined_Exp_Opaque.uasset' has been saved with empty engine version. The asset will be loaded but may be incompatible.
[2021.02.27-23.19.01:907][  0]LogLinker: Warning: Asset '../../Plugins/Runtime/Oculus/OculusAvatar/Content/Materials/AvatarsPBR_2/OculusAvatars_PBRV2_Combined_Exp_Alpha.uasset' has been saved with empty engine version. The asset will be loaded but may be incompatible.
[2021.02.27-23.19.01:926][  0]LogLinker: Warning: Asset '../../Plugins/Runtime/Oculus/OculusAvatar/Content/Materials/AvatarsPBR_2/OculusAvatars_PBRV2_EyeShell.uasset' has been saved with empty engine version. The asset will be loaded but may be incompatible.
[2021.02.27-23.19.01:937][  0]LogLinker: Warning: Asset '../../Plugins/Runtime/Oculus/OculusAvatar/Content/Materials/AvatarsPBR_2/OculusAvatars_PBRV2_ExpressiveController.uasset' has been saved with empty engine version. The asset will be loaded but may be incompatible.
[2021.02.27-23.19.02:759][  0]LogAvatars: Display: Oculus Avatars No App Id Found: SHUTTING DOWN Oculus Avatars No App Id Found: SHUTTING DOWN %s
[2021.02.27-23.19.02:826][  0]LogOcInput: OculusInput pre-init called
[2021.02.27-23.19.03:193][  0]LogEngine: Initializing Engine...
[2021.02.27-23.19.03:194][  0]LogHMD: Failed to initialize OpenVR with code 110
[2021.02.27-23.19.03:194][  0]LogMagicLeap: Warning: VR disabled because ZI is not enabled.  To enable, in the editor, Edit -> Project Settings -> Plugins -> Magic Leap Plugin -> Enable Zero Iteration
[2021.02.27-23.19.03:195][  0]LogStats: UGameplayTagsManager::InitializeManager -  0.000 s
[2021.02.27-23.19.03:573][  0]LogInit: Initializing FReadOnlyCVARCache
[2021.02.27-23.19.03:588][  0]LogAIModule: Creating AISystem for world Untitled
[2021.02.27-23.19.03:588][  0]LogAISub: UAISubsystem::UAISubsystem EnvQueryManager (0000029AF53E7C00), frame # 0
[2021.02.27-23.19.03:588][  0]LogAISub: UAISubsystem::UAISubsystem AIPerceptionSystem (0000029AF5461800), frame # 0
[2021.02.27-23.19.03:595][  0]LogAudioMixer: Display: Audio Mixer Platform Settings:
[2021.02.27-23.19.03:595][  0]LogAudioMixer: Display: 	Sample Rate:						  48000
[2021.02.27-23.19.03:595][  0]LogAudioMixer: Display: 	Callback Buffer Frame Size Requested: 1024
[2021.02.27-23.19.03:595][  0]LogAudioMixer: Display: 	Callback Buffer Frame Size To Use:	  1024
[2021.02.27-23.19.03:595][  0]LogAudioMixer: Display: 	Number of buffers to queue:			  2
[2021.02.27-23.19.03:595][  0]LogAudioMixer: Display: 	Max Channels (voices):				  32
[2021.02.27-23.19.03:595][  0]LogAudioMixer: Display: 	Number of Async Source Workers:		  0
[2021.02.27-23.19.03:596][  0]LogAudio: Display: AudioDevice MaxSources: 32
[2021.02.27-23.19.03:596][  0]LogAudio: Display: Using built-in audio occlusion.
[2021.02.27-23.19.03:596][  0]LogAudioMixer: Display: Initializing audio mixer.
[2021.02.27-23.19.03:615][  0]LogAudioMixer: Display: 0: FrontLeft
[2021.02.27-23.19.03:615][  0]LogAudioMixer: Display: 1: FrontRight
[2021.02.27-23.19.03:649][  0]LogAudioMixer: Display: Using Audio Device Speakers (USB Audio Device)
[2021.02.27-23.19.03:650][  0]LogAudioMixer: Display: Initializing Sound Submixes...
[2021.02.27-23.19.03:677][  0]LogAudioMixer: Display: Creating Master Submix 'MasterSubmixDefault'
[2021.02.27-23.19.03:677][  0]LogAudioMixer: Display: Creating Master Submix 'MasterReverbSubmixDefault'
[2021.02.27-23.19.03:678][  0]LogAudioMixer: Display: Creating Master Submix 'MasterEQSubmixDefault'
[2021.02.27-23.19.03:679][  0]LogInit: FAudioDevice initialized.
[2021.02.27-23.19.03:679][  0]LogNetVersion: Set ProjectVersion to 1.0.0.0. Version Checksum will be recalculated on next use.
[2021.02.27-23.19.03:778][  0]LogDerivedDataCache: Saved boot cache 0.10s 93MB C:/Users/nconn/AppData/Local/UnrealEngine/4.25/DerivedDataCache/Boot.ddc.
[2021.02.27-23.19.03:785][  0]LogInit: Texture streaming: Enabled
[2021.02.27-23.19.03:808][  0]LogEngineSessionManager: EngineSessionManager initialized
[2021.02.27-23.19.03:808][  0]LogEditorSessionSummary: Verbose: Initializing EditorSessionSummaryWriter for editor session tracking
[2021.02.27-23.19.03:811][  0]LogEditorSessionSummary: EditorSessionSummaryWriter initialized
[2021.02.27-23.19.03:898][  0]LogInit: Transaction tracking system initialized
[2021.02.27-23.19.03:933][  0]BlueprintLog: New page: Editor Load
[2021.02.27-23.19.04:044][  0]LocalizationService: Localization service is disabled
[2021.02.27-23.19.04:176][  0]LogVSAccessor: Display: Unable to create Visual Studio setup instance: 80040154
[2021.02.27-23.19.04:177][  0]LogVSAccessor: Display: Unable to create Visual Studio setup instance: 80040154
[2021.02.27-23.19.04:683][  0]LogCook: Display: Max memory allowance for cook 16384mb min free memory 0mb
[2021.02.27-23.19.04:683][  0]LogCook: Display: Mobile HDR setting 1
[2021.02.27-23.19.04:913][  0]LogFileCache: Scanning file cache for directory 'C:/Envision_Repo/Envision/VREnvision/Content/' took 0.02s
[2021.02.27-23.19.05:107][  0]SourceControl: Source control is disabled
[2021.02.27-23.19.05:229][  0]LogSlate: Took 0.008192 seconds to synchronously load lazily loaded font '../../../Engine/Content/Slate/Fonts/Roboto-Regular.ttf' (155K)
[2021.02.27-23.19.40:770][  0]LogSlate: Window 'Restore Packages' being destroyed
[2021.02.27-23.19.40:771][  0]LogWindowsTextInputMethodSystem: Display: IME system now deactivated.
[2021.02.27-23.19.40:806][  0]LogWindowsTextInputMethodSystem: Display: IME system now deactivated.
[2021.02.27-23.19.43:529][  0]LogSlate: Window 'Unable to Check Out From Source Control!' being destroyed
[2021.02.27-23.19.43:530][  0]LogWindowsTextInputMethodSystem: Display: IME system now deactivated.
[2021.02.27-23.19.43:536][  0]Message dialog closed, result: Ok, title: Unable to Check Out From Source Control!, text: The following assets could not be successfully checked out from source control:
/Game/VirtualRealityBP/Testing/Maps/GrayBox002
[2021.02.27-23.19.43:569][  0]LogWindowsTextInputMethodSystem: Display: IME system now deactivated.
[2021.02.27-23.19.43:569][  0]LogUnrealEdMisc: Loading editor; pre map load, took 63.360
[2021.02.27-23.19.43:570][  0]Cmd: MAP LOAD FILE="../../../../../Envision_Repo/Envision/VREnvision/Content/VirtualRealityBP/Maps/StartupMap.umap" TEMPLATE=0 SHOWPROGRESS=1 FEATURELEVEL=3
[2021.02.27-23.19.43:571][  0]LightingResults: New page: Lighting Build
[2021.02.27-23.19.43:580][  0]LogWorld: UWorld::CleanupWorld for Untitled, bSessionEnded=true, bCleanupResources=true
[2021.02.27-23.19.43:580][  0]LogSlate: InvalidateAllWidgets triggered.  All widgets were invalidated
[2021.02.27-23.19.43:580][  0]MapCheck: New page: Map Check
[2021.02.27-23.19.43:580][  0]LightingResults: New page: Lighting Build
[2021.02.27-23.19.43:596][  0]LogAISub: UAISubsystem::~UAISubsystem EnvQueryManager (0000029AF53E7C00), frame # 0
[2021.02.27-23.19.43:596][  0]LogAISub: UAISubsystem::~UAISubsystem AIPerceptionSystem (0000029AF5461800), frame # 0
[2021.02.27-23.19.43:598][  0]LogUObjectHash: Compacting FUObjectHashTables data took   1.22ms
[2021.02.27-23.19.43:604][  0]LogLinker: Warning: While loading '../../../../../Envision_Repo/Envision/VREnvision/Content/VirtualRealityBP/Maps/StartupMap.umap' failed to load '/Game/VirtualRealityBP/Maps/StartupMap_BuiltData': Can't find file.
[2021.02.27-23.19.43:604][  0]LogLinker: Warning: While loading '../../../../../Envision_Repo/Envision/VREnvision/Content/VirtualRealityBP/Maps/StartupMap.umap' failed to load '/Game/VirtualRealityBP/Maps/StartupMap_BuiltData': Can't find file.
[2021.02.27-23.19.43:629][  0]LogLinker: Warning: While loading '../../../../../Envision_Repo/Envision/VREnvision/Content/VirtualRealityBP/Maps/StartupMap.umap' failed to load '/Game/VirtualRealityBP/Maps/StartupMap_BuiltData': Can't find file.
[2021.02.27-23.19.43:629][  0]LogLinker: Warning: While loading '../../../../../Envision_Repo/Envision/VREnvision/Content/VirtualRealityBP/Maps/StartupMap.umap' failed to load '/Game/VirtualRealityBP/Maps/StartupMap_BuiltData': Can't find file.
[2021.02.27-23.19.43:647][  0]LogLinker: Warning: While loading '../../../../../Envision_Repo/Envision/VREnvision/Content/VirtualRealityBP/Maps/StartupMap.umap' failed to load '/Game/VirtualRealityBP/Maps/StartupMap_BuiltData': Can't find file.
[2021.02.27-23.19.43:647][  0]LoadErrors: Failed to load /Game/VirtualRealityBP/Maps/StartupMap_BuiltData.StartupMap_BuiltData Referenced by PersistentLevel
[2021.02.27-23.19.43:647][  0]LogLinker: Warning: While loading '../../../../../Envision_Repo/Envision/VREnvision/Content/VirtualRealityBP/Maps/StartupMap.umap' failed to load '/Game/VirtualRealityBP/Maps/StartupMap_BuiltData': Can't find file.
[2021.02.27-23.19.43:647][  0]LoadErrors: Failed to load /Game/VirtualRealityBP/Maps/StartupMap_BuiltData.StartupMap_BuiltData Referenced by PersistentLevel
[2021.02.27-23.19.43:895][  0]LogAIModule: Creating AISystem for world StartupMap
[2021.02.27-23.19.43:896][  0]LogAISub: UAISubsystem::UAISubsystem EnvQueryManager (0000029AD5B53E00), frame # 0
[2021.02.27-23.19.43:896][  0]LogAISub: UAISubsystem::UAISubsystem AIPerceptionSystem (0000029AF5411D00), frame # 0
[2021.02.27-23.19.43:909][  0]LogEditorServer: Finished looking for orphan Actors (0.000 secs)
[2021.02.27-23.19.43:926][  0]LogUObjectHash: Compacting FUObjectHashTables data took   0.67ms
[2021.02.27-23.19.43:926][  0]Cmd: MAP CHECKDEP NOCLEARLOG
[2021.02.27-23.19.43:926][  0]MapCheck: Map check complete: 0 Error(s), 0 Warning(s), took 0.153ms to complete.
[2021.02.27-23.19.43:927][  0]LogFileHelpers: Loading map 'StartupMap' took 0.357
[2021.02.27-23.19.43:928][  0]LogUnrealEdMisc: Total Editor Startup Time, took 63.719
[2021.02.27-23.19.44:020][  0]LogSlate: Updating window title bar state: overlay mode, drag disabled, window buttons hidden, title bar hidden
[2021.02.27-23.19.44:028][  0]LogSlate: Updating window title bar state: overlay mode, drag disabled, window buttons hidden, title bar hidden
[2021.02.27-23.19.44:038][  0]LogSlate: Updating window title bar state: overlay mode, drag disabled, window buttons hidden, title bar hidden
[2021.02.27-23.19.44:046][  0]LogSlate: Updating window title bar state: overlay mode, drag disabled, window buttons hidden, title bar hidden
[2021.02.27-23.19.44:057][  0]LogCollectionManager: Loaded 0 collections in 0.002296 seconds
[2021.02.27-23.19.44:074][  0]LogFileCache: Scanning file cache for directory 'C:/Envision_Repo/Envision/VREnvision/Saved/Collections/' took 0.00s
[2021.02.27-23.19.44:074][  0]LogFileCache: Scanning file cache for directory 'C:/Envision_Repo/Envision/VREnvision/Content/Developers/nconn/Collections/' took 0.00s
[2021.02.27-23.19.44:074][  0]LogFileCache: Scanning file cache for directory 'C:/Envision_Repo/Envision/VREnvision/Content/Collections/' took 0.00s
[2021.02.27-23.19.44:074][  0]LogContentBrowser: Native class hierarchy populated in 0.0107 seconds. Added 3447 classes and 833 folders.
[2021.02.27-23.19.44:079][  0]LogContentBrowser: Native class hierarchy updated for 'WidgetCarousel' in 0.0003 seconds. Added 0 classes and 0 folders.
[2021.02.27-23.19.44:530][  0]LogContentBrowser: Native class hierarchy updated for 'AddContentDialog' in 0.0003 seconds. Added 0 classes and 0 folders.
[2021.02.27-23.19.44:533][  0]LogContentBrowser: Native class hierarchy updated for 'SceneOutliner' in 0.0004 seconds. Added 2 classes and 0 folders.
[2021.02.27-23.19.44:637][  0]LogSlate: Took 0.008898 seconds to synchronously load lazily loaded font '../../../Engine/Content/Slate/Fonts/Roboto-Bold.ttf' (160K)
[2021.02.27-23.19.44:649][  0]LogSlate: Took 0.008182 seconds to synchronously load lazily loaded font '../../../Engine/Content/Editor/Slate/Fonts/FontAwesome.ttf' (139K)
[2021.02.27-23.19.44:744][  0]LogRenderer: Reallocating scene render targets to support 1208x560 Format 26 NumSamples 1 (Frame:1).
[2021.02.27-23.19.44:977][  0]LogContentBrowser: Native class hierarchy updated for 'HierarchicalLODOutliner' in 0.0003 seconds. Added 0 classes and 0 folders.
[2021.02.27-23.19.44:977][  0]LogLoad: (Engine Initialization) Total time: 64.77 seconds
[2021.02.27-23.19.44:978][  0]LogLoad: (Engine Initialization) Total Blueprint compile time: 0.00 seconds
[2021.02.27-23.19.45:026][  0]LogAssetRegistry: Asset discovery search completed in 47.1282 seconds
[2021.02.27-23.19.45:030][  0]LogCollectionManager: Fixed up redirectors for 0 collections in 0.000002 seconds (updated 0 objects)
[2021.02.27-23.19.45:041][  0]LogContentStreaming: Texture pool size now 1000 MB
[2021.02.27-23.19.45:129][  0]LogSlate: Took 0.005689 seconds to synchronously load lazily loaded font '../../../Engine/Content/Slate/Fonts/Roboto-Light.ttf' (167K)
[2021.02.27-23.19.45:143][  0]LogSlate: Took 0.009742 seconds to synchronously load lazily loaded font '../../../Engine/Content/Slate/Fonts/DroidSansMono.ttf' (77K)
[2021.02.27-23.19.47:184][226]LogSlate: Window 'Message Log' being destroyed
[2021.02.27-23.19.47:188][226]LogSlate: Window 'Message Log' being destroyed
[2021.02.27-23.19.55:058][133]LogSlate: Took 0.000181 seconds to synchronously load lazily loaded font '../../../Engine/Content/Slate/Fonts/Roboto-Light.ttf' (167K)
[2021.02.27-23.19.55:606][133]LogLinker: Warning: While loading '../../../../../Envision_Repo/Envision/VREnvision/Content/Geometry/Environment/Windows/Wall15_StaticMesh.uasset' failed to load '/Game/ArchVis/DemoAssets/Materials/M_WallPainInterior_MAT_Inst': Can't find file.
[2021.02.27-23.19.55:607][133]LogLinker: Warning: While loading '../../../../../Envision_Repo/Envision/VREnvision/Content/Geometry/Environment/Windows/Wall15_StaticMesh.uasset' failed to load '/Game/ArchVis/DemoAssets/Materials/M_WallPainInterior_MAT_Inst': Can't find file.
[2021.02.27-23.19.55:607][133]LogLinker: Warning: While loading '../../../../../Envision_Repo/Envision/VREnvision/Content/Geometry/Environment/Windows/Wall15_StaticMesh.uasset' failed to load '/Game/ArchVis/DemoAssets/Materials/M_WallPainInterior_MAT_Inst': Can't find file.
[2021.02.27-23.19.55:607][133]LogLinker: Warning: While loading '../../../../../Envision_Repo/Envision/VREnvision/Content/Geometry/Environment/Windows/Wall15_StaticMesh.uasset' failed to load '/Game/ArchVis/DemoAssets/Materials/M_WallPainInterior_MAT_Inst': Can't find file.
[2021.02.27-23.19.55:648][133]LogLinker: Warning: While loading '../../../../../Envision_Repo/Envision/VREnvision/Content/Geometry/Meshes/Dining_StaticMesh.uasset' failed to load '/Game/ArchVis/DemoAssets/Materials/M_WoodFloor_MAT_Inst': Can't find file.
[2021.02.27-23.19.55:649][133]LogLinker: Warning: While loading '../../../../../Envision_Repo/Envision/VREnvision/Content/Geometry/Meshes/Dining_StaticMesh.uasset' failed to load '/Game/ArchVis/DemoAssets/Materials/M_WoodFloor_MAT_Inst': Can't find file.
[2021.02.27-23.19.55:649][133]LogLinker: Warning: While loading '../../../../../Envision_Repo/Envision/VREnvision/Content/Geometry/Meshes/Dining_StaticMesh.uasset' failed to load '/Game/ArchVis/DemoAssets/Materials/M_WoodFloor_MAT_Inst': Can't find file.
[2021.02.27-23.19.55:649][133]LogLinker: Warning: While loading '../../../../../Envision_Repo/Envision/VREnvision/Content/Geometry/Meshes/Dining_StaticMesh.uasset' failed to load '/Game/ArchVis/DemoAssets/Materials/M_WoodFloor_MAT_Inst': Can't find file.
[2021.02.27-23.19.55:962][133]LogLinker: Warning: While loading '../../../../../Envision_Repo/Envision/VREnvision/Content/Geometry/Meshes/Dining_StaticMesh.uasset' failed to load '/Game/ArchVis/DemoAssets/Materials/M_WoodFloor_MAT_Inst': Can't find file.
[2021.02.27-23.19.55:962][133]LoadErrors: Failed to load /Game/ArchVis/DemoAssets/Materials/M_WoodFloor_MAT_Inst.M_WoodFloor_MAT_Inst Referenced by Dining_StaticMesh
[2021.02.27-23.19.55:963][133]LogLinker: Warning: While loading '../../../../../Envision_Repo/Envision/VREnvision/Content/Geometry/Meshes/Dining_StaticMesh.uasset' failed to load '/Game/ArchVis/DemoAssets/Materials/M_WoodFloor_MAT_Inst': Can't find file.
[2021.02.27-23.19.55:963][133]LogLinker: Warning: While loading '../../../../../Envision_Repo/Envision/VREnvision/Content/Geometry/Meshes/Dining_StaticMesh.uasset' failed to load '/Game/ArchVis/DemoAssets/Materials/M_WoodFloor_MAT_Inst': Can't find file.
[2021.02.27-23.19.55:963][133]LogLinker: Warning: While loading '../../../../../Envision_Repo/Envision/VREnvision/Content/Geometry/Meshes/Dining_StaticMesh.uasset' failed to load '/Game/ArchVis/DemoAssets/Materials/M_WoodFloor_MAT_Inst': Can't find file.
[2021.02.27-23.19.55:975][133]LogLinker: Warning: While loading '../../../../../Envision_Repo/Envision/VREnvision/Content/Geometry/Environment/Windows/Wall15_StaticMesh.uasset' failed to load '/Game/ArchVis/DemoAssets/Materials/M_WallPainInterior_MAT_Inst': Can't find file.
[2021.02.27-23.19.55:976][133]LoadErrors: Failed to load /Game/ArchVis/DemoAssets/Materials/M_WallPainInterior_MAT_Inst.M_WallPainInterior_MAT_Inst Referenced by Wall15_StaticMesh
[2021.02.27-23.19.55:976][133]LogLinker: Warning: While loading '../../../../../Envision_Repo/Envision/VREnvision/Content/Geometry/Environment/Windows/Wall15_StaticMesh.uasset' failed to load '/Game/ArchVis/DemoAssets/Materials/M_WallPainInterior_MAT_Inst': Can't find file.
[2021.02.27-23.19.55:977][133]LogLinker: Warning: While loading '../../../../../Envision_Repo/Envision/VREnvision/Content/Geometry/Environment/Windows/Wall15_StaticMesh.uasset' failed to load '/Game/ArchVis/DemoAssets/Materials/M_WallPainInterior_MAT_Inst': Can't find file.
[2021.02.27-23.19.55:977][133]LogLinker: Warning: While loading '../../../../../Envision_Repo/Envision/VREnvision/Content/Geometry/Environment/Windows/Wall15_StaticMesh.uasset' failed to load '/Game/ArchVis/DemoAssets/Materials/M_WallPainInterior_MAT_Inst': Can't find file.
[2021.02.27-23.20.02:063][133]LogStaticMesh: Building static mesh Sofa_Luca_Temp...
[2021.02.27-23.20.06:604][133]LogStaticMesh: Built static mesh [4.54s] /Game/Geometry/Furniture/Seating/Luca_Collection/Sofa_Luca_Temp.Sofa_Luca_Temp
[2021.02.27-23.20.11:382][133]LogAssetEditorSubsystem: Opening Asset editor for World /Game/VirtualRealityBP/Testing/Maps/GrayBox002.GrayBox002
[2021.02.27-23.20.11:407][133]LogUObjectHash: Compacting FUObjectHashTables data took   1.94ms
[2021.02.27-23.20.11:409][133]Cmd: MAP LOAD FILE="../../../../../Envision_Repo/Envision/VREnvision/Content/VirtualRealityBP/Testing/Maps/GrayBox002.umap" TEMPLATE=0 SHOWPROGRESS=1 FEATURELEVEL=3
[2021.02.27-23.20.11:410][133]LightingResults: New page: Lighting Build
[2021.02.27-23.20.11:410][133]LoadErrors: New page: Loading map: GrayBox002.umap
[2021.02.27-23.20.11:443][133]LogWorld: UWorld::CleanupWorld for StartupMap, bSessionEnded=true, bCleanupResources=true
[2021.02.27-23.20.11:443][133]LogSlate: InvalidateAllWidgets triggered.  All widgets were invalidated
[2021.02.27-23.20.11:443][133]MapCheck: New page: Map Check
[2021.02.27-23.20.11:443][133]LightingResults: New page: Lighting Build
[2021.02.27-23.20.11:459][133]LogAISub: UAISubsystem::~UAISubsystem EnvQueryManager (0000029AD5B53E00), frame # 1133
[2021.02.27-23.20.11:459][133]LogAISub: UAISubsystem::~UAISubsystem AIPerceptionSystem (0000029AF5411D00), frame # 1133
[2021.02.27-23.20.11:461][133]LogUObjectHash: Compacting FUObjectHashTables data took   1.72ms
[2021.02.27-23.20.27:583][133]LogEditorServer: Finished looking for orphan Actors (0.000 secs)
[2021.02.27-23.20.27:583][133]LogAIModule: Creating AISystem for world GrayBox002
[2021.02.27-23.20.27:583][133]LogAISub: UAISubsystem::UAISubsystem EnvQueryManager (0000029B463F8C00), frame # 1133
[2021.02.27-23.20.27:583][133]LogAISub: UAISubsystem::UAISubsystem AIPerceptionSystem (0000029AD7CC6980), frame # 1133
[2021.02.27-23.20.27:670][133]LogUObjectHash: Compacting FUObjectHashTables data took   1.12ms
[2021.02.27-23.20.27:716][133]Cmd: MAP CHECKDEP NOCLEARLOG
[2021.02.27-23.20.27:717][133]MapCheck: Map check complete: 0 Error(s), 0 Warning(s), took 0.171ms to complete.
[2021.02.27-23.20.27:717][133]LogFileHelpers: Loading map 'GrayBox002' took 16.307
[2021.02.28-00.13.31:302][709]LogEditorViewport: Clicking on Actor (LMB): StaticMeshActor (Ceiling_StaticMesh)
[2021.02.28-00.16.40:530][802]Cmd: DELETE
[2021.02.28-00.16.40:530][802]Cmd: ACTOR DELETE
[2021.02.28-00.16.40:576][802]LogEditorActor: Deleted Actor: Brush
[2021.02.28-00.16.40:581][802]LogEditorActor: Deleted Actor: Brush
[2021.02.28-00.16.40:582][802]LogEditorActor: Deleted Actor: Brush
[2021.02.28-00.16.40:597][802]LogUObjectHash: Compacting FUObjectHashTables data took   1.02ms
[2021.02.28-00.16.40:651][802]LogEditorActor: Deleted 3 Actors (0.121 secs)
[2021.02.28-00.16.47:710][429]Cmd: CAMERA ALIGN ACTIVEVIEWPORTONLY
[2021.02.28-00.16.51:759][868]LogEditorViewport: Clicking on Actor (LMB): StaticMeshActor (Dining_StaticMesh)
[2021.02.28-00.16.54:567][159]Cmd: DELETE
[2021.02.28-00.16.54:567][159]Cmd: ACTOR DELETE
[2021.02.28-00.16.54:607][159]LogEditorActor: Deleted Actor: StaticMeshActor
[2021.02.28-00.16.54:609][159]LogEditorActor: Deleted Actor: Brush
[2021.02.28-00.16.54:609][159]LogEditorActor: Deleted Actor: Brush
[2021.02.28-00.16.54:626][159]LogUObjectHash: Compacting FUObjectHashTables data took   0.95ms
[2021.02.28-00.16.54:669][159]LogEditorActor: Deleted 3 Actors (0.103 secs)
[2021.02.28-00.17.01:616][961]Cmd: CAMERA ALIGN ACTIVEVIEWPORTONLY
[2021.02.28-00.17.13:300][132]Cmd: TRANSACTION UNDO
[2021.02.28-00.17.13:300][132]LogEditorTransaction: Undo Move Actors
[2021.02.28-00.17.13:865][145]Cmd: TRANSACTION UNDO
[2021.02.28-00.17.13:865][145]LogEditorTransaction: Undo Move Actors
[2021.02.28-00.17.18:206][520]Cmd: DELETE
[2021.02.28-00.17.18:207][520]Cmd: ACTOR DELETE
[2021.02.28-00.17.18:242][520]LogEditorActor: Deleted Actor: Brush
[2021.02.28-00.17.18:242][520]LogEditorActor: Deleted Actor: Brush
[2021.02.28-00.17.18:258][520]LogUObjectHash: Compacting FUObjectHashTables data took   1.11ms
[2021.02.28-00.17.18:299][520]LogEditorActor: Deleted 2 Actors (0.092 secs)
[2021.02.28-00.17.46:287][893]LogUObjectHash: Compacting FUObjectHashTables data took   1.26ms
[2021.02.28-00.17.48:065][893]LogSavePackage: Moving '../../../../../Envision_Repo/Envision/VREnvision/Saved/GrayBox002_Auto1492F7B584186CB88650F65B09F021C24.tmp' to '../../../../../Envision_Repo/Envision/VREnvision/Saved/Autosaves/Game/VirtualRealityBP/Testing/Maps/GrayBox002_Auto1.umap'
[2021.02.28-00.17.48:067][893]LogFileManager: Warning: MoveFile was unable to move '../../../../../Envision_Repo/Envision/VREnvision/Saved/GrayBox002_Auto1492F7B584186CB88650F65B09F021C24.tmp' to '../../../../../Envision_Repo/Envision/VREnvision/Saved/Autosaves/Game/VirtualRealityBP/Testing/Maps/GrayBox002_Auto1.umap' (Error Code 32), retrying in .5s...
[2021.02.28-00.17.48:568][893]LogFileManager: Warning: MoveFile recovered during retry!
[2021.02.28-00.17.48:577][893]LogFileHelpers: Editor autosave (incl. sublevels) for '/Game/VirtualRealityBP/Testing/Maps/GrayBox002' took 2.305
[2021.02.28-00.17.48:577][893]LogFileHelpers: Editor autosave (incl. sublevels) for all levels took 2.305
[2021.02.28-00.20.57:130][950]Cmd: CAMERA ALIGN ACTIVEVIEWPORTONLY
[2021.02.28-00.21.14:733][946]Cmd: CAMERA ALIGN ACTIVEVIEWPORTONLY
[2021.02.28-00.21.42:237][793]Cmd: BRUSH ADD SELECTNEWBRUSH
[2021.02.28-00.22.45:922][845]LogEditorViewport: Clicking on Actor (LMB): Landscape (Landscape)
[2021.02.28-00.22.47:343][  7]Cmd: TRANSACTION UNDO
[2021.02.28-00.22.47:343][  7]LogEditorTransaction: Undo Clicking on Actors
[2021.02.28-00.22.48:045][ 45]LogEditorViewport: Clicking on Actor (LMB): Landscape (Landscape)
[2021.02.28-00.22.48:590][104]Cmd: TRANSACTION UNDO
[2021.02.28-00.22.48:590][104]LogEditorTransaction: Undo Clicking on Actors
[2021.02.28-00.22.51:492][431]LogSlate: Took 0.000256 seconds to synchronously load lazily loaded font '../../../Engine/Content/Slate/Fonts/Roboto-Italic.ttf' (157K)
[2021.02.28-00.23.19:858][550]LogGeometryMode: Warning: Unable to find Glass_Panel_10 Brush(s) in new BSP
[2021.02.28-00.23.19:858][550]LogGeometryMode: Warning: Unable to find all previously selected geometry data, resetting selection
[2021.02.28-00.23.21:103][684]Cmd: TRANSACTION UNDO
[2021.02.28-00.23.21:103][684]LogEditorTransaction: Undo Move Actors
[2021.02.28-00.23.23:859][955]Cmd: TRANSACTION UNDO
[2021.02.28-00.23.23:859][955]LogEditorTransaction: Undo Move Actors
[2021.02.28-00.23.23:924][955]LogGeometryMode: Warning: Unable to find 1 Poly(s) in new BSP
[2021.02.28-00.23.23:924][955]LogGeometryMode: Warning: Unable to resolve BoxBrush3 Brush in new BSP, see above
[2021.02.28-00.23.23:924][955]LogGeometryMode: Warning: Unable to find all previously selected geometry data, resetting selection
[2021.02.28-00.23.42:111][916]Cmd: TRANSACTION UNDO
[2021.02.28-00.23.42:111][916]LogEditorTransaction: Undo Move Actors
[2021.02.28-00.23.42:170][916]LogGeometryMode: Warning: Unable to find 1 Poly(s) in new BSP
[2021.02.28-00.23.42:170][916]LogGeometryMode: Warning: Unable to resolve BoxBrush3 Brush in new BSP, see above
[2021.02.28-00.23.42:170][916]LogGeometryMode: Warning: Unable to find all previously selected geometry data, resetting selection
[2021.02.28-00.25.25:575][977]Cmd: TRANSACTION UNDO
[2021.02.28-00.25.25:575][977]LogEditorTransaction: Undo Move World Outliner Items
[2021.02.28-00.26.53:827][292]Cmd: BRUSH ADD SELECTNEWBRUSH
[2021.02.28-00.27.38:329][203]Cmd: EDIT COPY
[2021.02.28-00.27.38:562][228]Cmd: EDIT PASTE
[2021.02.28-00.28.05:631][ 70]LogGeometryMode: Warning: Unable to find BoxBrush4 Brush(s) in new BSP
[2021.02.28-00.28.05:632][ 70]LogGeometryMode: Warning: Unable to find all previously selected geometry data, resetting selection
[2021.02.28-00.28.06:712][185]Cmd: EDIT COPY
[2021.02.28-00.28.06:932][209]Cmd: EDIT PASTE
[2021.02.28-00.28.29:372][531]Cmd: TRANSACTION UNDO
[2021.02.28-00.28.29:372][531]LogEditorTransaction: Undo Modifier [Edit]
[2021.02.28-00.28.34:840][112]Cmd: TRANSACTION UNDO
[2021.02.28-00.28.34:840][112]LogEditorTransaction: Undo Modifier [Edit]
[2021.02.28-00.28.46:755][332]Cmd: BRUSH ADD SELECTNEWBRUSH
[2021.02.28-00.28.54:138][ 70]LogGeometryMode: Warning: Unable to find BoxBrush6 Brush(s) in new BSP
[2021.02.28-00.28.54:138][ 70]LogGeometryMode: Warning: Unable to find all previously selected geometry data, resetting selection
[2021.02.28-00.29.32:032][916]Cmd: BRUSH ADD SELECTNEWBRUSH
[2021.02.28-00.29.32:058][916]LogGeometryMode: Warning: Unable to find BoxBrush8 Brush(s) in new BSP
[2021.02.28-00.29.32:058][916]LogGeometryMode: Warning: Unable to find all previously selected geometry data, resetting selection
[2021.02.28-00.29.37:005][447]LogGeometryMode: Warning: Unable to find BoxBrush7 Brush(s) in new BSP
[2021.02.28-00.29.37:005][447]LogGeometryMode: Warning: Unable to find all previously selected geometry data, resetting selection
[2021.02.28-00.29.49:555][783]Cmd: TRANSACTION UNDO
[2021.02.28-00.29.49:555][783]LogEditorTransaction: Undo Select Brush Surface
[2021.02.28-00.30.18:468][786]Cmd: BRUSH ADD SELECTNEWBRUSH
[2021.02.28-00.30.18:495][786]LogGeometryMode: Warning: Unable to find BoxBrush9 Brush(s) in new BSP
[2021.02.28-00.30.18:495][786]LogGeometryMode: Warning: Unable to find all previously selected geometry data, resetting selection
[2021.02.28-00.30.52:893][394]LogGeometryMode: Warning: Unable to find BoxBrush6 Brush(s) in new BSP
[2021.02.28-00.30.52:893][394]LogGeometryMode: Warning: Unable to find all previously selected geometry data, resetting selection
[2021.02.28-00.31.18:586][ 56]LogSlate: Window 'Select Path' being destroyed
[2021.02.28-00.31.18:674][ 56]LogStaticMesh: Building static mesh Floor_01...
[2021.02.28-00.31.18:683][ 56]LogStaticMesh: Built static mesh [0.01s] /Game/Geometry/Environment/Floor_01.Floor_01
[2021.02.28-00.31.18:683][ 56]LogStaticMesh: Warning: Floor_01 has some nearly zero tangents which can create some issues. (Tolerance of 1E-4)
[2021.02.28-00.31.18:683][ 56]LogStaticMesh: Warning: Floor_01 has some nearly zero bi-normals which can create some issues. (Tolerance of 1E-4)
[2021.02.28-00.31.18:688][ 56]LogActorFactory: Actor Factory created Floor_01
[2021.02.28-00.31.18:751][ 56]LogEditor: Error: Actor 'Brush /Game/VirtualRealityBP/Testing/Maps/GrayBox002.GrayBox002:PersistentLevel.BoxBrush4' is marked pending kill and cannot be converted
[2021.02.28-00.31.18:751][ 56]LogEditor: Error: Actor 'Brush /Game/VirtualRealityBP/Testing/Maps/GrayBox002.GrayBox002:PersistentLevel.BoxBrush5' is marked pending kill and cannot be converted
[2021.02.28-00.31.18:751][ 56]LogEditor: Error: Actor 'Brush /Game/VirtualRealityBP/Testing/Maps/GrayBox002.GrayBox002:PersistentLevel.BoxBrush6' is marked pending kill and cannot be converted
[2021.02.28-00.31.18:751][ 56]LogEditor: Error: Actor 'Brush /Game/VirtualRealityBP/Testing/Maps/GrayBox002.GrayBox002:PersistentLevel.BoxBrush7' is marked pending kill and cannot be converted
[2021.02.28-00.31.18:751][ 56]LogEditor: Error: Actor 'Brush /Game/VirtualRealityBP/Testing/Maps/GrayBox002.GrayBox002:PersistentLevel.BoxBrush8' is marked pending kill and cannot be converted
[2021.02.28-00.31.18:751][ 56]LogEditor: Error: Actor 'Brush /Game/VirtualRealityBP/Testing/Maps/GrayBox002.GrayBox002:PersistentLevel.BoxBrush9' is marked pending kill and cannot be converted
[2021.02.28-00.31.18:751][ 56]LogEditor: Error: Actor 'Brush /Game/VirtualRealityBP/Testing/Maps/GrayBox002.GrayBox002:PersistentLevel.BoxBrush2' is marked pending kill and cannot be converted
[2021.02.28-00.31.18:751][ 56]LogEditor: Error: Actor 'Brush /Game/VirtualRealityBP/Testing/Maps/GrayBox002.GrayBox002:PersistentLevel.BoxBrush3' is marked pending kill and cannot be converted
[2021.02.28-00.31.18:751][ 56]LogEditor: Error: Actor 'Brush /Game/VirtualRealityBP/Testing/Maps/GrayBox002.GrayBox002:PersistentLevel.Floor_Base' is marked pending kill and cannot be converted
[2021.02.28-00.31.18:751][ 56]EditorErrors: New page: Actor Reattachment
[2021.02.28-00.31.18:803][ 56]LogUObjectHash: Compacting FUObjectHashTables data took   1.73ms
[2021.02.28-00.31.35:819][945]LogEditorViewport: Clicking on Actor (LMB): Landscape (Landscape)
[2021.02.28-00.31.52:205][839]Cmd: TRANSACTION UNDO
[2021.02.28-00.31.52:205][839]LogEditorTransaction: Undo Modifier [Edit]
[2021.02.28-00.31.52:206][839]LogGeometryMode: Warning: Unable to find Cutout1 Brush(s) in new BSP
[2021.02.28-00.31.52:206][839]LogGeometryMode: Warning: Unable to find all previously selected geometry data, resetting selection
[2021.02.28-00.31.52:517][849]Cmd: TRANSACTION UNDO
[2021.02.28-00.31.52:518][849]LogEditorTransaction: Undo Clicking on Actors
[2021.02.28-00.31.52:901][877]Cmd: TRANSACTION UNDO
[2021.02.28-00.31.52:901][877]LogEditorTransaction: Undo Clicking on Actors
[2021.02.28-00.31.53:325][926]Cmd: TRANSACTION UNDO
[2021.02.28-00.31.53:325][926]LogEditorTransaction: Undo Clicking on Actors
[2021.02.28-00.31.55:535][187]Cmd: TRANSACTION UNDO
[2021.02.28-00.31.55:535][187]LogEditorTransaction: Undo Clicking on Actors
[2021.02.28-00.31.55:975][236]Cmd: TRANSACTION UNDO
[2021.02.28-00.31.55:975][236]LogEditorTransaction: Undo Clicking on Actors
[2021.02.28-00.31.56:525][284]Cmd: TRANSACTION UNDO
[2021.02.28-00.31.56:525][284]LogEditorTransaction: Undo Clicking on Actors
[2021.02.28-00.31.57:152][349]Cmd: TRANSACTION UNDO
[2021.02.28-00.31.57:152][349]LogEditorTransaction: Undo Clicking on Actors
[2021.02.28-00.31.57:515][390]Cmd: TRANSACTION UNDO
[2021.02.28-00.31.57:515][390]LogEditorTransaction: Undo Clicking on Actors
[2021.02.28-00.31.57:804][422]Cmd: TRANSACTION UNDO
[2021.02.28-00.31.57:805][422]LogEditorTransaction: Undo Clicking on Actors
[2021.02.28-00.31.58:127][458]Cmd: TRANSACTION UNDO
[2021.02.28-00.31.58:127][458]LogEditorTransaction: Undo Clicking on Actors
[2021.02.28-00.31.59:459][616]Cmd: TRANSACTION UNDO
[2021.02.28-00.31.59:459][616]LogEditorTransaction: Undo Clicking on Actors
[2021.02.28-00.31.59:879][664]Cmd: TRANSACTION UNDO
[2021.02.28-00.31.59:879][664]LogEditorTransaction: Undo Clicking on Actors
[2021.02.28-00.32.00:225][703]Cmd: TRANSACTION UNDO
[2021.02.28-00.32.00:225][703]LogEditorTransaction: Undo Clicking on Actors
[2021.02.28-00.32.00:471][730]Cmd: TRANSACTION UNDO
[2021.02.28-00.32.00:471][730]LogEditorTransaction: Undo Clicking on Actors
[2021.02.28-00.32.00:673][750]Cmd: TRANSACTION UNDO
[2021.02.28-00.32.00:673][750]LogEditorTransaction: Undo Convert Actors
[2021.02.28-00.32.18:989][659]LogSlate: Window 'Select Path' being destroyed
[2021.02.28-00.32.19:093][659]LogStaticMesh: Building static mesh Floor_Base_StaticMesh...
[2021.02.28-00.32.19:102][659]LogStaticMesh: Built static mesh [0.01s] /Game/Geometry/Environment/Floors/Floor_Base_StaticMesh.Floor_Base_StaticMesh
[2021.02.28-00.32.19:102][659]LogStaticMesh: Warning: Floor_Base_StaticMesh has some nearly zero tangents which can create some issues. (Tolerance of 1E-4)
[2021.02.28-00.32.19:102][659]LogStaticMesh: Warning: Floor_Base_StaticMesh has some nearly zero bi-normals which can create some issues. (Tolerance of 1E-4)
[2021.02.28-00.32.19:107][659]LogActorFactory: Actor Factory created Floor_Base_StaticMesh
[2021.02.28-00.32.19:165][659]LogEditor: Error: Actor 'Brush /Game/VirtualRealityBP/Testing/Maps/GrayBox002.GrayBox002:PersistentLevel.Floor_Base' is marked pending kill and cannot be converted
[2021.02.28-00.32.19:165][659]LogEditor: Error: Actor 'Brush /Game/VirtualRealityBP/Testing/Maps/GrayBox002.GrayBox002:PersistentLevel.BoxBrush2' is marked pending kill and cannot be converted
[2021.02.28-00.32.19:165][659]LogEditor: Error: Actor 'Brush /Game/VirtualRealityBP/Testing/Maps/GrayBox002.GrayBox002:PersistentLevel.BoxBrush3' is marked pending kill and cannot be converted
[2021.02.28-00.32.19:165][659]LogEditor: Error: Actor 'Brush /Game/VirtualRealityBP/Testing/Maps/GrayBox002.GrayBox002:PersistentLevel.BoxBrush4' is marked pending kill and cannot be converted
[2021.02.28-00.32.19:165][659]LogEditor: Error: Actor 'Brush /Game/VirtualRealityBP/Testing/Maps/GrayBox002.GrayBox002:PersistentLevel.BoxBrush5' is marked pending kill and cannot be converted
[2021.02.28-00.32.19:165][659]LogEditor: Error: Actor 'Brush /Game/VirtualRealityBP/Testing/Maps/GrayBox002.GrayBox002:PersistentLevel.BoxBrush6' is marked pending kill and cannot be converted
[2021.02.28-00.32.19:165][659]LogEditor: Error: Actor 'Brush /Game/VirtualRealityBP/Testing/Maps/GrayBox002.GrayBox002:PersistentLevel.BoxBrush7' is marked pending kill and cannot be converted
[2021.02.28-00.32.19:165][659]LogEditor: Error: Actor 'Brush /Game/VirtualRealityBP/Testing/Maps/GrayBox002.GrayBox002:PersistentLevel.BoxBrush8' is marked pending kill and cannot be converted
[2021.02.28-00.32.19:165][659]LogEditor: Error: Actor 'Brush /Game/VirtualRealityBP/Testing/Maps/GrayBox002.GrayBox002:PersistentLevel.BoxBrush9' is marked pending kill and cannot be converted
[2021.02.28-00.32.19:165][659]LogEditor: Error: Actor 'Brush /Game/VirtualRealityBP/Testing/Maps/GrayBox002.GrayBox002:PersistentLevel.Cutout1' is marked pending kill and cannot be converted
[2021.02.28-00.32.19:165][659]LogEditor: Error: Actor 'Brush /Game/VirtualRealityBP/Testing/Maps/GrayBox002.GrayBox002:PersistentLevel.Cutout2' is marked pending kill and cannot be converted
[2021.02.28-00.32.19:165][659]EditorErrors: New page: Actor Reattachment
[2021.02.28-00.32.19:188][659]LogUObjectHash: Compacting FUObjectHashTables data took   1.32ms
[2021.02.28-00.32.38:619][855]Cmd: DELETE
[2021.02.28-00.32.38:676][855]Cmd: ACTOR DELETE
[2021.02.28-00.32.38:712][855]LogEditorActor: Deleted Actor: Brush
[2021.02.28-00.32.38:735][855]LogUObjectHash: Compacting FUObjectHashTables data took   0.40ms
[2021.02.28-00.32.38:772][855]LogEditorActor: Deleted 1 Actors (0.096 secs)
[2021.02.28-00.32.39:848][981]Cmd: TRANSACTION UNDO
[2021.02.28-00.32.39:848][981]LogEditorTransaction: Undo Delete Actors
[2021.02.28-00.32.53:439][464]Cmd: DELETE
[2021.02.28-00.32.53:497][464]Cmd: ACTOR DELETE
[2021.02.28-00.32.53:533][464]LogEditorActor: Deleted Actor: Brush
[2021.02.28-00.32.53:556][464]LogUObjectHash: Compacting FUObjectHashTables data took   1.42ms
[2021.02.28-00.32.53:590][464]LogEditorActor: Deleted 1 Actors (0.094 secs)
[2021.02.28-00.32.54:123][525]Cmd: TRANSACTION UNDO
[2021.02.28-00.32.54:123][525]LogEditorTransaction: Undo Delete Actors
[2021.02.28-00.32.57:147][833]LogEditorViewport: Clicking on Actor (double click): Brush (Wall28)
[2021.02.28-00.33.05:724][791]Cmd: DELETE
[2021.02.28-00.33.05:783][791]Cmd: ACTOR DELETE
[2021.02.28-00.33.05:825][791]LogEditorActor: Deleted Actor: Brush
[2021.02.28-00.33.05:849][791]LogUObjectHash: Compacting FUObjectHashTables data took   1.35ms
[2021.02.28-00.33.05:885][791]LogEditorActor: Deleted 1 Actors (0.102 secs)
[2021.02.28-00.33.06:435][854]Cmd: TRANSACTION UNDO
[2021.02.28-00.33.06:435][854]LogEditorTransaction: Undo Delete Actors
[2021.02.28-00.33.13:357][567]Cmd: TRANSACTION UNDO
[2021.02.28-00.33.13:357][567]LogEditorTransaction: Undo Modifier [Flip]
[2021.02.28-00.33.47:908][571]LogEditorViewport: Clicking on Actor (LMB): StaticMeshActor (Ceiling_StaticMesh)
[2021.02.28-00.34.06:900][560]Cmd: OBJ SAVEPACKAGE PACKAGE="/Game/Geometry/Environment/Floors/Floor_01" FILE="../../../../../Envision_Repo/Envision/VREnvision/Content/Geometry/Environment/Floors/Floor_01.uasset" SILENT=true
[2021.02.28-00.34.06:916][560]LogSavePackage: Moving '../../../../../Envision_Repo/Envision/VREnvision/Saved/Floor_012524E71E483A12387BDB32823F95811D.tmp' to '../../../../../Envision_Repo/Envision/VREnvision/Content/Geometry/Environment/Floors/Floor_01.uasset'
[2021.02.28-00.34.07:098][560]LogUObjectHash: Compacting FUObjectHashTables data took   1.31ms
[2021.02.28-00.34.07:129][560]LogUObjectHash: Compacting FUObjectHashTables data took   1.11ms
[2021.02.28-00.34.07:150][560]LogUObjectHash: Compacting FUObjectHashTables data took   0.40ms
[2021.02.28-00.34.07:298][560]AssetCheck: New page: Asset Save: Floor_01
[2021.02.28-00.34.07:298][560]LogContentValidation: Display: Validating StaticMesh /Game/Geometry/Environment/Floors/Floor_01.Floor_01
[2021.02.28-00.34.19:179][683]Cmd: OBJ SAVEPACKAGE PACKAGE="/Game/Geometry/Environment/Floors/Floor_02" FILE="../../../../../Envision_Repo/Envision/VREnvision/Content/Geometry/Environment/Floors/Floor_02.uasset" SILENT=true
[2021.02.28-00.34.19:194][683]LogSavePackage: Moving '../../../../../Envision_Repo/Envision/VREnvision/Saved/Floor_0205F5069B4C4EE62D514BEEB0684FAC32.tmp' to '../../../../../Envision_Repo/Envision/VREnvision/Content/Geometry/Environment/Floors/Floor_02.uasset'
[2021.02.28-00.34.19:498][683]LogUObjectHash: Compacting FUObjectHashTables data took   1.25ms
[2021.02.28-00.34.19:530][683]LogUObjectHash: Compacting FUObjectHashTables data took   1.05ms
[2021.02.28-00.34.19:545][683]LogUObjectHash: Compacting FUObjectHashTables data took   0.36ms
[2021.02.28-00.34.19:706][683]AssetCheck: New page: Asset Save: Floor_02
[2021.02.28-00.34.19:706][683]LogContentValidation: Display: Validating StaticMesh /Game/Geometry/Environment/Floors/Floor_02.Floor_02
[2021.02.28-00.34.26:700][388]LogUObjectHash: Compacting FUObjectHashTables data took   0.37ms
[2021.02.28-00.34.26:737][388]LogUObjectHash: Compacting FUObjectHashTables data took   0.35ms
[2021.02.28-00.34.28:448][388]LogSavePackage: Moving '../../../../../Envision_Repo/Envision/VREnvision/Saved/GrayBox002DFAE04234E5B012654A69A81624ED0EC.tmp' to '../../../../../Envision_Repo/Envision/VREnvision/Content/VirtualRealityBP/Testing/Maps/GrayBox002.umap'
[2021.02.28-00.34.28:504][388]LogFileHelpers: Saving map 'GrayBox002' took 1.783
[2021.02.28-00.34.32:577][388]LogSavePackage: Moving '../../../../../Envision_Repo/Envision/VREnvision/Saved/GrayBox002_BuiltDataAC41F24A4DC9C679EF2232B6BD8F6AAC.tmp' to '../../../../../Envision_Repo/Envision/VREnvision/Content/VirtualRealityBP/Testing/Maps/GrayBox002_BuiltData.uasset'
[2021.02.28-00.34.32:610][388]AssetCheck: New page: Asset Save: multiple assets
[2021.02.28-00.34.32:611][388]LogContentValidation: Display: Validating World /Game/VirtualRealityBP/Testing/Maps/GrayBox002.GrayBox002
[2021.02.28-00.34.32:611][388]LogContentValidation: Display: Validating MapBuildDataRegistry /Game/VirtualRealityBP/Testing/Maps/GrayBox002_BuiltData.GrayBox002_BuiltData
